Log file open, 10/19/17 23:30:09
LogWindows: Failed to load 'aqProf.dll' (GetLastError=126)
LogWindows: File 'aqProf.dll' does not exist
LogWindows: Failed to load 'VSPerf140.dll' (GetLastError=126)
LogWindows: File 'VSPerf140.dll' does not exist
LogWindows: Failed to load 'VtuneApi.dll' (GetLastError=126)
LogWindows: File 'VtuneApi.dll' does not exist
LogWindows: Failed to load 'VtuneApi32e.dll' (GetLastError=126)
LogWindows: File 'VtuneApi32e.dll' does not exist
LogInit: Display: Running engine for game: ThirdPersonProject
LogPlatformFile: Not using cached read wrapper
LogInit: Display: RandInit(-743377965) SRandInit(-743377965).
LogTaskGraph: Started task graph with 5 named threads and 14 total threads with 3 sets of task threads.
LogStats: Stats thread started at 0.171176
LogD3D11RHI: Aftermath initialized
LogPluginManager: Mounting plugin Paper2D
LogPluginManager: Mounting plugin LightPropagationVolume
LogPluginManager: Mounting plugin CodeLiteSourceCodeAccess
LogPluginManager: Mounting plugin GitSourceControl
LogPluginManager: Mounting plugin KDevelopSourceCodeAccess
LogPluginManager: Mounting plugin NullSourceCodeAccess
LogPluginManager: Mounting plugin PerforceSourceControl
LogPluginManager: Mounting plugin SubversionSourceControl
LogPluginManager: Mounting plugin UObjectPlugin
LogPluginManager: Mounting plugin VisualStudioSourceCodeAccess
LogPluginManager: Mounting plugin XCodeSourceCodeAccess
LogPluginManager: Mounting plugin AssetManagerEditor
LogPluginManager: Mounting plugin AudioCapture
LogPluginManager: Mounting plugin FacialAnimation
LogPluginManager: Mounting plugin GameplayTagsEditor
LogPluginManager: Mounting plugin MobileLauncherProfileWizard
LogPluginManager: Mounting plugin PluginBrowser
LogPluginManager: Mounting plugin SpeedTreeImporter
LogPluginManager: Mounting plugin AlembicImporter
LogPluginManager: Mounting plugin CharacterAI
LogPluginManager: Mounting plugin HTML5Networking
LogPluginManager: Mounting plugin AndroidMedia
LogPluginManager: Mounting plugin AvfMedia
LogPluginManager: Mounting plugin MediaPlayerEditor
LogPluginManager: Mounting plugin WmfMedia
LogPluginManager: Mounting plugin TcpMessaging
LogPluginManager: Mounting plugin UdpMessaging
LogPluginManager: Mounting plugin LevelSequenceEditor
LogPluginManager: Mounting plugin MatineeToLevelSequence
LogPluginManager: Mounting plugin OnlineSubsystemGooglePlay
LogPluginManager: Mounting plugin OnlineSubsystemIOS
LogPluginManager: Mounting plugin OnlineSubsystem
LogPluginManager: Mounting plugin OnlineSubsystemNull
LogPluginManager: Mounting plugin OnlineSubsystemUtils
LogPluginManager: Mounting plugin AndroidDeviceProfileSelector
LogPluginManager: Mounting plugin AndroidMoviePlayer
LogPluginManager: Mounting plugin AndroidPermission
LogPluginManager: Mounting plugin AppleMoviePlayer
LogPluginManager: Mounting plugin ArchVisCharacter
LogPluginManager: Mounting plugin CableComponent
LogPluginManager: Mounting plugin CustomMeshComponent
LogPluginManager: Mounting plugin ExampleDeviceProfileSelector
LogPluginManager: Mounting plugin GoogleCloudMessaging
LogPluginManager: Mounting plugin ImmediatePhysics
LogPluginManager: Mounting plugin IOSDeviceProfileSelector
LogPluginManager: Mounting plugin LinuxDeviceProfileSelector
LogPluginManager: Mounting plugin LocationServicesBPLibrary
LogPluginManager: Mounting plugin MobilePatchingUtils
LogPluginManager: Mounting plugin OculusVR
LogPluginManager: Mounting plugin PhysXVehicles
LogPluginManager: Mounting plugin ProceduralMeshComponent
LogPluginManager: Mounting plugin RuntimePhysXCooking
LogPluginManager: Mounting plugin SteamVR
LogPluginManager: Mounting plugin WindowsMoviePlayer
LogInit: Using libcurl 7.47.1
LogInit:  - built for x86_64-pc-win32
LogInit:  - supports SSL with OpenSSL/1.0.2g
LogInit:  - supports HTTP deflate (compression) using libz 1.2.8
LogInit:  - other features:
LogInit:      CURL_VERSION_SSL
LogInit:      CURL_VERSION_LIBZ
LogInit:      CURL_VERSION_IPV6
LogInit:      CURL_VERSION_ASYNCHDNS
LogInit:      CURL_VERSION_LARGEFILE
LogInit:      CURL_VERSION_IDN
LogInit:  CurlRequestOptions (configurable via config and command line):
LogInit:  - bVerifyPeer = false  - Libcurl will NOT verify peer certificate
LogInit:  - bUseHttpProxy = false  - Libcurl will NOT use HTTP proxy
LogInit:  - bDontReuseConnections = false  - Libcurl will reuse connections
LogInit:  - CertBundlePath = nullptr  - Libcurl will use whatever was configured at build time.
LogInit: Build: ++UE4+Release-4.17-CL-3658906
LogInit: Engine Version: 4.17.2-3658906+++UE4+Release-4.17
LogInit: Compatible Engine Version: 4.17.0-3573198+++UE4+Release-4.17
LogInit: Net CL: 3573198
LogDevObjectVersion: Number of dev versions registered: 16
LogDevObjectVersion:   Dev-Blueprints (B0D832E4-1F89-4F0D-ACCF-7EB736FD4AA2): 10
LogDevObjectVersion:   Dev-Build (E1C64328-A22C-4D53-A36C-8E866417BD8C): 0
LogDevObjectVersion:   Dev-Core (375EC13C-06E4-48FB-B500-84F0262A717E): 2
LogDevObjectVersion:   Dev-Editor (E4B068ED-F494-42E9-A231-DA0B2E46BB41): 20
LogDevObjectVersion:   Dev-Framework (CFFC743F-43B0-4480-9391-14DF171D2073): 28
LogDevObjectVersion:   Dev-Mobile (B02B49B5-BB20-44E9-A304-32B752E40360): 0
LogDevObjectVersion:   Dev-Networking (A4E4105C-59A1-49B5-A7C5-40C4547EDFEE): 0
LogDevObjectVersion:   Dev-Online (39C831C9-5AE6-47DC-9A44-9C173E1C8E7C): 0
LogDevObjectVersion:   Dev-Physics (78F01B33-EBEA-4F98-B9B4-84EACCB95AA2): 0
LogDevObjectVersion:   Dev-Platform (6631380F-2D4D-43E0-8009-CF276956A95A): 0
LogDevObjectVersion:   Dev-Rendering (12F88B9F-8875-4AFC-A67C-D90C383ABD29): 19
LogDevObjectVersion:   Dev-Sequencer (7B5AE74C-D270-4C10-A958-57980B212A5A): 4
LogDevObjectVersion:   Dev-VR (D7296918-1DD6-4BDD-9DE2-64A83CC13884): 0
LogDevObjectVersion:   Dev-LoadTimes (C2A15278-BFE7-4AFE-6C17-90FF531DF755): 1
LogDevObjectVersion:   Private-Geometry (6EACA3D4-40EC-4CC1-B786-8BED09428FC5): 1
LogDevObjectVersion:   Dev-AnimPhys (29E575DD-E0A3-4627-9D10-D276232CDCEA): 7
LogInit: Compiled (64-bit): Sep 22 2017 13:47:16
LogInit: Compiled with Visual C++: 19.00.24215.01
LogInit: Build Configuration: Development
LogInit: Branch Name: ++UE4+Release-4.17
LogInit: Command line: -EpicPortal 
LogInit: Base directory: C:/Program Files/Epic Games/UE_4.17/Engine/Binaries/Win64/
LogInit: Installed Engine Build: 1
LogInit: Presizing for max 8388607 objects, including 0 objects not considered by GC, pre-allocating 0 bytes for permanent pool.
LogInit: Object subsystem initialized
[2017.10.19-22.30.10:435][  0]LogInit: Selected Device Profile: [Windows]
[2017.10.19-22.30.10:435][  0]LogInit: Applying CVar settings loaded from the selected device profile: [Windows]
[2017.10.19-22.30.10:444][  0]LogInit: Computer: DESKTOP-UTLPHC3
[2017.10.19-22.30.10:444][  0]LogInit: User: Leszek
[2017.10.19-22.30.10:444][  0]LogInit: CPU Page size=4096, Cores=4
[2017.10.19-22.30.10:444][  0]LogInit: High frequency timer resolution =2.742191 MHz
[2017.10.19-22.30.10:445][  0]LogMemory: Memory total: Physical=15.9GB (16GB approx)
[2017.10.19-22.30.10:445][  0]LogMemory: Platform Memory Stats for Windows
[2017.10.19-22.30.10:445][  0]LogMemory: Process Physical Memory: 278.44 MB used, 278.44 MB peak
[2017.10.19-22.30.10:445][  0]LogMemory: Process Virtual Memory: 274.23 MB used, 274.23 MB peak
[2017.10.19-22.30.10:445][  0]LogMemory: Physical Memory: 6589.42 MB used,  9646.52 MB free, 16235.95 MB total
[2017.10.19-22.30.10:445][  0]LogMemory: Virtual Memory: 668.78 MB used,  9646.52 MB free, 134217728.00 MB total
[2017.10.19-22.30.11:576][  0]LogInit: Using OS detected language (en-US).
[2017.10.19-22.30.11:576][  0]LogInit: Using OS detected locale (en-GB).
[2017.10.19-22.30.11:579][  0]LogTextLocalizationManager: No specific localization for 'en-US' exists, so the 'en' localization will be used.
[2017.10.19-22.30.12:317][  0]LogD3D11RHI: D3D11 adapters:
[2017.10.19-22.30.13:200][  0]LogD3D11RHI:    0. 'NVIDIA GeForce GTX 1050' (Feature Level 11_0)
[2017.10.19-22.30.13:200][  0]LogD3D11RHI:       4031/0/8117 MB DedicatedVideo/DedicatedSystem/SharedSystem, Outputs:1, VendorId:0x10de
[2017.10.19-22.30.13:208][  0]LogD3D11RHI:    1. 'Intel(R) HD Graphics 630' (Feature Level 11_0)
[2017.10.19-22.30.13:208][  0]LogD3D11RHI:       128/0/8117 MB DedicatedVideo/DedicatedSystem/SharedSystem, Outputs:0, VendorId:0x8086
[2017.10.19-22.30.13:209][  0]LogD3D11RHI:    2. 'Microsoft Basic Render Driver' (Feature Level 11_0)
[2017.10.19-22.30.13:209][  0]LogD3D11RHI:       0/0/8117 MB DedicatedVideo/DedicatedSystem/SharedSystem, Outputs:0, VendorId:0x1414
[2017.10.19-22.30.13:209][  0]LogD3D11RHI: Chosen D3D11 Adapter: 0
[2017.10.19-22.30.13:218][  0]LogD3D11RHI: Creating new Direct3DDevice
[2017.10.19-22.30.13:218][  0]LogD3D11RHI:     GPU DeviceId: 0x1c8d (for the marketing name, search the web for "GPU Device Id")
[2017.10.19-22.30.13:218][  0]LogWindows: EnumDisplayDevices:
[2017.10.19-22.30.13:219][  0]LogWindows:    0. 'Intel(R) HD Graphics 630' (P:1 D:1)
[2017.10.19-22.30.13:219][  0]LogWindows:    1. 'Intel(R) HD Graphics 630' (P:0 D:0)
[2017.10.19-22.30.13:219][  0]LogWindows:    2. 'Intel(R) HD Graphics 630' (P:0 D:0)
[2017.10.19-22.30.13:219][  0]LogWindows: DebugString: PrimaryIsNotTheChoosenAdapter PrimaryIsNotTheChoosenAdapter PrimaryIsNotTheChoosenAdapter FoundDriverCount:0 
[2017.10.19-22.30.13:219][  0]LogD3D11RHI:     Adapter Name: NVIDIA GeForce GTX 1050
[2017.10.19-22.30.13:219][  0]LogD3D11RHI:   Driver Version: Unknown (internal:Unknown, unified:Unknown)
[2017.10.19-22.30.13:219][  0]LogD3D11RHI:      Driver Date: Unknown
[2017.10.19-22.30.13:219][  0]LogRHI: Texture pool is 1361 MB (70% of 1945 MB)
[2017.10.19-22.30.13:247][  0]LogD3D11RHI: Async texture creation enabled
[2017.10.19-22.30.13:283][  0]LogD3D11RHI: GPU Timing Frequency: 1000.000000 (Debug: 2 1)
[2017.10.19-22.30.13:284][  0]LogShaderCompilers: Guid format shader working directory is -29 characters bigger than the processId version (../../../../../../Users/Leszek/Documents/Unreal Projects/ThirdPersonProject/Intermediate/Shaders/WorkingDirectory/10044/).
[2017.10.19-22.30.13:284][  0]LogShaderCompilers: Cleaned the shader compiler working directory 'C:/Users/Leszek/AppData/Local/Temp/UnrealShaderWorkingDir/80E68CA34D3255178F129CBB57AFF750/'.
[2017.10.19-22.30.13:284][  0]LogShaderCompilers: Display: Using Local Shader Compiler.
[2017.10.19-22.30.14:282][  0]LogTemp: Display: Loaded TP AllDesktopTargetPlatform
[2017.10.19-22.30.14:358][  0]LogTemp: Display: Loaded TP MacClientTargetPlatform
[2017.10.19-22.30.14:432][  0]LogTemp: Display: Loaded TP MacNoEditorTargetPlatform
[2017.10.19-22.30.14:501][  0]LogTemp: Display: Loaded TP MacServerTargetPlatform
[2017.10.19-22.30.14:577][  0]LogTemp: Display: Loaded TP MacTargetPlatform
[2017.10.19-22.30.14:650][  0]LogTemp: Display: Loaded TP WindowsClientTargetPlatform
[2017.10.19-22.30.14:721][  0]LogTemp: Display: Loaded TP WindowsNoEditorTargetPlatform
[2017.10.19-22.30.14:790][  0]LogTemp: Display: Loaded TP WindowsServerTargetPlatform
[2017.10.19-22.30.14:855][  0]LogTemp: Display: Loaded TP WindowsTargetPlatform
[2017.10.19-22.30.14:930][  0]LogTemp: Display: Loaded TP AndroidTargetPlatform
[2017.10.19-22.30.14:998][  0]LogTemp: Display: Loaded TP Android_ASTCTargetPlatform
[2017.10.19-22.30.15:071][  0]LogTemp: Display: Loaded TP Android_ATCTargetPlatform
[2017.10.19-22.30.15:140][  0]LogTemp: Display: Loaded TP Android_DXTTargetPlatform
[2017.10.19-22.30.15:207][  0]LogTemp: Display: Loaded TP Android_ETC1TargetPlatform
[2017.10.19-22.30.15:274][  0]LogTemp: Display: Loaded TP Android_ETC2TargetPlatform
[2017.10.19-22.30.15:427][  0]LogTemp: Display: Loaded TP Android_MultiTargetPlatform
[2017.10.19-22.30.15:427][  0]LogTemp: Display: Loaded TP Android_PVRTCTargetPlatform
[2017.10.19-22.30.15:489][  0]LogTemp: Display: Loaded TP HTML5TargetPlatform
[2017.10.19-22.30.15:617][  0]LogTemp: Display: Loaded TP IOSTargetPlatform
[2017.10.19-22.30.15:658][  0]LogTemp: Display: Loaded TP TVOSTargetPlatform
[2017.10.19-22.30.15:726][  0]LogTemp: Display: Loaded TP LinuxClientTargetPlatform
[2017.10.19-22.30.15:796][  0]LogTemp: Display: Loaded TP LinuxNoEditorTargetPlatform
[2017.10.19-22.30.15:864][  0]LogTemp: Display: Loaded TP LinuxServerTargetPlatform
[2017.10.19-22.30.15:935][  0]LogTemp: Display: Loaded TP LinuxTargetPlatform
[2017.10.19-22.30.15:935][  0]LogTargetPlatformManager: Display: Building Assets For Windows
[2017.10.19-22.30.16:710][  0]LogDerivedDataCache: Display: Max Cache Size: 512 MB
[2017.10.19-22.30.16:808][  0]LogDerivedDataCache: Loaded boot cache 0.10s 93MB C:/Users/Leszek/AppData/Local/UnrealEngine/4.17/DerivedDataCache/Boot.ddc.
[2017.10.19-22.30.16:809][  0]LogDerivedDataCache: Display: Loaded Boot cache: C:/Users/Leszek/AppData/Local/UnrealEngine/4.17/DerivedDataCache/Boot.ddc
[2017.10.19-22.30.16:809][  0]LogDerivedDataCache: FDerivedDataBackendGraph:  Pak pak cache file ../../../../../../Users/Leszek/Documents/Unreal Projects/ThirdPersonProject/DerivedDataCache/DDC.ddp not found, will not use a pak cache.
[2017.10.19-22.30.16:809][  0]LogDerivedDataCache: Unable to find inner node Pak for hierarchical cache Hierarchy.
[2017.10.19-22.30.16:809][  0]LogDerivedDataCache: FDerivedDataBackendGraph:  CompressedPak pak cache file ../../../../../../Users/Leszek/Documents/Unreal Projects/ThirdPersonProject/DerivedDataCache/Compressed.ddp not found, will not use a pak cache.
[2017.10.19-22.30.16:809][  0]LogDerivedDataCache: Unable to find inner node CompressedPak for hierarchical cache Hierarchy.
[2017.10.19-22.30.16:828][  0]LogDerivedDataCache: Display: Pak cache opened for reading ../../../Engine/DerivedDataCache/Compressed.ddp.
[2017.10.19-22.30.16:840][  0]LogDerivedDataCache: Using Local data cache path C:/Users/Leszek/AppData/Local/UnrealEngine/Common/DerivedDataCache: Writable
[2017.10.19-22.30.16:849][  0]LogMaterial: Verifying Global Shaders for PCD3D_SM5
[2017.10.19-22.30.16:850][  0]LogSlate: Using Freetype 2.6.0
[2017.10.19-22.30.16:851][  0]LogSlate: SlateFontCache - WITH_FREETYPE: 1, WITH_HARFBUZZ: 1
[2017.10.19-22.30.16:851][  0]LogSlate: SlateFontCache - WITH_FREETYPE: 1, WITH_HARFBUZZ: 1
[2017.10.19-22.30.17:122][  0]LogAssetRegistry: FAssetRegistry took 0.0265 seconds to start up
[2017.10.19-22.30.17:280][  0]LogInit: Selected Device Profile: [Windows]
[2017.10.19-22.30.17:451][  0]LogContentStreaming: Texture pool size is 0.00 MB
[2017.10.19-22.30.17:878][  0]LogSimplygon: Simplygon DLL not present - disabling.
[2017.10.19-22.30.17:943][  0]LogMeshReduction: Using SimplygonSwarm for distributed automatic mesh merging
[2017.10.19-22.30.17:943][  0]LogMeshReduction: Using QuadricMeshReduction for automatic static mesh reduction
[2017.10.19-22.30.17:943][  0]LogMeshReduction: No automatic skeletal mesh reduction module available
[2017.10.19-22.30.17:943][  0]LogMeshReduction: No automatic mesh merging module available
[2017.10.19-22.30.17:943][  0]LogMeshMerging: No automatic mesh merging module available
[2017.10.19-22.30.18:358][  0]LogNetVersion: ThirdPersonProject , NetCL: 3573198, EngineNetVer: 2, GameNetVer: 0 (Checksum: 1977349515)
[2017.10.19-22.30.18:631][  0]LogPackageLocalizationCache: Processed 5 localized package path(s) for 2 prioritized culture(s) in 0.048600 seconds
[2017.10.19-22.30.18:636][  0]LogUObjectArray: 35825 objects as part of root set at end of initial load.
[2017.10.19-22.30.18:636][  0]LogUObjectAllocator: 7529104 out of 0 bytes used by permanent object pool.
[2017.10.19-22.30.18:636][  0]LogUObjectArray: CloseDisregardForGC: 0/0 objects in disregard for GC pool
[2017.10.19-22.30.18:737][  0]LogInit: WinSock: version 1.1 (2.2), MaxSocks=32767, MaxUdp=65467
[2017.10.19-22.30.22:185][  0]LogTcpMessaging: Initializing TcpMessaging bridge
[2017.10.19-22.30.22:237][  0]LogUdpMessaging: Initializing bridge on interface 0.0.0.0:0 to multicast group 230.0.0.1:6666.
[2017.10.19-22.30.23:360][  0]LogMaterial: Uniform references updated for custom material expression Custom.
[2017.10.19-22.30.23:946][  0]SourceControl: Source control is disabled
[2017.10.19-22.30.23:946][  0]SourceControl: Source control is disabled
[2017.10.19-22.30.24:019][  0]SourceControl: Source control is disabled
[2017.10.19-22.30.24:090][  0]SourceControl: Source control is disabled
[2017.10.19-22.30.24:991][  0]LogAndroidPermission: UAndroidPermissionCallbackProxy::GetInstance
[2017.10.19-22.30.25:352][  0]LogOcInput: OculusInput pre-init called
[2017.10.19-22.30.25:728][  0]LogEngine: Initializing Engine...
[2017.10.19-22.30.25:730][  0]LogHMD: Failed to initialize OpenVR with code 110
[2017.10.19-22.30.25:977][  0]LogStats: UGameplayTagsManager::ConstructGameplayTagTree: Construct from data asset -  0.000 s
[2017.10.19-22.30.25:977][  0]LogStats: UGameplayTagsManager::ConstructGameplayTagTree: GameplayTagTreeChangedEvent.Broadcast -  0.000 s
[2017.10.19-22.30.26:163][  0]LogAIModule: Creating AISystem for world Untitled
[2017.10.19-22.30.26:171][  0]LogInit: XAudio2 using 'Speakers / Headphones (Realtek Audio)' : 2 channels at 48 kHz using 32 bits per sample (channel mask 0x3)
[2017.10.19-22.30.27:253][  0]LogInit: FAudioDevice initialized.
[2017.10.19-22.30.27:310][  0]LogDerivedDataCache: Saved boot cache 0.06s 93MB C:/Users/Leszek/AppData/Local/UnrealEngine/4.17/DerivedDataCache/Boot.ddc.
[2017.10.19-22.30.27:323][  0]LogInit: Texture streaming: Enabled
[2017.10.19-22.30.27:499][  0]LogEngineSessionManager: EngineSessionManager initialized
[2017.10.19-22.30.27:847][  0]LogWindowsTextInputMethodSystem: Display: IME system now deactivated.
[2017.10.19-22.30.27:872][  0]LogInit: Transaction tracking system initialized
[2017.10.19-22.30.28:404][  0]BlueprintLog: New page: Editor Load
[2017.10.19-22.30.30:184][  0]LocalizationService: Localization service is disabled
[2017.10.19-22.30.31:031][  0]LogLinker: Warning: Can't find file '/Game/ThirdPersonBP/ThirdPersonOverview'
[2017.10.19-22.30.31:031][  0]LogLinker: Warning: Can't find file '/Game/ThirdPersonBP/ThirdPersonOverview'
[2017.10.19-22.30.31:031][  0]LogUObjectGlobals: Warning: Failed to find object 'Class /Game/ThirdPersonBP/ThirdPersonOverview.ThirdPersonOverview_C'
[2017.10.19-22.30.31:308][  0]LogConsoleResponse: Display: 
[2017.10.19-22.30.31:541][  0]LogCook: Display: Max memory allowance for cook 16384mb min free memory 0mb
[2017.10.19-22.30.31:541][  0]LogCook: Display: Mobile HDR setting 1
[2017.10.19-22.30.31:541][  0]LogGameplayTags: Display: UGameplayTagsManager::DoneAddingNativeTags. DelegateIsBound: 0
[2017.10.19-22.30.32:370][  0]LogFileCache: Scanning file cache for directory 'C:/Users/Leszek/Documents/Unreal Projects/ThirdPersonProject/Content/' took 0.01s
[2017.10.19-22.30.33:214][  0]SourceControl: Source control is disabled
[2017.10.19-22.30.33:214][  0]Cmd: MAP LOAD FILE="../../../../../../Users/Leszek/Documents/Unreal Projects/ThirdPersonProject/Content/StarterContent/Maps/Minimal_Default.umap" TEMPLATE=0 SHOWPROGRESS=1 FEATURELEVEL=3
[2017.10.19-22.30.33:214][  0]LightingResults: New page: Lighting Build
[2017.10.19-22.30.33:285][  0]MapCheck: New page: Map Check
[2017.10.19-22.30.33:286][  0]LightingResults: New page: Lighting Build
[2017.10.19-22.30.33:749][  0]LogAIModule: Creating AISystem for world Minimal_Default
[2017.10.19-22.30.33:762][  0]LogEditorServer: Finished looking for orphan Actors (0.000 secs)
[2017.10.19-22.30.33:777][  0]Cmd: MAP CHECKDEP NOCLEARLOG
[2017.10.19-22.30.33:860][  0]MapCheck: Map check complete: 0 Error(s), 0 Warning(s), took 83.598ms to complete.
[2017.10.19-22.30.33:860][  0]LogFileHelpers: Loading map 'Minimal_Default' took 0.646
[2017.10.19-22.30.34:018][  0]LogCollectionManager: Loaded 0 collections in 0.001401 seconds
[2017.10.19-22.30.34:118][  0]LogFileCache: Scanning file cache for directory 'C:/Users/Leszek/Documents/Unreal Projects/ThirdPersonProject/Saved/Collections/' took 0.01s
[2017.10.19-22.30.34:118][  0]LogFileCache: Scanning file cache for directory 'C:/Users/Leszek/Documents/Unreal Projects/ThirdPersonProject/Content/Developers/Leszek/Collections/' took 0.01s
[2017.10.19-22.30.34:118][  0]LogFileCache: Scanning file cache for directory 'C:/Users/Leszek/Documents/Unreal Projects/ThirdPersonProject/Content/Collections/' took 0.01s
[2017.10.19-22.30.34:118][  0]LogCollectionManager: Rebuilt the GUID cache for 0 collections in 0.000000 seconds
[2017.10.19-22.30.34:127][  0]LogContentBrowser: Native class hierarchy populated in 0.0086 seconds. Added 2386 classes and 500 folders.
[2017.10.19-22.30.34:226][  0]LogContentBrowser: Native class hierarchy updated for 'WidgetCarousel' in 0.0006 seconds. Added 0 classes and 0 folders.
[2017.10.19-22.30.34:280][  0]LogContentBrowser: Native class hierarchy updated for 'AddContentDialog' in 0.0006 seconds. Added 0 classes and 0 folders.
[2017.10.19-22.30.34:346][  0]LogContentBrowser: Native class hierarchy updated for 'SceneOutliner' in 0.0006 seconds. Added 1 classes and 2 folders.
[2017.10.19-22.30.34:416][  0]LogSlate: Took 0.000186 seconds to synchronously load lazily loaded font '../../../Engine/Content/Slate/Fonts/Roboto-Regular.ttf' (155K)
[2017.10.19-22.30.34:418][  0]LogSlate: Took 0.000213 seconds to synchronously load lazily loaded font '../../../Engine/Content/Slate/Fonts/Roboto-Bold.ttf' (160K)
[2017.10.19-22.30.34:425][  0]LogSlate: Took 0.000236 seconds to synchronously load lazily loaded font '../../../Engine/Content/Editor/Slate/Fonts/FontAwesome.ttf' (139K)
[2017.10.19-22.30.34:526][  0]LogRenderer: Reallocating scene render targets to support 964x460 Format 10 NumSamples 1 (Frame:1).
[2017.10.19-22.30.34:744][  0]LogContentBrowser: Native class hierarchy updated for 'HierarchicalLODOutliner' in 0.0007 seconds. Added 1 classes and 2 folders.
[2017.10.19-22.30.34:744][  0]LogLoad: (Engine Initialization) Total time: 26.37 seconds
[2017.10.19-22.30.34:744][  0]LogLoad: (Engine Initialization) Total Blueprint compile time: 0.00 seconds
[2017.10.19-22.30.34:744][  0]LogExternalProfiler: No external profilers were discovered.  External profiling features will not be available.
[2017.10.19-22.30.34:785][  0]LogContentStreaming: Texture pool size now 1000 MB
[2017.10.19-22.30.34:825][  0]LogSlate: Took 0.000216 seconds to synchronously load lazily loaded font '../../../Engine/Content/Slate/Fonts/Roboto-Light.ttf' (159K)
[2017.10.19-22.30.34:854][  1]LogAssetRegistry: Asset discovery search completed in 17.7538 seconds
[2017.10.19-22.30.34:856][  1]LogCollectionManager: Rebuilt the object cache for 0 collections in 0.000000 seconds (found 0 objects)
[2017.10.19-22.30.34:856][  1]LogCollectionManager: Fixed up redirectors for 0 collections in 0.000080 seconds (updated 0 objects)
[2017.10.19-22.30.35:794][ 43]LogSlate: Took 0.000283 seconds to synchronously load lazily loaded font '../../../Engine/Content/Slate/Fonts/Roboto-Light.ttf' (159K)
[2017.10.19-22.34.33:363][290]LogTemp: Repeating last play command: Selected Viewport
[2017.10.19-22.34.33:398][290]LogBlueprintUserMessages: Early PlayInEditor Detection: Level '/Game/StarterContent/Maps/Minimal_Default.Minimal_Default:PersistentLevel' has LevelScriptBlueprint '/Game/StarterContent/Maps/Minimal_Default.Minimal_Default:PersistentLevel.Minimal_Default' with GeneratedClass '/Game/StarterContent/Maps/Minimal_Default.Minimal_Default_C' with ClassGeneratedBy '/Game/StarterContent/Maps/Minimal_Default.Minimal_Default:PersistentLevel.Minimal_Default'
[2017.10.19-22.34.33:398][290]LogPlayLevel: PlayLevel: No blueprints needed recompiling
[2017.10.19-22.34.33:399][290]PIE: New page: PIE session: Minimal_Default (20 Oct 2017 00:34:33)
[2017.10.19-22.34.33:399][290]LogPlayLevel: Creating play world package: /Game/StarterContent/Maps/UEDPIE_0_Minimal_Default
[2017.10.19-22.34.33:407][290]LogPlayLevel: PIE: StaticDuplicateObject took: (0.008189s)
[2017.10.19-22.34.33:408][290]LogAIModule: Creating AISystem for world Minimal_Default
[2017.10.19-22.34.33:408][290]LogPlayLevel: PIE: World Init took: (0.000866s)
[2017.10.19-22.34.33:408][290]LogPlayLevel: PIE: Created PIE world by copying editor world from /Game/StarterContent/Maps/Minimal_Default.Minimal_Default to /Game/StarterContent/Maps/UEDPIE_0_Minimal_Default.Minimal_Default (0.009359s)
[2017.10.19-22.34.33:420][290]LogInit: XAudio2 using 'Speakers / Headphones (Realtek Audio)' : 2 channels at 48 kHz using 32 bits per sample (channel mask 0x3)
[2017.10.19-22.34.33:434][290]LogInit: FAudioDevice initialized.
[2017.10.19-22.34.33:480][290]LogLoad: Game class is 'MyGame_C'
[2017.10.19-22.34.33:483][290]LogWorld: Bringing World /Game/StarterContent/Maps/UEDPIE_0_Minimal_Default.Minimal_Default up for play (max tick rate 60) at 2017.10.19-23.34.33
[2017.10.19-22.34.33:484][290]LogWorld: Bringing up level for play took: 0.001960
[2017.10.19-22.34.33:549][290]LogContentBrowser: Native class hierarchy updated for 'MovieSceneCapture' in 0.0007 seconds. Added 11 classes and 0 folders.
[2017.10.19-22.34.33:552][290]PIE: Play in editor start time for /Game/StarterContent/Maps/UEDPIE_0_Minimal_Default -0.239
[2017.10.19-22.34.33:552][290]LogBlueprintUserMessages: Late PlayInEditor Detection: Level '/Game/StarterContent/Maps/Minimal_Default.Minimal_Default:PersistentLevel' has LevelScriptBlueprint '/Game/StarterContent/Maps/Minimal_Default.Minimal_Default:PersistentLevel.Minimal_Default' with GeneratedClass '/Game/StarterContent/Maps/Minimal_Default.Minimal_Default_C' with ClassGeneratedBy '/Game/StarterContent/Maps/Minimal_Default.Minimal_Default:PersistentLevel.Minimal_Default'
[2017.10.19-22.34.44:876][963]LogBlueprintUserMessages: Early EndPlayMap Detection: Level '/Game/StarterContent/Maps/Minimal_Default.Minimal_Default:PersistentLevel' has LevelScriptBlueprint '/Game/StarterContent/Maps/Minimal_Default.Minimal_Default:PersistentLevel.Minimal_Default' with GeneratedClass '/Game/StarterContent/Maps/Minimal_Default.Minimal_Default_C' with ClassGeneratedBy '/Game/StarterContent/Maps/Minimal_Default.Minimal_Default:PersistentLevel.Minimal_Default'
[2017.10.19-22.34.44:912][963]LogBlueprintUserMessages: Late EndPlayMap Detection: Level '/Game/StarterContent/Maps/Minimal_Default.Minimal_Default:PersistentLevel' has LevelScriptBlueprint '/Game/StarterContent/Maps/Minimal_Default.Minimal_Default:PersistentLevel.Minimal_Default' with GeneratedClass '/Game/StarterContent/Maps/Minimal_Default.Minimal_Default_C' with ClassGeneratedBy '/Game/StarterContent/Maps/Minimal_Default.Minimal_Default:PersistentLevel.Minimal_Default'
[2017.10.19-22.34.46:709][ 70]LogTemp: Repeating last play command: Selected Viewport
[2017.10.19-22.34.46:723][ 70]LogBlueprintUserMessages: Early PlayInEditor Detection: Level '/Game/StarterContent/Maps/Minimal_Default.Minimal_Default:PersistentLevel' has LevelScriptBlueprint '/Game/StarterContent/Maps/Minimal_Default.Minimal_Default:PersistentLevel.Minimal_Default' with GeneratedClass '/Game/StarterContent/Maps/Minimal_Default.Minimal_Default_C' with ClassGeneratedBy '/Game/StarterContent/Maps/Minimal_Default.Minimal_Default:PersistentLevel.Minimal_Default'
[2017.10.19-22.34.46:724][ 70]LogPlayLevel: PlayLevel: No blueprints needed recompiling
[2017.10.19-22.34.46:724][ 70]PIE: New page: PIE session: Minimal_Default (20 Oct 2017 00:34:46)
[2017.10.19-22.34.46:724][ 70]LogPlayLevel: Creating play world package: /Game/StarterContent/Maps/UEDPIE_0_Minimal_Default
[2017.10.19-22.34.46:733][ 70]LogPlayLevel: PIE: StaticDuplicateObject took: (0.009111s)
[2017.10.19-22.34.46:734][ 70]LogAIModule: Creating AISystem for world Minimal_Default
[2017.10.19-22.34.46:734][ 70]LogPlayLevel: PIE: World Init took: (0.000972s)
[2017.10.19-22.34.46:734][ 70]LogPlayLevel: PIE: Created PIE world by copying editor world from /Game/StarterContent/Maps/Minimal_Default.Minimal_Default to /Game/StarterContent/Maps/UEDPIE_0_Minimal_Default.Minimal_Default (0.010390s)
[2017.10.19-22.34.46:744][ 70]LogInit: XAudio2 using 'Speakers / Headphones (Realtek Audio)' : 2 channels at 48 kHz using 32 bits per sample (channel mask 0x3)
[2017.10.19-22.34.46:762][ 70]LogInit: FAudioDevice initialized.
[2017.10.19-22.34.46:795][ 70]LogLoad: Game class is 'MyGame_C'
[2017.10.19-22.34.46:798][ 70]LogWorld: Bringing World /Game/StarterContent/Maps/UEDPIE_0_Minimal_Default.Minimal_Default up for play (max tick rate 60) at 2017.10.19-23.34.46
[2017.10.19-22.34.46:798][ 70]LogWorld: Bringing up level for play took: 0.001564
[2017.10.19-22.34.46:800][ 70]PIE: Play in editor start time for /Game/StarterContent/Maps/UEDPIE_0_Minimal_Default 1.009
[2017.10.19-22.34.46:800][ 70]LogBlueprintUserMessages: Late PlayInEditor Detection: Level '/Game/StarterContent/Maps/Minimal_Default.Minimal_Default:PersistentLevel' has LevelScriptBlueprint '/Game/StarterContent/Maps/Minimal_Default.Minimal_Default:PersistentLevel.Minimal_Default' with GeneratedClass '/Game/StarterContent/Maps/Minimal_Default.Minimal_Default_C' with ClassGeneratedBy '/Game/StarterContent/Maps/Minimal_Default.Minimal_Default:PersistentLevel.Minimal_Default'
[2017.10.19-22.35.21:088][125]LogBlueprintUserMessages: Early EndPlayMap Detection: Level '/Game/StarterContent/Maps/Minimal_Default.Minimal_Default:PersistentLevel' has LevelScriptBlueprint '/Game/StarterContent/Maps/Minimal_Default.Minimal_Default:PersistentLevel.Minimal_Default' with GeneratedClass '/Game/StarterContent/Maps/Minimal_Default.Minimal_Default_C' with ClassGeneratedBy '/Game/StarterContent/Maps/Minimal_Default.Minimal_Default:PersistentLevel.Minimal_Default'
[2017.10.19-22.35.21:123][125]LogBlueprintUserMessages: Late EndPlayMap Detection: Level '/Game/StarterContent/Maps/Minimal_Default.Minimal_Default:PersistentLevel' has LevelScriptBlueprint '/Game/StarterContent/Maps/Minimal_Default.Minimal_Default:PersistentLevel.Minimal_Default' with GeneratedClass '/Game/StarterContent/Maps/Minimal_Default.Minimal_Default_C' with ClassGeneratedBy '/Game/StarterContent/Maps/Minimal_Default.Minimal_Default:PersistentLevel.Minimal_Default'
[2017.10.19-22.55.10:461][ 61]LogSlate: Took 0.000186 seconds to synchronously load lazily loaded font '../../../Engine/Content/Slate/Fonts/Roboto-Light.ttf' (159K)
[2017.10.19-22.55.10:889][ 61]LogContentBrowser: Native class hierarchy updated for 'BlueprintGraph' in 0.0009 seconds. Added 113 classes and 0 folders.
[2017.10.19-22.55.11:536][ 61]LogSlate: Took 0.000178 seconds to synchronously load lazily loaded font '../../../Engine/Content/Slate/Fonts/Roboto-Regular.ttf' (155K)
[2017.10.19-22.55.11:608][ 61]LogSlate: Took 0.000246 seconds to synchronously load lazily loaded font '../../../Engine/Content/Editor/Slate/Fonts/Roboto-BoldCondensed.ttf' (158K)
[2017.10.19-22.55.11:733][ 62]LogSlate: Took 0.000489 seconds to synchronously load lazily loaded font '../../../Engine/Content/Editor/Slate/Fonts/Roboto-Italic.ttf' (157K)
[2017.10.19-22.56.50:965][550]LogFileHelpers: Editor autosave (incl. sublevels) for '/Game/StarterContent/Maps/Minimal_Default' took 0.021
[2017.10.19-22.56.50:968][550]OBJ SavePackage: Generating thumbnails for [1] asset(s) in package [/Game/Character/Character_BP] ([1] browsable assets)...
[2017.10.19-22.56.51:003][550]OBJ SavePackage:     Rendered thumbnail for [Blueprint /Game/Character/Character_BP.Character_BP]
[2017.10.19-22.56.51:003][550]OBJ SavePackage: Finished generating thumbnails for package [/Game/Character/Character_BP]
[2017.10.19-22.56.51:065][550]LogSavePackage: Save=50.76ms
[2017.10.19-22.56.51:065][550]LogSavePackage: Moving '../../../../../../Users/Leszek/Documents/Unreal Projects/ThirdPersonProject/Saved/Character_BP_Auto1A2E9F66D461EA94DE3E1F6BF0B2862B2.tmp' to '../../../../../../Users/Leszek/Documents/Unreal Projects/ThirdPersonProject/Saved/Autosaves/Game/Character/Character_BP_Auto1.uasset'
[2017.10.19-22.56.51:068][550]LogSavePackage: Display: Finished SavePackage ../../../../../../Users/Leszek/Documents/Unreal Projects/ThirdPersonProject/Saved/Autosaves/Game/Character/Character_BP_Auto1.uasset
[2017.10.19-22.56.51:068][550]LogFileHelpers: Auto-saving content packages took 0.103
[2017.10.19-23.06.51:680][341]LogFileHelpers: Editor autosave (incl. sublevels) for '/Game/StarterContent/Maps/Minimal_Default' took 0.022
[2017.10.19-23.06.51:682][341]OBJ SavePackage: Generating thumbnails for [1] asset(s) in package [/Game/Character/Character_BP] ([1] browsable assets)...
[2017.10.19-23.06.51:718][341]OBJ SavePackage:     Rendered thumbnail for [Blueprint /Game/Character/Character_BP.Character_BP]
[2017.10.19-23.06.51:718][341]OBJ SavePackage: Finished generating thumbnails for package [/Game/Character/Character_BP]
[2017.10.19-23.06.51:783][341]LogSavePackage: Save=51.97ms
[2017.10.19-23.06.51:783][341]LogSavePackage: Moving '../../../../../../Users/Leszek/Documents/Unreal Projects/ThirdPersonProject/Saved/Character_BP_Auto216A08AA24600AB8B16DFBBB9F4934023.tmp' to '../../../../../../Users/Leszek/Documents/Unreal Projects/ThirdPersonProject/Saved/Autosaves/Game/Character/Character_BP_Auto2.uasset'
[2017.10.19-23.06.51:786][341]LogSavePackage: Display: Finished SavePackage ../../../../../../Users/Leszek/Documents/Unreal Projects/ThirdPersonProject/Saved/Autosaves/Game/Character/Character_BP_Auto2.uasset
[2017.10.19-23.06.51:786][341]LogFileHelpers: Auto-saving content packages took 0.106
[2017.10.19-23.08.42:006][830]LogRenderer: Reallocating scene render targets to support 1252x724 Format 10 NumSamples 1 (Frame:1).
[2017.10.19-23.16.27:412][787]LogWindows: LaunchFileInExternalEditor C:/Program Files/Epic Games/UE_4.17/Engine/Source/Runtime/Engine/Classes/GameFramework/Character.h 
[2017.10.19-23.16.27:564][787]LogWindows: Launch application code for C:/Program Files/Epic Games/UE_4.17/Engine/Source/Runtime/Engine/Classes/GameFramework/Character.h : 42
[2017.10.19-23.16.27:564][787]LogVSAccessor: Warning: Couldn't access Visual Studio
[2017.10.19-23.16.27:571][787]LogVSAccessor: Warning: Couldn't access module table
[2017.10.19-23.16.27:571][787]LogVSAccessor: Warning: Couldn't access module table
[2017.10.19-23.16.27:571][787]LogVSAccessor: Warning: Couldn't access module table
[2017.10.19-23.16.27:571][787]LogVSAccessor: Warning: Couldn't access module table
[2017.10.19-23.16.27:571][787]LogVSAccessor: Warning: Couldn't access module table
[2017.10.19-23.16.27:571][787]LogVSAccessor: Warning: Couldn't access module table
[2017.10.19-23.16.27:571][787]LogVSAccessor: Warning: Couldn't access module table
[2017.10.19-23.16.27:572][787]LogVSAccessor: Warning: Couldn't access module table
[2017.10.19-23.16.27:572][787]LogVSAccessor: Warning: Couldn't access module table
[2017.10.19-23.16.27:572][787]LogVSAccessor: Warning: Couldn't access module table
[2017.10.19-23.16.27:572][787]LogVSAccessor: Warning: Couldn't access module table
[2017.10.19-23.16.27:572][787]LogVSAccessor: Warning: Couldn't access module table
[2017.10.19-23.16.27:572][787]LogVSAccessor: Warning: Couldn't access module table
[2017.10.19-23.16.27:572][787]LogVSAccessor: Warning: Couldn't access module table
[2017.10.19-23.16.27:572][787]LogVSAccessor: Warning: Couldn't access module table
[2017.10.19-23.16.27:572][787]LogVSAccessor: Warning: Couldn't access module table
[2017.10.19-23.16.27:572][787]LogVSAccessor: Warning: Couldn't access module table
[2017.10.19-23.16.27:572][787]LogVSAccessor: Warning: Couldn't access module table
[2017.10.19-23.16.27:572][787]LogVSAccessor: Warning: Couldn't access module table
[2017.10.19-23.16.27:572][787]LogVSAccessor: Warning: Couldn't access module table
[2017.10.19-23.16.27:572][787]LogVSAccessor: Warning: Couldn't access module table
[2017.10.19-23.16.27:572][787]LogVSAccessor: Warning: Couldn't access module table
[2017.10.19-23.16.27:572][787]LogVSAccessor: Warning: Couldn't access module table
[2017.10.19-23.16.27:572][787]LogVSAccessor: Warning: Couldn't access module table
[2017.10.19-23.16.27:573][787]LogVSAccessor: Warning: Couldn't access module table
[2017.10.19-23.16.27:573][787]LogVSAccessor: Warning: Couldn't access module table
[2017.10.19-23.16.27:573][787]LogVSAccessor: Warning: Couldn't access module table
[2017.10.19-23.16.27:573][787]LogVSAccessor: Warning: Couldn't access module table
[2017.10.19-23.16.27:573][787]LogVSAccessor: Warning: Couldn't access module table
[2017.10.19-23.16.27:573][787]LogVSAccessor: Warning: Couldn't access module table
[2017.10.19-23.16.27:573][787]LogVSAccessor: Warning: Couldn't access module table
[2017.10.19-23.16.27:573][787]LogVSAccessor: Warning: Couldn't access module table
[2017.10.19-23.16.27:573][787]LogVSAccessor: Warning: Couldn't access module table
[2017.10.19-23.16.27:573][787]LogVSAccessor: Warning: Couldn't access module table
[2017.10.19-23.16.27:573][787]LogVSAccessor: Warning: Couldn't access module table
[2017.10.19-23.16.27:573][787]LogVSAccessor: Warning: Couldn't access module table
[2017.10.19-23.16.27:573][787]LogVSAccessor: Warning: Couldn't access module table
[2017.10.19-23.16.27:573][787]LogVSAccessor: Warning: Couldn't access module table
[2017.10.19-23.16.27:573][787]LogVSAccessor: Warning: Couldn't access module table
[2017.10.19-23.16.27:573][787]LogVSAccessor: Warning: Couldn't access module table
[2017.10.19-23.16.27:573][787]LogVSAccessor: Warning: Couldn't access module table
[2017.10.19-23.16.27:573][787]LogVSAccessor: Warning: Couldn't access module table
[2017.10.19-23.16.27:574][787]LogVSAccessor: Warning: Couldn't access module table
[2017.10.19-23.16.27:574][787]LogVSAccessor: Warning: Couldn't access module table
[2017.10.19-23.16.27:574][787]LogVSAccessor: Warning: Couldn't access module table
[2017.10.19-23.16.27:574][787]LogVSAccessor: Warning: Couldn't access module table
[2017.10.19-23.16.27:574][787]LogVSAccessor: Warning: Couldn't access module table
[2017.10.19-23.16.27:574][787]LogVSAccessor: Warning: Couldn't access module table
[2017.10.19-23.16.27:574][787]LogVSAccessor: Warning: Couldn't access module table
[2017.10.19-23.16.27:574][787]LogVSAccessor: Warning: Couldn't access module table
[2017.10.19-23.16.27:574][787]LogVSAccessor: Warning: Couldn't access module table
[2017.10.19-23.16.27:574][787]LogVSAccessor: Warning: Couldn't access module table
[2017.10.19-23.16.27:574][787]LogVSAccessor: Warning: Couldn't access module table
[2017.10.19-23.16.27:574][787]LogVSAccessor: Warning: Couldn't access module table
[2017.10.19-23.16.27:574][787]LogVSAccessor: Warning: Couldn't access module table
[2017.10.19-23.16.27:574][787]LogVSAccessor: Warning: Couldn't access module table
[2017.10.19-23.16.27:574][787]LogVSAccessor: Warning: Couldn't access module table
[2017.10.19-23.16.27:574][787]LogVSAccessor: Warning: Couldn't access module table
[2017.10.19-23.16.27:574][787]LogVSAccessor: Warning: Couldn't access module table
[2017.10.19-23.16.27:574][787]LogVSAccessor: Warning: Couldn't access module table
[2017.10.19-23.16.27:574][787]LogVSAccessor: Warning: Couldn't access module table
[2017.10.19-23.16.27:574][787]LogVSAccessor: Warning: Couldn't access module table
[2017.10.19-23.16.27:575][787]LogVSAccessor: Warning: Couldn't access module table
[2017.10.19-23.16.27:575][787]LogVSAccessor: Warning: Couldn't access module table
[2017.10.19-23.16.27:575][787]LogVSAccessor: Warning: Couldn't access module table
[2017.10.19-23.16.27:575][787]LogVSAccessor: Warning: Couldn't access module table
[2017.10.19-23.16.27:575][787]LogVSAccessor: Warning: Couldn't access module table
[2017.10.19-23.16.27:575][787]LogVSAccessor: Warning: Couldn't access module table
[2017.10.19-23.16.27:575][787]LogVSAccessor: Warning: Couldn't access module table
[2017.10.19-23.16.27:575][787]LogVSAccessor: Warning: Couldn't access module table
[2017.10.19-23.16.27:575][787]LogVSAccessor: Warning: Couldn't access module table
[2017.10.19-23.16.27:575][787]LogVSAccessor: Warning: Couldn't access module table
[2017.10.19-23.16.27:575][787]LogVSAccessor: Warning: Couldn't access module table
[2017.10.19-23.16.27:576][787]LogVSAccessor: Warning: Couldn't access module table
[2017.10.19-23.16.27:576][787]LogVSAccessor: Warning: Couldn't access module table
[2017.10.19-23.16.27:576][787]LogVSAccessor: Warning: Couldn't access module table
[2017.10.19-23.16.27:576][787]LogVSAccessor: Warning: Couldn't access module table
[2017.10.19-23.16.27:576][787]LogVSAccessor: Warning: Couldn't access module table
[2017.10.19-23.16.27:576][787]LogVSAccessor: Warning: Couldn't access module table
[2017.10.19-23.16.27:576][787]LogVSAccessor: Warning: Couldn't access module table
[2017.10.19-23.16.27:576][787]LogVSAccessor: Warning: Couldn't access module table
[2017.10.19-23.16.27:576][787]LogVSAccessor: Warning: Couldn't access module table
[2017.10.19-23.16.27:576][787]LogVSAccessor: Warning: Couldn't access module table
[2017.10.19-23.16.27:576][787]LogVSAccessor: Warning: Couldn't access module table
[2017.10.19-23.16.27:576][787]LogVSAccessor: Warning: Couldn't access module table
[2017.10.19-23.16.27:576][787]LogVSAccessor: Warning: Couldn't access module table
[2017.10.19-23.16.27:576][787]LogVSAccessor: Warning: Couldn't access module table
[2017.10.19-23.16.27:577][787]LogVSAccessor: Warning: Couldn't access module table
[2017.10.19-23.16.27:577][787]LogVSAccessor: Warning: Couldn't access module table
[2017.10.19-23.16.27:577][787]LogVSAccessor: Warning: Couldn't access module table
[2017.10.19-23.16.27:577][787]LogVSAccessor: Warning: Couldn't access module table
[2017.10.19-23.16.27:577][787]LogVSAccessor: Warning: Couldn't access module table
[2017.10.19-23.16.27:577][787]LogVSAccessor: Warning: Couldn't access module table
[2017.10.19-23.16.27:577][787]LogVSAccessor: Warning: Couldn't access module table
[2017.10.19-23.16.27:577][787]LogVSAccessor: Warning: Couldn't access module table
[2017.10.19-23.16.27:577][787]LogVSAccessor: Warning: Couldn't access module table
[2017.10.19-23.16.27:577][787]LogVSAccessor: Warning: Couldn't access module table
[2017.10.19-23.16.27:577][787]LogVSAccessor: Warning: Couldn't access module table
[2017.10.19-23.16.27:577][787]LogVSAccessor: Warning: Couldn't access module table
[2017.10.19-23.16.27:577][787]LogVSAccessor: Warning: Couldn't access module table
[2017.10.19-23.16.27:577][787]LogVSAccessor: Warning: Couldn't access module table
[2017.10.19-23.16.27:577][787]LogVSAccessor: Warning: Couldn't access module table
[2017.10.19-23.16.27:577][787]LogVSAccessor: Warning: Couldn't access module table
[2017.10.19-23.16.27:578][787]LogVSAccessor: Warning: Couldn't access module table
[2017.10.19-23.16.27:578][787]LogVSAccessor: Warning: Couldn't access module table
[2017.10.19-23.16.27:578][787]LogVSAccessor: Warning: Couldn't access module table
[2017.10.19-23.16.27:578][787]LogVSAccessor: Warning: Couldn't access module table
[2017.10.19-23.16.27:578][787]LogVSAccessor: Warning: Couldn't access module table
[2017.10.19-23.16.27:578][787]LogVSAccessor: Warning: Couldn't access module table
[2017.10.19-23.16.27:578][787]LogVSAccessor: Warning: Couldn't access module table
[2017.10.19-23.16.27:578][787]LogVSAccessor: Warning: Couldn't access module table
[2017.10.19-23.16.27:578][787]LogVSAccessor: Warning: Couldn't access module table
[2017.10.19-23.16.27:578][787]LogVSAccessor: Warning: Couldn't access module table
[2017.10.19-23.16.27:578][787]LogVSAccessor: Warning: Couldn't access module table
[2017.10.19-23.16.27:578][787]LogVSAccessor: Warning: Couldn't access module table
[2017.10.19-23.16.27:578][787]LogVSAccessor: Warning: Couldn't access module table
[2017.10.19-23.16.27:578][787]LogVSAccessor: Warning: Couldn't access module table
[2017.10.19-23.16.27:578][787]LogVSAccessor: Warning: Couldn't access module table
[2017.10.19-23.16.27:578][787]LogVSAccessor: Warning: Couldn't access module table
[2017.10.19-23.16.27:578][787]LogVSAccessor: Warning: Couldn't access module table
[2017.10.19-23.16.27:579][787]LogVSAccessor: Warning: Couldn't access module table
[2017.10.19-23.16.27:579][787]LogVSAccessor: Warning: Couldn't access module table
[2017.10.19-23.16.27:579][787]LogVSAccessor: Warning: Couldn't access module table
[2017.10.19-23.16.27:579][787]LogVSAccessor: Warning: Couldn't access module table
[2017.10.19-23.16.27:579][787]LogVSAccessor: Warning: Couldn't access module table
[2017.10.19-23.16.27:579][787]LogVSAccessor: Warning: Couldn't access module table
[2017.10.19-23.16.27:579][787]LogVSAccessor: Warning: Couldn't access module table
[2017.10.19-23.16.27:579][787]LogVSAccessor: Warning: Couldn't access module table
[2017.10.19-23.16.27:579][787]LogVSAccessor: Warning: Couldn't access module table
[2017.10.19-23.16.27:579][787]LogVSAccessor: Warning: Couldn't access module table
[2017.10.19-23.16.27:579][787]LogVSAccessor: Warning: Couldn't access module table
[2017.10.19-23.16.27:591][787]LogVSAccessor: Warning: Couldn't access module table
[2017.10.19-23.16.27:591][787]LogVSAccessor: Warning: Couldn't access module table
[2017.10.19-23.16.27:591][787]LogVSAccessor: Warning: Couldn't access module table
[2017.10.19-23.16.27:593][787]LogVSAccessor: Warning: Couldn't access module table
[2017.10.19-23.16.27:594][787]LogVSAccessor: Warning: Couldn't access module table
[2017.10.19-23.16.27:629][787]LogVSAccessor: Warning: Couldn't access module table
[2017.10.19-23.16.27:629][787]LogVSAccessor: Warning: Couldn't access module table
[2017.10.19-23.16.27:629][787]LogVSAccessor: Warning: Couldn't access module table
[2017.10.19-23.16.27:629][787]LogVSAccessor: Warning: Couldn't access module table
[2017.10.19-23.16.27:630][787]LogVSAccessor: Warning: Couldn't access module table
[2017.10.19-23.16.27:631][787]LogVSAccessor: Warning: Couldn't access module table
[2017.10.19-23.16.27:631][787]LogVSAccessor: Warning: Couldn't access module table
[2017.10.19-23.16.27:641][787]LogVSAccessor: Warning: Couldn't access module table
[2017.10.19-23.16.27:642][787]LogVSAccessor: Warning: Couldn't access module table
[2017.10.19-23.17.30:752][307]BlueprintLog: New page: Compile Character_BP
[2017.10.19-23.18.02:897][800]LogFileHelpers: Editor autosave (incl. sublevels) for '/Game/StarterContent/Maps/Minimal_Default' took 0.019
[2017.10.19-23.18.02:900][800]OBJ SavePackage: Generating thumbnails for [1] asset(s) in package [/Game/Character/Character_BP] ([1] browsable assets)...
[2017.10.19-23.18.02:933][800]OBJ SavePackage:     Rendered thumbnail for [Blueprint /Game/Character/Character_BP.Character_BP]
[2017.10.19-23.18.02:933][800]OBJ SavePackage: Finished generating thumbnails for package [/Game/Character/Character_BP]
[2017.10.19-23.18.03:001][800]LogSavePackage: Save=55.91ms
[2017.10.19-23.18.03:001][800]LogSavePackage: Moving '../../../../../../Users/Leszek/Documents/Unreal Projects/ThirdPersonProject/Saved/Character_BP_Auto38EF204A04EB1EF3EF95308BE286ECB1A.tmp' to '../../../../../../Users/Leszek/Documents/Unreal Projects/ThirdPersonProject/Saved/Autosaves/Game/Character/Character_BP_Auto3.uasset'
[2017.10.19-23.18.03:004][800]LogSavePackage: Display: Finished SavePackage ../../../../../../Users/Leszek/Documents/Unreal Projects/ThirdPersonProject/Saved/Autosaves/Game/Character/Character_BP_Auto3.uasset
[2017.10.19-23.18.03:004][800]LogFileHelpers: Auto-saving content packages took 0.106
[2017.10.19-23.19.28:026][ 50]Cmd: OBJ SAVEPACKAGE PACKAGE="/Game/Character/Character_BP" FILE="../../../../../../Users/Leszek/Documents/Unreal Projects/ThirdPersonProject/Content/Character/Character_BP.uasset" SILENT=true
[2017.10.19-23.19.28:080][ 50]LogSavePackage: Save=46.04ms
[2017.10.19-23.19.28:080][ 50]LogSavePackage: Moving '../../../../../../Users/Leszek/Documents/Unreal Projects/ThirdPersonProject/Saved/Character_BP7F172CA148618E618687C2BE8399A86D.tmp' to '../../../../../../Users/Leszek/Documents/Unreal Projects/ThirdPersonProject/Content/Character/Character_BP.uasset'
[2017.10.19-23.19.28:091][ 50]LogSavePackage: Display: Finished SavePackage ../../../../../../Users/Leszek/Documents/Unreal Projects/ThirdPersonProject/Content/Character/Character_BP.uasset
[2017.10.19-23.19.39:259][527]LogSavePackage: Save=52.13ms
[2017.10.19-23.19.39:259][527]LogSavePackage: Moving '../../../../../../Users/Leszek/Documents/Unreal Projects/ThirdPersonProject/Saved/Minimal_Default269502FA410540FB655089B364F64F74.tmp' to '../../../../../../Users/Leszek/Documents/Unreal Projects/ThirdPersonProject/Content/StarterContent/Maps/Minimal_Default.umap'
[2017.10.19-23.19.39:261][527]LogSavePackage: Display: Finished SavePackage ../../../../../../Users/Leszek/Documents/Unreal Projects/ThirdPersonProject/Content/StarterContent/Maps/Minimal_Default.umap
[2017.10.19-23.19.39:355][527]LogSavePackage: Save=47.21ms
[2017.10.19-23.19.39:355][527]LogSavePackage: Moving '../../../../../../Users/Leszek/Documents/Unreal Projects/ThirdPersonProject/Saved/Minimal_Default_BuiltData7B21D2DB4143D81061F900820594CC6F.tmp' to '../../../../../../Users/Leszek/Documents/Unreal Projects/ThirdPersonProject/Content/StarterContent/Maps/Minimal_Default_BuiltData.uasset'
[2017.10.19-23.19.39:357][527]LogSavePackage: Display: Finished SavePackage ../../../../../../Users/Leszek/Documents/Unreal Projects/ThirdPersonProject/Content/StarterContent/Maps/Minimal_Default_BuiltData.uasset
[2017.10.19-23.19.46:127][850]Cmd: CLOSE_SLATE_MAINFRAME
[2017.10.19-23.19.46:229][850]LogWindowsTextInputMethodSystem: Display: IME system now deactivated.
[2017.10.19-23.19.46:394][851]Cmd: QUIT_EDITOR
[2017.10.19-23.19.46:438][851]LogExit: Preparing to exit.
[2017.10.19-23.19.47:010][851]LogDirectoryWatcher: A directory notification for 'C:/Users/Leszek/Documents/Unreal Projects/ThirdPersonProject/Content/' was aborted.
[2017.10.19-23.19.47:048][851]LogExit: Editor shut down
[2017.10.19-23.19.47:052][851]LogExit: Transaction tracking system shut down
[2017.10.19-23.19.47:193][851]LogDirectoryWatcher: A directory notification for '../../../Engine/Content/' was aborted.
[2017.10.19-23.19.47:193][851]LogDirectoryWatcher: A directory notification for '../../../../../../Users/Leszek/Documents/Unreal Projects/ThirdPersonProject/Content/' was aborted.
[2017.10.19-23.19.47:194][851]LogDirectoryWatcher: A directory notification for '../../../Engine/Plugins/2D/Paper2D/Content/' was aborted.
[2017.10.19-23.19.47:194][851]LogDirectoryWatcher: A directory notification for '../../../Engine/Plugins/Runtime/Oculus/OculusVR/Content/' was aborted.
[2017.10.19-23.19.47:194][851]LogDirectoryWatcher: A directory notification for '../../../Engine/Plugins/Runtime/Steam/SteamVR/Content/' was aborted.
[2017.10.19-23.19.47:296][851]LogExit: Object subsystem successfully closed.
[2017.10.19-23.19.47:316][851]LogD3D11RHI: Shutdown
[2017.10.19-23.19.47:316][851]LogD3D11RHI: CleanupD3DDevice
[2017.10.19-23.19.47:408][851]LogD3D11RHI: ~FD3D11DynamicRHI
[2017.10.19-23.19.47:442][851]LogModuleManager: Shutting down and abandoning module BlueprintGraph (536)
[2017.10.19-23.19.47:442][851]LogModuleManager: Shutting down and abandoning module BlueprintProfiler (534)
[2017.10.19-23.19.47:442][851]LogModuleManager: Shutting down and abandoning module MovieSceneCapture (532)
[2017.10.19-23.19.47:442][851]LogModuleManager: Shutting down and abandoning module HierarchicalLODOutliner (530)
[2017.10.19-23.19.47:442][851]LogModuleManager: Shutting down and abandoning module SceneOutliner (528)
[2017.10.19-23.19.47:442][851]LogModuleManager: Shutting down and abandoning module AddContentDialog (526)
[2017.10.19-23.19.47:442][851]LogDirectoryWatcher: A directory notification for 'C:/Program Files/Epic Games/UE_4.17/FeaturePacks/' was aborted.
[2017.10.19-23.19.47:443][851]LogModuleManager: Shutting down and abandoning module WidgetCarousel (525)
[2017.10.19-23.19.47:443][851]LogModuleManager: Shutting down and abandoning module EditorWidgets (522)
[2017.10.19-23.19.47:443][851]LogModuleManager: Shutting down and abandoning module CollectionManager (520)
[2017.10.19-23.19.47:443][851]LogDirectoryWatcher: A directory notification for 'C:/Users/Leszek/Documents/Unreal Projects/ThirdPersonProject/Content/Collections/' was aborted.
[2017.10.19-23.19.47:444][851]LogDirectoryWatcher: A directory notification for 'C:/Users/Leszek/Documents/Unreal Projects/ThirdPersonProject/Content/Developers/Leszek/Collections/' was aborted.
[2017.10.19-23.19.47:444][851]LogDirectoryWatcher: A directory notification for 'C:/Users/Leszek/Documents/Unreal Projects/ThirdPersonProject/Saved/Collections/' was aborted.
[2017.10.19-23.19.47:444][851]LogModuleManager: Shutting down and abandoning module StatsViewer (518)
[2017.10.19-23.19.47:444][851]LogModuleManager: Shutting down and abandoning module FoliageEdit (516)
[2017.10.19-23.19.47:444][851]LogModuleManager: Shutting down and abandoning module LandscapeEditor (514)
[2017.10.19-23.19.47:444][851]LogModuleManager: Shutting down and abandoning module MeshPaintMode (512)
[2017.10.19-23.19.47:444][851]LogModuleManager: Shutting down and abandoning module SceneDepthPickerMode (510)
[2017.10.19-23.19.47:444][851]LogModuleManager: Shutting down and abandoning module ActorPickerMode (508)
[2017.10.19-23.19.47:444][851]LogModuleManager: Shutting down and abandoning module GeometryMode (506)
[2017.10.19-23.19.47:444][851]LogModuleManager: Shutting down and abandoning module TextureAlignMode (504)
[2017.10.19-23.19.47:444][851]LogModuleManager: Shutting down and abandoning module BspMode (502)
[2017.10.19-23.19.47:444][851]LogModuleManager: Shutting down and abandoning module PIEPreviewDeviceProfileSelector (500)
[2017.10.19-23.19.47:444][851]LogModuleManager: Shutting down and abandoning module HardwareSurvey (498)
[2017.10.19-23.19.47:444][851]LogModuleManager: Shutting down and abandoning module SequenceRecorderSections (496)
[2017.10.19-23.19.47:444][851]LogModuleManager: Shutting down and abandoning module AutomationWorker (494)
[2017.10.19-23.19.47:444][851]LogModuleManager: Shutting down and abandoning module MatineeToLevelSequence (492)
[2017.10.19-23.19.47:444][851]LogModuleManager: Shutting down and abandoning module LevelSequenceEditor (490)
[2017.10.19-23.19.47:444][851]LogModuleManager: Shutting down and abandoning module PlacementMode (489)
[2017.10.19-23.19.47:444][851]LogModuleManager: Shutting down and abandoning module WmfMediaFactory (486)
[2017.10.19-23.19.47:444][851]LogModuleManager: Shutting down and abandoning module WmfMediaEditor (484)
[2017.10.19-23.19.47:444][851]LogModuleManager: Shutting down and abandoning module AvfMediaFactory (482)
[2017.10.19-23.19.47:445][851]LogModuleManager: Shutting down and abandoning module AvfMediaEditor (480)
[2017.10.19-23.19.47:445][851]LogModuleManager: Shutting down and abandoning module AndroidMediaFactory (478)
[2017.10.19-23.19.47:445][851]LogModuleManager: Shutting down and abandoning module Media (477)
[2017.10.19-23.19.47:445][851]LogModuleManager: Shutting down and abandoning module AndroidMediaEditor (474)
[2017.10.19-23.19.47:445][851]LogModuleManager: Shutting down and abandoning module CharacterAI (472)
[2017.10.19-23.19.47:445][851]LogModuleManager: Shutting down and abandoning module AudioCapture (470)
[2017.10.19-23.19.47:445][851]LogModuleManager: Shutting down and abandoning module SequenceRecorder (469)
[2017.10.19-23.19.47:445][851]LogModuleManager: Shutting down and abandoning module SmartSnapping (466)
[2017.10.19-23.19.47:445][851]LogModuleManager: Shutting down and abandoning module SessionServices (464)
[2017.10.19-23.19.47:445][851]LogModuleManager: Shutting down and abandoning module ViewportSnapping (462)
[2017.10.19-23.19.47:445][851]LogModuleManager: Shutting down and abandoning module ViewportInteraction (460)
[2017.10.19-23.19.47:445][851]LogModuleManager: Shutting down and abandoning module ClothPainter (458)
[2017.10.19-23.19.47:445][851]LogModuleManager: Shutting down and abandoning module LogVisualizer (456)
[2017.10.19-23.19.47:445][851]LogModuleManager: Shutting down and abandoning module IntroTutorials (454)
[2017.10.19-23.19.47:445][851]LogModuleManager: Shutting down and abandoning module GameProjectGeneration (453)
[2017.10.19-23.19.47:445][851]LogModuleManager: Shutting down and abandoning module IOSPlatformEditor (450)
[2017.10.19-23.19.47:445][851]LogModuleManager: Shutting down and abandoning module HTML5PlatformEditor (448)
[2017.10.19-23.19.47:445][851]LogModuleManager: Shutting down and abandoning module AndroidPlatformEditor (446)
[2017.10.19-23.19.47:445][851]LogModuleManager: Shutting down and abandoning module AndroidDeviceDetection (445)
[2017.10.19-23.19.47:869][851]LogModuleManager: Shutting down and abandoning module WindowsPlatformEditor (442)
[2017.10.19-23.19.47:869][851]LogModuleManager: Shutting down and abandoning module IOSRuntimeSettings (440)
[2017.10.19-23.19.47:869][851]LogModuleManager: Shutting down and abandoning module AndroidRuntimeSettings (438)
[2017.10.19-23.19.47:869][851]LogModuleManager: Shutting down and abandoning module InputBindingEditor (436)
[2017.10.19-23.19.47:869][851]LogModuleManager: Shutting down and abandoning module MergeActors (434)
[2017.10.19-23.19.47:869][851]LogModuleManager: Shutting down and abandoning module SizeMap (432)
[2017.10.19-23.19.47:869][851]LogModuleManager: Shutting down and abandoning module TreeMap (430)
[2017.10.19-23.19.47:869][851]LogModuleManager: Shutting down and abandoning module ReferenceViewer (428)
[2017.10.19-23.19.47:869][851]LogModuleManager: Shutting down and abandoning module LocalizationDashboard (426)
[2017.10.19-23.19.47:869][851]LogModuleManager: Shutting down and abandoning module LocalizationService (425)
[2017.10.19-23.19.47:869][851]LogModuleManager: Shutting down and abandoning module HardwareTargeting (422)
[2017.10.19-23.19.47:869][851]LogModuleManager: Shutting down and abandoning module DeviceProfileEditor (420)
[2017.10.19-23.19.47:869][851]LogModuleManager: Shutting down and abandoning module UndoHistory (418)
[2017.10.19-23.19.47:869][851]LogModuleManager: Shutting down and abandoning module XmlParser (416)
[2017.10.19-23.19.47:869][851]LogModuleManager: Shutting down and abandoning module Blutility (414)
[2017.10.19-23.19.47:869][851]LogModuleManager: Shutting down and abandoning module ProjectSettingsViewer (412)
[2017.10.19-23.19.47:870][851]LogModuleManager: Shutting down and abandoning module ProjectTargetPlatformEditor (411)
[2017.10.19-23.19.47:870][851]LogModuleManager: Shutting down and abandoning module EditorSettingsViewer (408)
[2017.10.19-23.19.47:870][851]LogModuleManager: Shutting down and abandoning module SettingsEditor (406)
[2017.10.19-23.19.47:870][851]LogModuleManager: Shutting down and abandoning module ProjectLauncher (404)
[2017.10.19-23.19.47:870][851]LogModuleManager: Shutting down and abandoning module SessionFrontend (402)
[2017.10.19-23.19.47:870][851]LogModuleManager: Shutting down and abandoning module ProfilerClient (400)
[2017.10.19-23.19.47:870][851]LogModuleManager: Shutting down and abandoning module DeviceManager (398)
[2017.10.19-23.19.47:870][851]LogModuleManager: Shutting down and abandoning module TargetDeviceServices (397)
[2017.10.19-23.19.47:922][851]LogModuleManager: Shutting down and abandoning module AutomationController (394)
[2017.10.19-23.19.47:922][851]LogModuleManager: Shutting down and abandoning module AutomationWindow (392)
[2017.10.19-23.19.47:922][851]LogModuleManager: Shutting down and abandoning module Layers (390)
[2017.10.19-23.19.47:922][851]LogModuleManager: Shutting down and abandoning module ComponentVisualizers (388)
[2017.10.19-23.19.47:922][851]LogModuleManager: Shutting down and abandoning module DetailCustomizations (386)
[2017.10.19-23.19.47:922][851]LogModuleManager: Shutting down and abandoning module PackagesDialog (384)
[2017.10.19-23.19.47:923][851]LogModuleManager: Shutting down and abandoning module Persona (382)
[2017.10.19-23.19.47:923][851]LogModuleManager: Shutting down and abandoning module AdvancedPreviewScene (381)
[2017.10.19-23.19.47:923][851]LogModuleManager: Shutting down and abandoning module AnimGraph (379)
[2017.10.19-23.19.47:923][851]LogModuleManager: Shutting down and abandoning module Kismet (376)
[2017.10.19-23.19.47:931][851]LogModuleManager: Shutting down and abandoning module ClassViewer (374)
[2017.10.19-23.19.47:931][851]LogModuleManager: Shutting down and abandoning module Toolbox (372)
[2017.10.19-23.19.47:931][851]LogModuleManager: Shutting down and abandoning module ModuleUI (370)
[2017.10.19-23.19.47:931][851]LogModuleManager: Shutting down and abandoning module MovieSceneTools (368)
[2017.10.19-23.19.47:931][851]LogModuleManager: Shutting down and abandoning module OutputLog (366)
[2017.10.19-23.19.47:931][851]LogModuleManager: Shutting down and abandoning module GammaUI (364)
[2017.10.19-23.19.47:931][851]LogModuleManager: Shutting down and abandoning module Documentation (362)
[2017.10.19-23.19.47:931][851]LogModuleManager: Shutting down and abandoning module MovieSceneTracks (360)
[2017.10.19-23.19.47:931][851]LogModuleManager: Shutting down and abandoning module MovieScene (358)
[2017.10.19-23.19.47:931][851]LogModuleManager: Shutting down and abandoning module Niagara (356)
[2017.10.19-23.19.47:932][851]LogModuleManager: Shutting down and abandoning module NiagaraEditor (355)
[2017.10.19-23.19.47:932][851]LogModuleManager: Shutting down and abandoning module StreamingPauseRendering (352)
[2017.10.19-23.19.47:932][851]LogModuleManager: Shutting down and abandoning module LauncherPlatform (350)
[2017.10.19-23.19.47:932][851]LogModuleManager: Shutting down and abandoning module AnalyticsET (348)
[2017.10.19-23.19.47:932][851]LogModuleManager: Shutting down and abandoning module PortalServices (346)
[2017.10.19-23.19.47:932][851]LogModuleManager: Shutting down and abandoning module PortalRpc (344)
[2017.10.19-23.19.47:932][851]LogModuleManager: Shutting down and abandoning module MessagingRpc (342)
[2017.10.19-23.19.47:932][851]LogModuleManager: Shutting down and abandoning module AIModule (340)
[2017.10.19-23.19.47:932][851]LogModuleManager: Shutting down and abandoning module GameplayDebugger (339)
[2017.10.19-23.19.47:932][851]LogModuleManager: Shutting down and abandoning module AITestSuite (337)
[2017.10.19-23.19.47:932][851]LogModuleManager: Shutting down and abandoning module ProfilerService (334)
[2017.10.19-23.19.48:154][851]LogModuleManager: Shutting down and abandoning module TaskGraph (332)
[2017.10.19-23.19.48:154][851]LogModuleManager: Shutting down and abandoning module SteamVRController (330)
[2017.10.19-23.19.48:154][851]LogModuleManager: Shutting down and abandoning module ProceduralMeshComponentEditor (328)
[2017.10.19-23.19.48:154][851]LogModuleManager: Shutting down and abandoning module ProceduralMeshComponent (326)
[2017.10.19-23.19.48:154][851]LogModuleManager: Shutting down and abandoning module OculusInput (324)
[2017.10.19-23.19.48:154][851]LogModuleManager: Shutting down and abandoning module MobilePatchingUtils (322)
[2017.10.19-23.19.48:154][851]LogModuleManager: Shutting down and abandoning module CustomMeshComponent (320)
[2017.10.19-23.19.48:154][851]LogModuleManager: Shutting down and abandoning module CableComponent (318)
[2017.10.19-23.19.48:154][851]LogModuleManager: Shutting down and abandoning module ArchVisCharacter (316)
[2017.10.19-23.19.48:154][851]LogModuleManager: Shutting down and abandoning module AndroidPermission (314)
[2017.10.19-23.19.48:154][851]LogModuleManager: Shutting down and abandoning module MediaPlayerEditor (310)
[2017.10.19-23.19.48:154][851]LogModuleManager: Shutting down and abandoning module HTML5Networking (308)
[2017.10.19-23.19.48:154][851]LogModuleManager: Shutting down and abandoning module AlembicImporter (306)
[2017.10.19-23.19.48:154][851]LogModuleManager: Shutting down and abandoning module AlembicLibrary (305)
[2017.10.19-23.19.48:154][851]LogModuleManager: Shutting down and abandoning module GeometryCache (304)
[2017.10.19-23.19.48:154][851]LogModuleManager: Shutting down and abandoning module GeometryCacheEd (303)
[2017.10.19-23.19.48:154][851]LogModuleManager: Shutting down and abandoning module SpeedTreeImporter (298)
[2017.10.19-23.19.48:154][851]LogModuleManager: Shutting down and abandoning module PluginBrowser (296)
[2017.10.19-23.19.48:154][851]LogModuleManager: Shutting down and abandoning module MobileLauncherProfileWizard (294)
[2017.10.19-23.19.48:154][851]LogModuleManager: Shutting down and abandoning module VisualStudioSourceCodeAccess (292)
[2017.10.19-23.19.48:154][851]LogModuleManager: Shutting down and abandoning module DesktopPlatform (291)
[2017.10.19-23.19.48:154][851]LogModuleManager: Shutting down and abandoning module UObjectPlugin (288)
[2017.10.19-23.19.48:155][851]LogModuleManager: Shutting down and abandoning module SubversionSourceControl (286)
[2017.10.19-23.19.48:155][851]LogModuleManager: Shutting down and abandoning module PerforceSourceControl (284)
[2017.10.19-23.19.48:155][851]LogModuleManager: Shutting down and abandoning module GitSourceControl (282)
[2017.10.19-23.19.48:155][851]LogModuleManager: Shutting down and abandoning module SourceControl (281)
[2017.10.19-23.19.48:155][851]LogModuleManager: Shutting down and abandoning module LightPropagationVolumeEditor (278)
[2017.10.19-23.19.48:155][851]LogModuleManager: Shutting down and abandoning module PaperTiledImporter (276)
[2017.10.19-23.19.48:155][851]LogModuleManager: Shutting down and abandoning module PaperSpriteSheetImporter (274)
[2017.10.19-23.19.48:155][851]LogModuleManager: Shutting down and abandoning module Paper2DEditor (272)
[2017.10.19-23.19.48:155][851]LogModuleManager: Shutting down and abandoning module MeshPaint (271)
[2017.10.19-23.19.48:155][851]LogModuleManager: Shutting down and abandoning module LevelEditor (269)
[2017.10.19-23.19.48:155][851]LogModuleManager: Shutting down and abandoning module PixelInspectorModule (268)
[2017.10.19-23.19.48:155][851]LogModuleManager: Shutting down and abandoning module MainFrame (266)
[2017.10.19-23.19.48:155][851]LogModuleManager: Shutting down and abandoning module HotReload (265)
[2017.10.19-23.19.48:156][851]LogModuleManager: Shutting down and abandoning module RuntimePhysXCooking (260)
[2017.10.19-23.19.48:156][851]LogModuleManager: Shutting down and abandoning module PhysXVehiclesEditor (258)
[2017.10.19-23.19.48:156][851]LogModuleManager: Shutting down and abandoning module PhysXVehicles (256)
[2017.10.19-23.19.48:156][851]LogModuleManager: Shutting down and abandoning module OculusEditor (254)
[2017.10.19-23.19.48:156][851]LogModuleManager: Shutting down and abandoning module LocationServicesBPLibrary (252)
[2017.10.19-23.19.48:156][851]LogModuleManager: Shutting down and abandoning module ImmediatePhysicsEditor (250)
[2017.10.19-23.19.48:156][851]LogModuleManager: Shutting down and abandoning module ImmediatePhysics (248)
[2017.10.19-23.19.48:156][851]LogModuleManager: Shutting down and abandoning module UdpMessaging (246)
[2017.10.19-23.19.48:257][851]LogModuleManager: Shutting down and abandoning module TcpMessaging (244)
[2017.10.19-23.19.48:357][851]LogModuleManager: Shutting down and abandoning module GameplayTagsEditor (242)
[2017.10.19-23.19.48:357][851]LogModuleManager: Shutting down and abandoning module FacialAnimationEditor (240)
[2017.10.19-23.19.48:357][851]LogModuleManager: Shutting down and abandoning module FacialAnimation (238)
[2017.10.19-23.19.48:357][851]LogModuleManager: Shutting down and abandoning module AssetManagerEditor (236)
[2017.10.19-23.19.48:357][851]LogModuleManager: Shutting down and abandoning module GraphEditor (235)
[2017.10.19-23.19.48:357][851]LogModuleManager: Shutting down and abandoning module ContentBrowser (233)
[2017.10.19-23.19.48:358][851]LogModuleManager: Shutting down and abandoning module LightPropagationVolumeRuntime (230)
[2017.10.19-23.19.48:358][851]LogModuleManager: Shutting down and abandoning module Paper2D (228)
[2017.10.19-23.19.48:358][851]LogModuleManager: Shutting down and abandoning module WindowsMoviePlayer (226)
[2017.10.19-23.19.48:358][851]LogModuleManager: Shutting down and abandoning module WmfMedia (224)
[2017.10.19-23.19.48:358][851]LogModuleManager: Shutting down and abandoning module PacketHandler (222)
[2017.10.19-23.19.48:358][851]LogModuleManager: Shutting down and abandoning module ClothingSystemEditor (220)
[2017.10.19-23.19.48:358][851]LogModuleManager: Shutting down and abandoning module ClothingSystemRuntime (218)
[2017.10.19-23.19.48:358][851]LogModuleManager: Shutting down and abandoning module Overlay (216)
[2017.10.19-23.19.48:358][851]LogModuleManager: Shutting down and abandoning module OverlayEditor (215)
[2017.10.19-23.19.48:358][851]LogModuleManager: Shutting down and abandoning module MediaAssets (212)
[2017.10.19-23.19.48:358][851]LogModuleManager: Shutting down and abandoning module VREditor (210)
[2017.10.19-23.19.48:358][851]LogModuleManager: Shutting down and abandoning module StringTableEditor (208)
[2017.10.19-23.19.48:358][851]LogModuleManager: Shutting down and abandoning module GameplayTasksEditor (206)
[2017.10.19-23.19.48:358][851]LogModuleManager: Shutting down and abandoning module BehaviorTreeEditor (204)
[2017.10.19-23.19.48:358][851]LogModuleManager: Shutting down and abandoning module FunctionalTesting (202)
[2017.10.19-23.19.48:358][851]LogModuleManager: Shutting down and abandoning module CollisionAnalyzer (200)
[2017.10.19-23.19.48:358][851]LogModuleManager: Shutting down and abandoning module WorkspaceMenuStructure (199)
[2017.10.19-23.19.48:358][851]LogModuleManager: Shutting down and abandoning module UMG (196)
[2017.10.19-23.19.48:358][851]LogModuleManager: Shutting down and abandoning module UMGEditor (195)
[2017.10.19-23.19.48:358][851]LogModuleManager: Shutting down and abandoning module Sequencer (194)
[2017.10.19-23.19.48:358][851]LogModuleManager: Shutting down and abandoning module MessageLog (191)
[2017.10.19-23.19.48:358][851]LogModuleManager: Shutting down and abandoning module SlateReflector (186)
[2017.10.19-23.19.48:358][851]LogModuleManager: Shutting down and abandoning module Slate (184)
[2017.10.19-23.19.48:358][851]LogModuleManager: Shutting down and abandoning module EditorStyle (182)
[2017.10.19-23.19.48:360][851]LogModuleManager: Shutting down and abandoning module MRMesh (180)
[2017.10.19-23.19.48:361][851]LogModuleManager: Shutting down and abandoning module SourceCodeAccess (178)
[2017.10.19-23.19.48:361][851]LogModuleManager: Shutting down and abandoning module HeadMountedDisplay (176)
[2017.10.19-23.19.48:361][851]LogModuleManager: Shutting down and abandoning module XAudio2 (174)
[2017.10.19-23.19.48:361][851]LogModuleManager: Shutting down and abandoning module Networking (172)
[2017.10.19-23.19.48:361][851]LogModuleManager: Shutting down and abandoning module Core (168)
[2017.10.19-23.19.48:361][851]LogModuleManager: Shutting down and abandoning module KismetCompiler (164)
[2017.10.19-23.19.48:361][851]LogModuleManager: Shutting down and abandoning module LevelSequence (162)
[2017.10.19-23.19.48:361][851]LogModuleManager: Shutting down and abandoning module MeshUtilities (160)
[2017.10.19-23.19.48:361][851]LogModuleManager: Shutting down and abandoning module MeshMergeUtilities (159)
[2017.10.19-23.19.48:361][851]LogModuleManager: Shutting down and abandoning module MeshReductionInterface (158)
[2017.10.19-23.19.48:361][851]LogModuleManager: Shutting down and abandoning module SimplygonSwarm (157)
[2017.10.19-23.19.48:361][851]LogModuleManager: Shutting down and abandoning module SimplygonMeshReduction (155)
[2017.10.19-23.19.48:361][851]LogModuleManager: Shutting down and abandoning module QuadricMeshReduction (153)
[2017.10.19-23.19.48:361][851]LogModuleManager: Shutting down and abandoning module MaterialBaking (149)
[2017.10.19-23.19.48:361][851]LogModuleManager: Shutting down and abandoning module DirectoryWatcher (146)
[2017.10.19-23.19.48:361][851]LogModuleManager: Shutting down and abandoning module DerivedDataCache (144)
[2017.10.19-23.19.48:364][851]LogDerivedDataCache: Shutdown
[2017.10.19-23.19.48:365][851]LogModuleManager: Shutting down and abandoning module TargetPlatform (142)
[2017.10.19-23.19.48:365][851]LogModuleManager: Shutting down and abandoning module VulkanShaderFormat (141)
[2017.10.19-23.19.48:365][851]LogModuleManager: Shutting down and abandoning module ShaderFormatVectorVM (139)
[2017.10.19-23.19.48:365][851]LogModuleManager: Shutting down and abandoning module ShaderFormatOpenGL (137)
[2017.10.19-23.19.48:365][851]LogModuleManager: Shutting down and abandoning module ShaderFormatD3D (135)
[2017.10.19-23.19.48:365][851]LogModuleManager: Shutting down and abandoning module MetalShaderFormat (133)
[2017.10.19-23.19.48:365][851]LogModuleManager: Shutting down and abandoning module TextureFormatUncompressed (131)
[2017.10.19-23.19.48:365][851]LogModuleManager: Shutting down and abandoning module TextureFormatPVR (129)
[2017.10.19-23.19.48:365][851]LogModuleManager: Shutting down and abandoning module TextureFormatDXT (127)
[2017.10.19-23.19.48:365][851]LogModuleManager: Shutting down and abandoning module TextureFormatIntelISPCTexComp (125)
[2017.10.19-23.19.48:365][851]LogModuleManager: Shutting down and abandoning module TextureFormatASTC (123)
[2017.10.19-23.19.48:365][851]LogModuleManager: Shutting down and abandoning module ImageWrapper (122)
[2017.10.19-23.19.48:365][851]LogModuleManager: Shutting down and abandoning module TextureFormatAndroid (119)
[2017.10.19-23.19.48:365][851]LogModuleManager: Shutting down and abandoning module AudioFormatOpus (117)
[2017.10.19-23.19.48:365][851]LogModuleManager: Shutting down and abandoning module AudioFormatOgg (115)
[2017.10.19-23.19.48:365][851]LogModuleManager: Shutting down and abandoning module AudioFormatADPCM (113)
[2017.10.19-23.19.48:365][851]LogModuleManager: Shutting down and abandoning module LinuxTargetPlatform (111)
[2017.10.19-23.19.48:365][851]LogModuleManager: Shutting down and abandoning module LinuxServerTargetPlatform (109)
[2017.10.19-23.19.48:365][851]LogModuleManager: Shutting down and abandoning module LinuxNoEditorTargetPlatform (107)
[2017.10.19-23.19.48:365][851]LogModuleManager: Shutting down and abandoning module LinuxClientTargetPlatform (105)
[2017.10.19-23.19.48:365][851]LogModuleManager: Shutting down and abandoning module TVOSTargetPlatform (103)
[2017.10.19-23.19.48:365][851]LogModuleManager: Shutting down and abandoning module Messaging (101)
[2017.10.19-23.19.48:365][851]LogModuleManager: Shutting down and abandoning module IOSTargetPlatform (99)
[2017.10.19-23.19.48:365][851]LogModuleManager: Shutting down and abandoning module HTML5TargetPlatform (97)
[2017.10.19-23.19.48:365][851]LogModuleManager: Shutting down and abandoning module Android_PVRTCTargetPlatform (95)
[2017.10.19-23.19.48:365][851]LogModuleManager: Shutting down and abandoning module Android_MultiTargetPlatform (93)
[2017.10.19-23.19.48:365][851]LogModuleManager: Shutting down and abandoning module Android_ETC2TargetPlatform (91)
[2017.10.19-23.19.48:365][851]LogModuleManager: Shutting down and abandoning module Android_ETC1TargetPlatform (89)
[2017.10.19-23.19.48:365][851]LogModuleManager: Shutting down and abandoning module Android_DXTTargetPlatform (87)
[2017.10.19-23.19.48:365][851]LogModuleManager: Shutting down and abandoning module Android_ATCTargetPlatform (85)
[2017.10.19-23.19.48:365][851]LogModuleManager: Shutting down and abandoning module Android_ASTCTargetPlatform (83)
[2017.10.19-23.19.48:365][851]LogModuleManager: Shutting down and abandoning module AndroidTargetPlatform (81)
[2017.10.19-23.19.48:365][851]LogModuleManager: Shutting down and abandoning module WindowsTargetPlatform (79)
[2017.10.19-23.19.48:365][851]LogModuleManager: Shutting down and abandoning module WindowsServerTargetPlatform (77)
[2017.10.19-23.19.48:365][851]LogModuleManager: Shutting down and abandoning module WindowsNoEditorTargetPlatform (75)
[2017.10.19-23.19.48:365][851]LogModuleManager: Shutting down and abandoning module WindowsClientTargetPlatform (73)
[2017.10.19-23.19.48:365][851]LogModuleManager: Shutting down and abandoning module MacTargetPlatform (71)
[2017.10.19-23.19.48:365][851]LogModuleManager: Shutting down and abandoning module MacServerTargetPlatform (69)
[2017.10.19-23.19.48:365][851]LogModuleManager: Shutting down and abandoning module MacNoEditorTargetPlatform (67)
[2017.10.19-23.19.48:365][851]LogModuleManager: Shutting down and abandoning module MacClientTargetPlatform (65)
[2017.10.19-23.19.48:365][851]LogModuleManager: Shutting down and abandoning module AllDesktopTargetPlatform (63)
[2017.10.19-23.19.48:365][851]LogModuleManager: Shutting down and abandoning module InputCore (60)
[2017.10.19-23.19.48:365][851]LogModuleManager: Shutting down and abandoning module Settings (58)
[2017.10.19-23.19.48:365][851]LogModuleManager: Shutting down and abandoning module PhysXCooking (56)
[2017.10.19-23.19.48:365][851]LogModuleManager: Shutting down and abandoning module SteamVR (54)
[2017.10.19-23.19.48:365][851]LogModuleManager: Shutting down and abandoning module OculusHMD (52)
[2017.10.19-23.19.48:365][851]LogModuleManager: Shutting down and abandoning module ExampleDeviceProfileSelector (50)
[2017.10.19-23.19.48:366][851]LogModuleManager: Shutting down and abandoning module OnlineBlueprintSupport (48)
[2017.10.19-23.19.48:366][851]LogModuleManager: Shutting down and abandoning module OnlineSubsystem (44)
[2017.10.19-23.19.48:366][851]LogOnline: Display: Unloading online subsystem: NULL
[2017.10.19-23.19.48:366][851]LogModuleManager: Shutting down and abandoning module XMPP (43)
[2017.10.19-23.19.48:366][851]LogModuleManager: Shutting down and abandoning module HTTP (41)
[2017.10.19-23.19.48:366][851]LogHttp: Display: Http module shutting down, but needs to wait on 1 outstanding Http requests:
[2017.10.19-23.19.48:366][851]LogHttp: Display: 	verb=[POST] url=[https://datarouter.ol.epicgames.com/datarouter/api/v1/public/data?SessionID=%7B3E1BCC72-44A1-B1D3-5212-FE88EBDAC342%7D&AppID=UEEditor.Rocket.Release&AppVersion=4.17.2-3658906%2B%2B%2BUE4%2BRelease-4.17&UserID=a202bbab4bfb72a6c72ab59bf5105770%7Ca6b7376151474e159cf10430cd50646e%7C20bc636a-a4d7-41a8-a2dc-7238c7cddcf0&AppEnvironment=datacollector-binary&UploadType=eteventstream] status=Processing
[2017.10.19-23.19.48:382][851]LogModuleManager: Shutting down and abandoning module SSL (40)
[2017.10.19-23.19.48:383][851]LogModuleManager: Shutting down and abandoning module AnimationModifiers (36)
[2017.10.19-23.19.48:383][851]LogModuleManager: Shutting down and abandoning module PropertyEditor (35)
[2017.10.19-23.19.48:383][851]LogModuleManager: Shutting down and abandoning module AudioEditor (32)
[2017.10.19-23.19.48:383][851]LogModuleManager: Shutting down and abandoning module TextureCompressor (30)
[2017.10.19-23.19.48:383][851]LogModuleManager: Shutting down and abandoning module ShaderCore (28)
[2017.10.19-23.19.48:383][851]LogModuleManager: Shutting down and abandoning module Landscape (26)
[2017.10.19-23.19.48:383][851]LogModuleManager: Shutting down and abandoning module SlateRHIRenderer (24)
[2017.10.19-23.19.48:384][851]LogModuleManager: Shutting down and abandoning module OpenGLDrv (22)
[2017.10.19-23.19.48:384][851]LogModuleManager: Shutting down and abandoning module D3D11RHI (20)
[2017.10.19-23.19.48:384][851]LogModuleManager: Shutting down and abandoning module AnimGraphRuntime (18)
[2017.10.19-23.19.48:384][851]LogModuleManager: Shutting down and abandoning module Renderer (16)
[2017.10.19-23.19.48:384][851]LogModuleManager: Shutting down and abandoning module Engine (14)
[2017.10.19-23.19.48:384][851]LogModuleManager: Shutting down and abandoning module CoreUObject (12)
[2017.10.19-23.19.48:384][851]LogModuleManager: Shutting down and abandoning module NetworkFile (10)
[2017.10.19-23.19.48:384][851]LogModuleManager: Shutting down and abandoning module CookedIterativeFile (8)
[2017.10.19-23.19.48:384][851]LogModuleManager: Shutting down and abandoning module StreamingFile (6)
[2017.10.19-23.19.48:384][851]LogModuleManager: Shutting down and abandoning module SandboxFile (4)
[2017.10.19-23.19.48:384][851]LogModuleManager: Shutting down and abandoning module PakFile (2)
[2017.10.19-23.19.48:387][851]LogExit: Exiting.
[2017.10.19-23.19.48:397][851]Log file closed, 10/20/17 00:19:48
