Log file open, 10/18/17 11:21:51
LogWindows: Failed to load 'aqProf.dll' (GetLastError=126)
LogWindows: File 'aqProf.dll' does not exist
LogWindows: Failed to load 'VSPerf140.dll' (GetLastError=126)
LogWindows: File 'VSPerf140.dll' does not exist
LogWindows: Failed to load 'VtuneApi.dll' (GetLastError=126)
LogWindows: File 'VtuneApi.dll' does not exist
LogWindows: Failed to load 'VtuneApi32e.dll' (GetLastError=126)
LogWindows: File 'VtuneApi32e.dll' does not exist
LogInit: Display: Running engine for game: ThirdPersonProject
LogPlatformFile: Not using cached read wrapper
LogInit: Display: RandInit(-1009406945) SRandInit(-1009406945).
LogTaskGraph: Started task graph with 5 named threads and 14 total threads with 3 sets of task threads.
LogStats: Stats thread started at 0.170282
LogD3D11RHI: Aftermath initialized
LogPluginManager: Mounting plugin Paper2D
LogPluginManager: Mounting plugin LightPropagationVolume
LogPluginManager: Mounting plugin CodeLiteSourceCodeAccess
LogPluginManager: Mounting plugin GitSourceControl
LogPluginManager: Mounting plugin KDevelopSourceCodeAccess
LogPluginManager: Mounting plugin NullSourceCodeAccess
LogPluginManager: Mounting plugin PerforceSourceControl
LogPluginManager: Mounting plugin SubversionSourceControl
LogPluginManager: Mounting plugin UObjectPlugin
LogPluginManager: Mounting plugin VisualStudioSourceCodeAccess
LogPluginManager: Mounting plugin XCodeSourceCodeAccess
LogPluginManager: Mounting plugin AssetManagerEditor
LogPluginManager: Mounting plugin AudioCapture
LogPluginManager: Mounting plugin FacialAnimation
LogPluginManager: Mounting plugin GameplayTagsEditor
LogPluginManager: Mounting plugin MobileLauncherProfileWizard
LogPluginManager: Mounting plugin PluginBrowser
LogPluginManager: Mounting plugin SpeedTreeImporter
LogPluginManager: Mounting plugin AlembicImporter
LogPluginManager: Mounting plugin CharacterAI
LogPluginManager: Mounting plugin HTML5Networking
LogPluginManager: Mounting plugin AndroidMedia
LogPluginManager: Mounting plugin AvfMedia
LogPluginManager: Mounting plugin MediaPlayerEditor
LogPluginManager: Mounting plugin WmfMedia
LogPluginManager: Mounting plugin TcpMessaging
LogPluginManager: Mounting plugin UdpMessaging
LogPluginManager: Mounting plugin LevelSequenceEditor
LogPluginManager: Mounting plugin MatineeToLevelSequence
LogPluginManager: Mounting plugin OnlineSubsystemGooglePlay
LogPluginManager: Mounting plugin OnlineSubsystemIOS
LogPluginManager: Mounting plugin OnlineSubsystem
LogPluginManager: Mounting plugin OnlineSubsystemNull
LogPluginManager: Mounting plugin OnlineSubsystemUtils
LogPluginManager: Mounting plugin AndroidDeviceProfileSelector
LogPluginManager: Mounting plugin AndroidMoviePlayer
LogPluginManager: Mounting plugin AndroidPermission
LogPluginManager: Mounting plugin AppleMoviePlayer
LogPluginManager: Mounting plugin ArchVisCharacter
LogPluginManager: Mounting plugin CableComponent
LogPluginManager: Mounting plugin CustomMeshComponent
LogPluginManager: Mounting plugin ExampleDeviceProfileSelector
LogPluginManager: Mounting plugin GoogleCloudMessaging
LogPluginManager: Mounting plugin ImmediatePhysics
LogPluginManager: Mounting plugin IOSDeviceProfileSelector
LogPluginManager: Mounting plugin LinuxDeviceProfileSelector
LogPluginManager: Mounting plugin LocationServicesBPLibrary
LogPluginManager: Mounting plugin MobilePatchingUtils
LogPluginManager: Mounting plugin OculusVR
LogPluginManager: Mounting plugin PhysXVehicles
LogPluginManager: Mounting plugin ProceduralMeshComponent
LogPluginManager: Mounting plugin RuntimePhysXCooking
LogPluginManager: Mounting plugin SteamVR
LogPluginManager: Mounting plugin WindowsMoviePlayer
LogInit: Using libcurl 7.47.1
LogInit:  - built for x86_64-pc-win32
LogInit:  - supports SSL with OpenSSL/1.0.2g
LogInit:  - supports HTTP deflate (compression) using libz 1.2.8
LogInit:  - other features:
LogInit:      CURL_VERSION_SSL
LogInit:      CURL_VERSION_LIBZ
LogInit:      CURL_VERSION_IPV6
LogInit:      CURL_VERSION_ASYNCHDNS
LogInit:      CURL_VERSION_LARGEFILE
LogInit:      CURL_VERSION_IDN
LogInit:  CurlRequestOptions (configurable via config and command line):
LogInit:  - bVerifyPeer = false  - Libcurl will NOT verify peer certificate
LogInit:  - bUseHttpProxy = false  - Libcurl will NOT use HTTP proxy
LogInit:  - bDontReuseConnections = false  - Libcurl will reuse connections
LogInit:  - CertBundlePath = nullptr  - Libcurl will use whatever was configured at build time.
LogInit: Build: ++UE4+Release-4.17-CL-3658906
LogInit: Engine Version: 4.17.2-3658906+++UE4+Release-4.17
LogInit: Compatible Engine Version: 4.17.0-3573198+++UE4+Release-4.17
LogInit: Net CL: 3573198
LogDevObjectVersion: Number of dev versions registered: 16
LogDevObjectVersion:   Dev-Blueprints (B0D832E4-1F89-4F0D-ACCF-7EB736FD4AA2): 10
LogDevObjectVersion:   Dev-Build (E1C64328-A22C-4D53-A36C-8E866417BD8C): 0
LogDevObjectVersion:   Dev-Core (375EC13C-06E4-48FB-B500-84F0262A717E): 2
LogDevObjectVersion:   Dev-Editor (E4B068ED-F494-42E9-A231-DA0B2E46BB41): 20
LogDevObjectVersion:   Dev-Framework (CFFC743F-43B0-4480-9391-14DF171D2073): 28
LogDevObjectVersion:   Dev-Mobile (B02B49B5-BB20-44E9-A304-32B752E40360): 0
LogDevObjectVersion:   Dev-Networking (A4E4105C-59A1-49B5-A7C5-40C4547EDFEE): 0
LogDevObjectVersion:   Dev-Online (39C831C9-5AE6-47DC-9A44-9C173E1C8E7C): 0
LogDevObjectVersion:   Dev-Physics (78F01B33-EBEA-4F98-B9B4-84EACCB95AA2): 0
LogDevObjectVersion:   Dev-Platform (6631380F-2D4D-43E0-8009-CF276956A95A): 0
LogDevObjectVersion:   Dev-Rendering (12F88B9F-8875-4AFC-A67C-D90C383ABD29): 19
LogDevObjectVersion:   Dev-Sequencer (7B5AE74C-D270-4C10-A958-57980B212A5A): 4
LogDevObjectVersion:   Dev-VR (D7296918-1DD6-4BDD-9DE2-64A83CC13884): 0
LogDevObjectVersion:   Dev-LoadTimes (C2A15278-BFE7-4AFE-6C17-90FF531DF755): 1
LogDevObjectVersion:   Private-Geometry (6EACA3D4-40EC-4CC1-B786-8BED09428FC5): 1
LogDevObjectVersion:   Dev-AnimPhys (29E575DD-E0A3-4627-9D10-D276232CDCEA): 7
LogInit: Compiled (64-bit): Sep 22 2017 13:47:16
LogInit: Compiled with Visual C++: 19.00.24215.01
LogInit: Build Configuration: Development
LogInit: Branch Name: ++UE4+Release-4.17
LogInit: Command line:  
LogInit: Base directory: C:/Program Files/Epic Games/UE_4.17/Engine/Binaries/Win64/
LogInit: Installed Engine Build: 1
LogInit: Presizing for max 8388607 objects, including 0 objects not considered by GC, pre-allocating 0 bytes for permanent pool.
LogInit: Object subsystem initialized
[2017.10.18-10.21.52:065][  0]LogInit: Selected Device Profile: [Windows]
[2017.10.18-10.21.52:065][  0]LogInit: Applying CVar settings loaded from the selected device profile: [Windows]
[2017.10.18-10.21.52:078][  0]LogInit: Computer: DESKTOP-UTLPHC3
[2017.10.18-10.21.52:078][  0]LogInit: User: Leszek
[2017.10.18-10.21.52:079][  0]LogInit: CPU Page size=4096, Cores=4
[2017.10.18-10.21.52:079][  0]LogInit: High frequency timer resolution =2.742191 MHz
[2017.10.18-10.21.52:079][  0]LogMemory: Memory total: Physical=15.9GB (16GB approx)
[2017.10.18-10.21.52:079][  0]LogMemory: Platform Memory Stats for Windows
[2017.10.18-10.21.52:079][  0]LogMemory: Process Physical Memory: 279.05 MB used, 279.05 MB peak
[2017.10.18-10.21.52:079][  0]LogMemory: Process Virtual Memory: 282.19 MB used, 282.19 MB peak
[2017.10.18-10.21.52:079][  0]LogMemory: Physical Memory: 6468.94 MB used,  9767.00 MB free, 16235.95 MB total
[2017.10.18-10.21.52:079][  0]LogMemory: Virtual Memory: 676.78 MB used,  9767.00 MB free, 134217728.00 MB total
[2017.10.18-10.21.52:609][  0]LogInit: Using OS detected language (en-US).
[2017.10.18-10.21.52:609][  0]LogInit: Using OS detected locale (en-GB).
[2017.10.18-10.21.52:612][  0]LogTextLocalizationManager: No specific localization for 'en-US' exists, so the 'en' localization will be used.
[2017.10.18-10.21.53:429][  0]LogD3D11RHI: D3D11 adapters:
[2017.10.18-10.21.53:479][  0]LogD3D11RHI:    0. 'NVIDIA GeForce GTX 1050' (Feature Level 11_0)
[2017.10.18-10.21.53:479][  0]LogD3D11RHI:       4031/0/8117 MB DedicatedVideo/DedicatedSystem/SharedSystem, Outputs:1, VendorId:0x10de
[2017.10.18-10.21.53:487][  0]LogD3D11RHI:    1. 'Intel(R) HD Graphics 630' (Feature Level 11_0)
[2017.10.18-10.21.53:487][  0]LogD3D11RHI:       128/0/8117 MB DedicatedVideo/DedicatedSystem/SharedSystem, Outputs:0, VendorId:0x8086
[2017.10.18-10.21.53:489][  0]LogD3D11RHI:    2. 'Microsoft Basic Render Driver' (Feature Level 11_0)
[2017.10.18-10.21.53:489][  0]LogD3D11RHI:       0/0/8117 MB DedicatedVideo/DedicatedSystem/SharedSystem, Outputs:0, VendorId:0x1414
[2017.10.18-10.21.53:489][  0]LogD3D11RHI: Chosen D3D11 Adapter: 0
[2017.10.18-10.21.53:495][  0]LogD3D11RHI: Creating new Direct3DDevice
[2017.10.18-10.21.53:495][  0]LogD3D11RHI:     GPU DeviceId: 0x1c8d (for the marketing name, search the web for "GPU Device Id")
[2017.10.18-10.21.53:495][  0]LogWindows: EnumDisplayDevices:
[2017.10.18-10.21.53:496][  0]LogWindows:    0. 'Intel(R) HD Graphics 630' (P:1 D:1)
[2017.10.18-10.21.53:496][  0]LogWindows:    1. 'Intel(R) HD Graphics 630' (P:0 D:0)
[2017.10.18-10.21.53:496][  0]LogWindows:    2. 'Intel(R) HD Graphics 630' (P:0 D:0)
[2017.10.18-10.21.53:496][  0]LogWindows: DebugString: PrimaryIsNotTheChoosenAdapter PrimaryIsNotTheChoosenAdapter PrimaryIsNotTheChoosenAdapter FoundDriverCount:0 
[2017.10.18-10.21.53:496][  0]LogD3D11RHI:     Adapter Name: NVIDIA GeForce GTX 1050
[2017.10.18-10.21.53:496][  0]LogD3D11RHI:   Driver Version: Unknown (internal:Unknown, unified:Unknown)
[2017.10.18-10.21.53:496][  0]LogD3D11RHI:      Driver Date: Unknown
[2017.10.18-10.21.53:496][  0]LogRHI: Texture pool is 1361 MB (70% of 1945 MB)
[2017.10.18-10.21.53:521][  0]LogD3D11RHI: Async texture creation enabled
[2017.10.18-10.21.53:556][  0]LogD3D11RHI: GPU Timing Frequency: 1000.000000 (Debug: 2 1)
[2017.10.18-10.21.53:557][  0]LogShaderCompilers: Guid format shader working directory is -29 characters bigger than the processId version (../../../../../../Users/Leszek/Documents/Unreal Projects/ThirdPersonProject/Intermediate/Shaders/WorkingDirectory/15636/).
[2017.10.18-10.21.53:557][  0]LogShaderCompilers: Cleaned the shader compiler working directory 'C:/Users/Leszek/AppData/Local/Temp/UnrealShaderWorkingDir/54BD0E9C4F74BE811AB7A5B82AF4B119/'.
[2017.10.18-10.21.53:557][  0]LogShaderCompilers: Display: Using Local Shader Compiler.
[2017.10.18-10.21.54:634][  0]LogTemp: Display: Loaded TP AllDesktopTargetPlatform
[2017.10.18-10.21.54:710][  0]LogTemp: Display: Loaded TP MacClientTargetPlatform
[2017.10.18-10.21.54:781][  0]LogTemp: Display: Loaded TP MacNoEditorTargetPlatform
[2017.10.18-10.21.54:854][  0]LogTemp: Display: Loaded TP MacServerTargetPlatform
[2017.10.18-10.21.54:929][  0]LogTemp: Display: Loaded TP MacTargetPlatform
[2017.10.18-10.21.55:006][  0]LogTemp: Display: Loaded TP WindowsClientTargetPlatform
[2017.10.18-10.21.55:077][  0]LogTemp: Display: Loaded TP WindowsNoEditorTargetPlatform
[2017.10.18-10.21.55:226][  0]LogTemp: Display: Loaded TP WindowsServerTargetPlatform
[2017.10.18-10.21.55:348][  0]LogTemp: Display: Loaded TP WindowsTargetPlatform
[2017.10.18-10.21.55:435][  0]LogTemp: Display: Loaded TP AndroidTargetPlatform
[2017.10.18-10.21.55:539][  0]LogTemp: Display: Loaded TP Android_ASTCTargetPlatform
[2017.10.18-10.21.55:716][  0]LogTemp: Display: Loaded TP Android_ATCTargetPlatform
[2017.10.18-10.21.55:871][  0]LogTemp: Display: Loaded TP Android_DXTTargetPlatform
[2017.10.18-10.21.55:980][  0]LogTemp: Display: Loaded TP Android_ETC1TargetPlatform
[2017.10.18-10.21.56:110][  0]LogTemp: Display: Loaded TP Android_ETC2TargetPlatform
[2017.10.18-10.21.56:260][  0]LogTemp: Display: Loaded TP Android_MultiTargetPlatform
[2017.10.18-10.21.56:260][  0]LogTemp: Display: Loaded TP Android_PVRTCTargetPlatform
[2017.10.18-10.21.56:361][  0]LogTemp: Display: Loaded TP HTML5TargetPlatform
[2017.10.18-10.21.56:550][  0]LogTemp: Display: Loaded TP IOSTargetPlatform
[2017.10.18-10.21.56:598][  0]LogTemp: Display: Loaded TP TVOSTargetPlatform
[2017.10.18-10.21.56:681][  0]LogTemp: Display: Loaded TP LinuxClientTargetPlatform
[2017.10.18-10.21.56:763][  0]LogTemp: Display: Loaded TP LinuxNoEditorTargetPlatform
[2017.10.18-10.21.56:841][  0]LogTemp: Display: Loaded TP LinuxServerTargetPlatform
[2017.10.18-10.21.56:924][  0]LogTemp: Display: Loaded TP LinuxTargetPlatform
[2017.10.18-10.21.56:924][  0]LogTargetPlatformManager: Display: Building Assets For Windows
[2017.10.18-10.21.57:795][  0]LogDerivedDataCache: Display: Max Cache Size: 512 MB
[2017.10.18-10.21.57:924][  0]LogDerivedDataCache: Loaded boot cache 0.13s 93MB C:/Users/Leszek/AppData/Local/UnrealEngine/4.17/DerivedDataCache/Boot.ddc.
[2017.10.18-10.21.57:924][  0]LogDerivedDataCache: Display: Loaded Boot cache: C:/Users/Leszek/AppData/Local/UnrealEngine/4.17/DerivedDataCache/Boot.ddc
[2017.10.18-10.21.57:925][  0]LogDerivedDataCache: FDerivedDataBackendGraph:  Pak pak cache file ../../../../../../Users/Leszek/Documents/Unreal Projects/ThirdPersonProject/DerivedDataCache/DDC.ddp not found, will not use a pak cache.
[2017.10.18-10.21.57:925][  0]LogDerivedDataCache: Unable to find inner node Pak for hierarchical cache Hierarchy.
[2017.10.18-10.21.57:925][  0]LogDerivedDataCache: FDerivedDataBackendGraph:  CompressedPak pak cache file ../../../../../../Users/Leszek/Documents/Unreal Projects/ThirdPersonProject/DerivedDataCache/Compressed.ddp not found, will not use a pak cache.
[2017.10.18-10.21.57:925][  0]LogDerivedDataCache: Unable to find inner node CompressedPak for hierarchical cache Hierarchy.
[2017.10.18-10.21.57:944][  0]LogDerivedDataCache: Display: Pak cache opened for reading ../../../Engine/DerivedDataCache/Compressed.ddp.
[2017.10.18-10.21.57:957][  0]LogDerivedDataCache: Using Local data cache path C:/Users/Leszek/AppData/Local/UnrealEngine/Common/DerivedDataCache: Writable
[2017.10.18-10.21.57:975][  0]LogMaterial: Verifying Global Shaders for PCD3D_SM5
[2017.10.18-10.21.57:976][  0]LogSlate: Using Freetype 2.6.0
[2017.10.18-10.21.57:977][  0]LogSlate: SlateFontCache - WITH_FREETYPE: 1, WITH_HARFBUZZ: 1
[2017.10.18-10.21.57:977][  0]LogSlate: SlateFontCache - WITH_FREETYPE: 1, WITH_HARFBUZZ: 1
[2017.10.18-10.21.58:301][  0]LogAssetRegistry: FAssetRegistry took 0.0268 seconds to start up
[2017.10.18-10.21.58:444][  0]LogInit: Selected Device Profile: [Windows]
[2017.10.18-10.21.59:047][  0]LogSimplygon: Simplygon DLL not present - disabling.
[2017.10.18-10.21.59:122][  0]LogMeshReduction: Using SimplygonSwarm for distributed automatic mesh merging
[2017.10.18-10.21.59:122][  0]LogMeshReduction: Using QuadricMeshReduction for automatic static mesh reduction
[2017.10.18-10.21.59:122][  0]LogMeshReduction: No automatic skeletal mesh reduction module available
[2017.10.18-10.21.59:122][  0]LogMeshReduction: No automatic mesh merging module available
[2017.10.18-10.21.59:122][  0]LogMeshMerging: No automatic mesh merging module available
[2017.10.18-10.21.59:124][  0]LogContentStreaming: Texture pool size is 0.00 MB
[2017.10.18-10.21.59:764][  0]LogNetVersion: ThirdPersonProject , NetCL: 3573198, EngineNetVer: 2, GameNetVer: 0 (Checksum: 1977349515)
[2017.10.18-10.22.00:055][  0]LogPackageLocalizationCache: Processed 5 localized package path(s) for 2 prioritized culture(s) in 0.054417 seconds
[2017.10.18-10.22.00:061][  0]LogUObjectArray: 35825 objects as part of root set at end of initial load.
[2017.10.18-10.22.00:061][  0]LogUObjectAllocator: 7529104 out of 0 bytes used by permanent object pool.
[2017.10.18-10.22.00:061][  0]LogUObjectArray: CloseDisregardForGC: 0/0 objects in disregard for GC pool
[2017.10.18-10.22.00:166][  0]LogInit: WinSock: version 1.1 (2.2), MaxSocks=32767, MaxUdp=65467
[2017.10.18-10.22.04:588][  0]LogTcpMessaging: Initializing TcpMessaging bridge
[2017.10.18-10.22.04:656][  0]LogUdpMessaging: Initializing bridge on interface 0.0.0.0:0 to multicast group 230.0.0.1:6666.
[2017.10.18-10.22.05:907][  0]LogMaterial: Uniform references updated for custom material expression Custom.
[2017.10.18-10.22.07:175][  0]SourceControl: Source control is disabled
[2017.10.18-10.22.07:175][  0]SourceControl: Source control is disabled
[2017.10.18-10.22.07:297][  0]SourceControl: Source control is disabled
[2017.10.18-10.22.07:496][  0]SourceControl: Source control is disabled
[2017.10.18-10.22.09:737][  0]LogAndroidPermission: UAndroidPermissionCallbackProxy::GetInstance
[2017.10.18-10.22.10:339][  0]LogOcInput: OculusInput pre-init called
[2017.10.18-10.22.11:052][  0]LogEngine: Initializing Engine...
[2017.10.18-10.22.11:056][  0]LogHMD: Failed to initialize OpenVR with code 110
[2017.10.18-10.22.11:506][  0]LogStats: UGameplayTagsManager::ConstructGameplayTagTree: Construct from data asset -  0.000 s
[2017.10.18-10.22.11:506][  0]LogStats: UGameplayTagsManager::ConstructGameplayTagTree: GameplayTagTreeChangedEvent.Broadcast -  0.000 s
[2017.10.18-10.22.11:744][  0]LogAIModule: Creating AISystem for world Untitled
[2017.10.18-10.22.11:751][  0]LogInit: XAudio2 using 'Speakers / Headphones (Realtek Audio)' : 2 channels at 48 kHz using 32 bits per sample (channel mask 0x3)
[2017.10.18-10.22.12:887][  0]LogInit: FAudioDevice initialized.
[2017.10.18-10.22.12:979][  0]LogDerivedDataCache: Saved boot cache 0.09s 93MB C:/Users/Leszek/AppData/Local/UnrealEngine/4.17/DerivedDataCache/Boot.ddc.
[2017.10.18-10.22.12:985][  0]LogInit: Texture streaming: Enabled
[2017.10.18-10.22.13:292][  0]LogEngineSessionManager: EngineSessionManager initialized
[2017.10.18-10.22.13:810][  0]LogInit: Transaction tracking system initialized
[2017.10.18-10.22.14:415][  0]BlueprintLog: New page: Editor Load
[2017.10.18-10.22.16:328][  0]LocalizationService: Localization service is disabled
[2017.10.18-10.22.17:200][  0]LogLinker: Warning: Can't find file '/Game/ThirdPersonBP/ThirdPersonOverview'
[2017.10.18-10.22.17:201][  0]LogLinker: Warning: Can't find file '/Game/ThirdPersonBP/ThirdPersonOverview'
[2017.10.18-10.22.17:201][  0]LogUObjectGlobals: Warning: Failed to find object 'Class /Game/ThirdPersonBP/ThirdPersonOverview.ThirdPersonOverview_C'
[2017.10.18-10.22.17:466][  0]LogConsoleResponse: Display: 
[2017.10.18-10.22.17:682][  0]LogCook: Display: Max memory allowance for cook 16384mb min free memory 0mb
[2017.10.18-10.22.17:682][  0]LogCook: Display: Mobile HDR setting 1
[2017.10.18-10.22.17:682][  0]LogGameplayTags: Display: UGameplayTagsManager::DoneAddingNativeTags. DelegateIsBound: 0
[2017.10.18-10.22.18:385][  0]LogFileCache: Scanning file cache for directory 'C:/Users/Leszek/Documents/Unreal Projects/ThirdPersonProject/Content/' took 0.01s
[2017.10.18-10.22.19:731][  0]SourceControl: Source control is disabled
[2017.10.18-10.22.19:732][  0]Cmd: MAP LOAD FILE="../../../../../../Users/Leszek/Documents/Unreal Projects/ThirdPersonProject/Content/StarterContent/Maps/Minimal_Default.umap" TEMPLATE=0 SHOWPROGRESS=1 FEATURELEVEL=3
[2017.10.18-10.22.19:732][  0]LightingResults: New page: Lighting Build
[2017.10.18-10.22.19:802][  0]MapCheck: New page: Map Check
[2017.10.18-10.22.19:802][  0]LightingResults: New page: Lighting Build
[2017.10.18-10.22.20:181][  0]LogAIModule: Creating AISystem for world Minimal_Default
[2017.10.18-10.22.20:189][  0]LogEditorServer: Finished looking for orphan Actors (0.000 secs)
[2017.10.18-10.22.20:201][  0]Cmd: MAP CHECKDEP NOCLEARLOG
[2017.10.18-10.22.20:275][  0]MapCheck: Map check complete: 0 Error(s), 0 Warning(s), took 73.7ms to complete.
[2017.10.18-10.22.20:275][  0]LogFileHelpers: Loading map 'Minimal_Default' took 0.544
[2017.10.18-10.22.20:457][  0]LogCollectionManager: Loaded 0 collections in 0.003748 seconds
[2017.10.18-10.22.20:636][  0]LogFileCache: Scanning file cache for directory 'C:/Users/Leszek/Documents/Unreal Projects/ThirdPersonProject/Saved/Collections/' took 0.01s
[2017.10.18-10.22.20:636][  0]LogFileCache: Scanning file cache for directory 'C:/Users/Leszek/Documents/Unreal Projects/ThirdPersonProject/Content/Developers/Leszek/Collections/' took 0.01s
[2017.10.18-10.22.20:636][  0]LogFileCache: Scanning file cache for directory 'C:/Users/Leszek/Documents/Unreal Projects/ThirdPersonProject/Content/Collections/' took 0.01s
[2017.10.18-10.22.20:637][  0]LogCollectionManager: Rebuilt the GUID cache for 0 collections in 0.000001 seconds
[2017.10.18-10.22.20:652][  0]LogContentBrowser: Native class hierarchy populated in 0.0145 seconds. Added 2386 classes and 500 folders.
[2017.10.18-10.22.20:782][  0]LogContentBrowser: Native class hierarchy updated for 'WidgetCarousel' in 0.0008 seconds. Added 0 classes and 0 folders.
[2017.10.18-10.22.20:851][  0]LogContentBrowser: Native class hierarchy updated for 'AddContentDialog' in 0.0012 seconds. Added 0 classes and 0 folders.
[2017.10.18-10.22.20:963][  0]LogContentBrowser: Native class hierarchy updated for 'SceneOutliner' in 0.0015 seconds. Added 1 classes and 2 folders.
[2017.10.18-10.22.21:000][  0]LogSlate: Took 0.000426 seconds to synchronously load lazily loaded font '../../../Engine/Content/Slate/Fonts/Roboto-Regular.ttf' (155K)
[2017.10.18-10.22.21:003][  0]LogSlate: Took 0.000338 seconds to synchronously load lazily loaded font '../../../Engine/Content/Slate/Fonts/Roboto-Bold.ttf' (160K)
[2017.10.18-10.22.21:011][  0]LogSlate: Took 0.000320 seconds to synchronously load lazily loaded font '../../../Engine/Content/Editor/Slate/Fonts/FontAwesome.ttf' (139K)
[2017.10.18-10.22.21:134][  0]LogRenderer: Reallocating scene render targets to support 964x460 Format 10 NumSamples 1 (Frame:1).
[2017.10.18-10.22.21:479][  0]LogContentBrowser: Native class hierarchy updated for 'HierarchicalLODOutliner' in 0.0020 seconds. Added 1 classes and 2 folders.
[2017.10.18-10.22.21:480][  0]LogLoad: (Engine Initialization) Total time: 31.59 seconds
[2017.10.18-10.22.21:480][  0]LogLoad: (Engine Initialization) Total Blueprint compile time: 0.00 seconds
[2017.10.18-10.22.21:480][  0]LogExternalProfiler: No external profilers were discovered.  External profiling features will not be available.
[2017.10.18-10.22.21:848][  0]LogContentStreaming: Texture pool size now 1000 MB
[2017.10.18-10.22.22:843][  3]LogAssetRegistry: Asset discovery search completed in 24.5651 seconds
[2017.10.18-10.22.22:851][  3]LogCollectionManager: Rebuilt the object cache for 0 collections in 0.000001 seconds (found 0 objects)
[2017.10.18-10.22.22:851][  3]LogCollectionManager: Fixed up redirectors for 0 collections in 0.000155 seconds (updated 0 objects)
[2017.10.18-10.22.22:882][  3]LogSlate: Took 0.000729 seconds to synchronously load lazily loaded font '../../../Engine/Content/Slate/Fonts/Roboto-Light.ttf' (159K)
[2017.10.18-10.22.26:166][ 13]LogSlate: Took 0.000872 seconds to synchronously load lazily loaded font '../../../Engine/Content/Slate/Fonts/Roboto-Light.ttf' (159K)
[2017.10.18-10.46.22:527][617]LogEditorViewport: Clicking on Actor (LMB): StaticMeshActor (Table)
[2017.10.18-10.46.25:734][711]LogSlate: Took 0.000372 seconds to synchronously load lazily loaded font '../../../Engine/Content/Slate/Fonts/Roboto-Light.ttf' (159K)
[2017.10.18-10.46.25:929][711]LogSavePackage: Save=84.44ms
[2017.10.18-10.46.25:930][711]LogSavePackage: Moving '../../../../../../Users/Leszek/Documents/Unreal Projects/ThirdPersonProject/Saved/Minimal_Default80171527461088DAD34E9BAC81478DD6.tmp' to '../../../../../../Users/Leszek/Documents/Unreal Projects/ThirdPersonProject/Content/StarterContent/Maps/Minimal_Default.umap'
[2017.10.18-10.46.25:934][711]LogSavePackage: Display: Finished SavePackage ../../../../../../Users/Leszek/Documents/Unreal Projects/ThirdPersonProject/Content/StarterContent/Maps/Minimal_Default.umap
[2017.10.18-10.46.26:019][711]LogSavePackage: Save=44.40ms
[2017.10.18-10.46.26:019][711]LogSavePackage: Moving '../../../../../../Users/Leszek/Documents/Unreal Projects/ThirdPersonProject/Saved/Minimal_Default_BuiltDataBE8AA9154BBF87A9FB6B84A8F8B02DA6.tmp' to '../../../../../../Users/Leszek/Documents/Unreal Projects/ThirdPersonProject/Content/StarterContent/Maps/Minimal_Default_BuiltData.uasset'
[2017.10.18-10.46.26:021][711]LogSavePackage: Display: Finished SavePackage ../../../../../../Users/Leszek/Documents/Unreal Projects/ThirdPersonProject/Content/StarterContent/Maps/Minimal_Default_BuiltData.uasset
[2017.10.18-11.15.55:385][126]LogContentBrowser: Native class hierarchy updated for 'SkeletonEditor' in 0.0008 seconds. Added 1 classes and 2 folders.
[2017.10.18-11.15.55:581][126]LogActorComponent: RegisterComponentWithWorld: (/Engine/Transient.World_2:PersistentLevel.Actor_0.DebugSkelMeshComponent_0) Already registered. Aborting.
[2017.10.18-11.15.55:646][126]LogSkeletalMesh: USkeletalMeshComponent::InitArticulated : Bodies already created (/Engine/Transient.World_2:PersistentLevel.Actor_0.DebugSkelMeshComponent_0) - call TermArticulated first.
[2017.10.18-11.15.55:879][126]LogContentBrowser: Native class hierarchy updated for 'ClothingSystemEditorInterface' in 0.0009 seconds. Added 1 classes and 0 folders.
[2017.10.18-11.15.57:693][150]LogRenderer: Reallocating scene render targets to support 1132x460 Format 10 NumSamples 1 (Frame:26).
[2017.10.18-11.22.40:112][ 43]LogSlate: Took 0.000635 seconds to synchronously load lazily loaded font '../../../Engine/Content/Editor/Slate/Fonts/Roboto-Italic.ttf' (157K)
[2017.10.18-11.40.28:195][255]LogD3D11RHI: Timed out while waiting for GPU to catch up. (500 ms)
[2017.10.18-11.53.54:529][757]Cmd: RecompileShaders SlateElementPixelShader
[2017.10.18-12.11.36:568][700]LogTemp: Executing iPhonePackager certificates Engine -bundlename com.YourCompany.ThirdPersonProject
[2017.10.18-12.11.36:568][700]LogTemp: CWD: C:\Program Files\Epic Games\UE_4.17\Engine\Binaries\DotNET\IOS
[2017.10.18-12.11.36:569][700]LogTemp: Initial Dir: C:\Program Files\Epic Games\UE_4.17
[2017.10.18-12.11.36:569][700]LogTemp: Env CWD: C:\Program Files\Epic Games\UE_4.17\Engine\Binaries\DotNET\IOS
[2017.10.18-12.11.36:569][700]LogTemp: BranchPath = DESKTOP-UTLPHC3/C/Program Files/Epic Games/UE_4.17/Engine/Binaries --- GameBranchPath = DESKTOP-UTLPHC3/C/Program Files/Epic Games/UE_4.17/Engine/Binaries
[2017.10.18-12.11.36:571][700]LogTemp: IPP ERROR: Could not find provision directory 'C:\Users\Leszek\AppData\Local/Apple Computer/MobileDevice/Provisioning Profiles/'.
[2017.10.18-12.16.26:901][ 79]LogContentBrowser: Verbose: The majority of assets in the view are of type: AnimSequence
[2017.10.18-12.16.44:887][396]Cmd: TRANSACTION UNDO
[2017.10.18-12.16.44:887][396]LogEditorTransaction: Undo Adding Blend Grid Sample
[2017.10.18-12.16.44:892][396]LogActorComponent: RegisterComponentWithWorld: (/Engine/Transient.World_2:PersistentLevel.Actor_0.DebugSkelMeshComponent_0) Already registered. Aborting.
[2017.10.18-12.18.52:405][597]LogSavePackage: Save=22.15ms
[2017.10.18-12.18.52:405][597]LogSavePackage: Moving '../../../../../../Users/Leszek/Documents/Unreal Projects/ThirdPersonProject/Saved/idle_walk_Run45D82D494FA1B8AA4FA6C78E430C9C0F.tmp' to '../../../../../../Users/Leszek/Documents/Unreal Projects/ThirdPersonProject/Content/Character/Animations/idle_walk_Run.uasset'
[2017.10.18-12.18.52:410][597]LogSavePackage: Display: Finished SavePackage ../../../../../../Users/Leszek/Documents/Unreal Projects/ThirdPersonProject/Content/Character/Animations/idle_walk_Run.uasset
[2017.10.18-12.32.55:850][486]LogSavePackage: Save=2.66ms
[2017.10.18-12.32.55:851][486]LogSavePackage: Moving '../../../../../../Users/Leszek/Documents/Unreal Projects/ThirdPersonProject/Saved/idle_walk_RunA71865EE455C9343D4AD22A23E3EB848.tmp' to '../../../../../../Users/Leszek/Documents/Unreal Projects/ThirdPersonProject/Content/Character/Animations/idle_walk_Run.uasset'
[2017.10.18-12.32.55:853][486]LogSavePackage: Display: Finished SavePackage ../../../../../../Users/Leszek/Documents/Unreal Projects/ThirdPersonProject/Content/Character/Animations/idle_walk_Run.uasset
[2017.10.18-12.46.30:345][348]LogContentBrowser: Verbose: The majority of assets in the view are of type: Skeleton
[2017.10.18-12.46.33:420][348]LogContentBrowser: Verbose: The majority of assets in the view are of type: Skeleton
[2017.10.18-12.48.25:111][183]LogSlate: Took 0.000166 seconds to synchronously load lazily loaded font '../../../Engine/Content/Slate/Fonts/Roboto-Regular.ttf' (155K)
[2017.10.18-12.48.25:133][183]LogActorComponent: RegisterComponentWithWorld: (/Engine/Transient.World_11:PersistentLevel.Actor_1.DebugSkelMeshComponent_4) Already registered. Aborting.
[2017.10.18-12.48.25:558][183]LogContentBrowser: Native class hierarchy updated for 'BlueprintGraph' in 0.0018 seconds. Added 113 classes and 0 folders.
[2017.10.18-12.48.26:230][183]LogSkeletalMesh: USkeletalMeshComponent::InitArticulated : Bodies already created (/Engine/Transient.World_11:PersistentLevel.Actor_1.DebugSkelMeshComponent_4) - call TermArticulated first.
[2017.10.18-12.48.26:500][183]LogSlate: Took 0.001358 seconds to synchronously load lazily loaded font '../../../Engine/Content/Editor/Slate/Fonts/Roboto-BoldCondensed.ttf' (158K)
[2017.10.18-12.48.56:986][979]LogFileHelpers: Editor autosave (incl. sublevels) for '/Game/StarterContent/Maps/Minimal_Default' took 0.017
[2017.10.18-12.48.56:988][979]OBJ SavePackage: Generating thumbnails for [1] asset(s) in package [/Game/Character/Character_Anima_BP] ([1] browsable assets)...
[2017.10.18-12.48.57:001][979]OBJ SavePackage:     Rendered thumbnail for [AnimBlueprint /Game/Character/Character_Anima_BP.Character_Anima_BP]
[2017.10.18-12.48.57:001][979]OBJ SavePackage: Finished generating thumbnails for package [/Game/Character/Character_Anima_BP]
[2017.10.18-12.48.57:020][979]LogSavePackage: Save=15.99ms
[2017.10.18-12.48.57:020][979]LogSavePackage: Moving '../../../../../../Users/Leszek/Documents/Unreal Projects/ThirdPersonProject/Saved/Character_Anima_BP_Auto1C3AABC714226077160677A8DCBD20A3E.tmp' to '../../../../../../Users/Leszek/Documents/Unreal Projects/ThirdPersonProject/Saved/Autosaves/Game/Character/Character_Anima_BP_Auto1.uasset'
[2017.10.18-12.48.57:023][979]LogSavePackage: Display: Finished SavePackage ../../../../../../Users/Leszek/Documents/Unreal Projects/ThirdPersonProject/Saved/Autosaves/Game/Character/Character_Anima_BP_Auto1.uasset
[2017.10.18-12.48.57:023][979]LogFileHelpers: Auto-saving content packages took 0.037
[2017.10.18-12.51.39:654][782]LogContentBrowser: Verbose: The majority of assets in the view are of type: AnimSequence
[2017.10.18-13.47.00:305][520]LogFileHelpers: Editor autosave (incl. sublevels) for '/Game/StarterContent/Maps/Minimal_Default' took 0.021
[2017.10.18-13.47.00:309][520]OBJ SavePackage: Generating thumbnails for [1] asset(s) in package [/Game/Character/Character_Anima_BP] ([1] browsable assets)...
[2017.10.18-13.47.00:348][520]OBJ SavePackage:     Rendered thumbnail for [AnimBlueprint /Game/Character/Character_Anima_BP.Character_Anima_BP]
[2017.10.18-13.47.00:348][520]OBJ SavePackage: Finished generating thumbnails for package [/Game/Character/Character_Anima_BP]
[2017.10.18-13.47.00:378][520]LogSavePackage: Save=28.04ms
[2017.10.18-13.47.00:379][520]LogSavePackage: Moving '../../../../../../Users/Leszek/Documents/Unreal Projects/ThirdPersonProject/Saved/Character_Anima_BP_Auto20707497F4CC2F154A27CEFAFE9736252.tmp' to '../../../../../../Users/Leszek/Documents/Unreal Projects/ThirdPersonProject/Saved/Autosaves/Game/Character/Character_Anima_BP_Auto2.uasset'
[2017.10.18-13.47.00:380][520]LogSavePackage: Display: Finished SavePackage ../../../../../../Users/Leszek/Documents/Unreal Projects/ThirdPersonProject/Saved/Autosaves/Game/Character/Character_Anima_BP_Auto2.uasset
[2017.10.18-13.47.00:381][520]LogFileHelpers: Auto-saving content packages took 0.075
[2017.10.18-13.57.01:001][934]LogFileHelpers: Editor autosave (incl. sublevels) for '/Game/StarterContent/Maps/Minimal_Default' took 0.020
[2017.10.18-13.57.01:003][934]OBJ SavePackage: Generating thumbnails for [1] asset(s) in package [/Game/Character/Character_Anima_BP] ([1] browsable assets)...
[2017.10.18-13.57.01:040][934]OBJ SavePackage:     Rendered thumbnail for [AnimBlueprint /Game/Character/Character_Anima_BP.Character_Anima_BP]
[2017.10.18-13.57.01:040][934]OBJ SavePackage: Finished generating thumbnails for package [/Game/Character/Character_Anima_BP]
[2017.10.18-13.57.01:073][934]LogSavePackage: Save=30.27ms
[2017.10.18-13.57.01:073][934]LogSavePackage: Moving '../../../../../../Users/Leszek/Documents/Unreal Projects/ThirdPersonProject/Saved/Character_Anima_BP_Auto3AA5CC9EB4E6D1819530E16B971893B15.tmp' to '../../../../../../Users/Leszek/Documents/Unreal Projects/ThirdPersonProject/Saved/Autosaves/Game/Character/Character_Anima_BP_Auto3.uasset'
[2017.10.18-13.57.01:074][934]LogSavePackage: Display: Finished SavePackage ../../../../../../Users/Leszek/Documents/Unreal Projects/ThirdPersonProject/Saved/Autosaves/Game/Character/Character_Anima_BP_Auto3.uasset
[2017.10.18-13.57.01:074][934]LogFileHelpers: Auto-saving content packages took 0.072
[2017.10.18-14.07.09:719][645]LogFileHelpers: Editor autosave (incl. sublevels) for '/Game/StarterContent/Maps/Minimal_Default' took 0.019
[2017.10.18-14.07.09:721][645]OBJ SavePackage: Generating thumbnails for [1] asset(s) in package [/Game/Character/Character_Anima_BP] ([1] browsable assets)...
[2017.10.18-14.07.09:758][645]OBJ SavePackage:     Rendered thumbnail for [AnimBlueprint /Game/Character/Character_Anima_BP.Character_Anima_BP]
[2017.10.18-14.07.09:758][645]OBJ SavePackage: Finished generating thumbnails for package [/Game/Character/Character_Anima_BP]
[2017.10.18-14.07.09:799][645]LogSavePackage: Save=38.38ms
[2017.10.18-14.07.09:799][645]LogSavePackage: Moving '../../../../../../Users/Leszek/Documents/Unreal Projects/ThirdPersonProject/Saved/Character_Anima_BP_Auto4021DC2134E4421B24F5FB182334CC8FE.tmp' to '../../../../../../Users/Leszek/Documents/Unreal Projects/ThirdPersonProject/Saved/Autosaves/Game/Character/Character_Anima_BP_Auto4.uasset'
[2017.10.18-14.07.09:802][645]LogSavePackage: Display: Finished SavePackage ../../../../../../Users/Leszek/Documents/Unreal Projects/ThirdPersonProject/Saved/Autosaves/Game/Character/Character_Anima_BP_Auto4.uasset
[2017.10.18-14.07.09:802][645]LogFileHelpers: Auto-saving content packages took 0.082
[2017.10.18-14.23.32:012][705]Cmd: TRANSACTION UNDO
[2017.10.18-14.23.32:012][705]LogEditorTransaction: Undo Rename Variable
[2017.10.18-14.23.32:146][705]LogActorComponent: RegisterComponentWithWorld: (/Engine/Transient.World_11:PersistentLevel.Actor_1.DebugSkelMeshComponent_4) Already registered. Aborting.
[2017.10.18-14.23.42:736][326]Cmd: TRANSACTION UNDO
[2017.10.18-14.23.42:736][326]LogEditorTransaction: Undo Create Pin Link
[2017.10.18-14.23.42:849][326]LogActorComponent: RegisterComponentWithWorld: (/Engine/Transient.World_11:PersistentLevel.Actor_1.DebugSkelMeshComponent_4) Already registered. Aborting.
[2017.10.18-14.24.55:359][636]LogFileHelpers: Editor autosave (incl. sublevels) for '/Game/StarterContent/Maps/Minimal_Default' took 0.023
[2017.10.18-14.24.55:361][636]OBJ SavePackage: Generating thumbnails for [1] asset(s) in package [/Game/Character/Character_Anima_BP] ([1] browsable assets)...
[2017.10.18-14.24.55:378][636]OBJ SavePackage:     Rendered thumbnail for [AnimBlueprint /Game/Character/Character_Anima_BP.Character_Anima_BP]
[2017.10.18-14.24.55:378][636]OBJ SavePackage: Finished generating thumbnails for package [/Game/Character/Character_Anima_BP]
[2017.10.18-14.24.55:436][636]LogSavePackage: Save=55.46ms
[2017.10.18-14.24.55:436][636]LogSavePackage: Moving '../../../../../../Users/Leszek/Documents/Unreal Projects/ThirdPersonProject/Saved/Character_Anima_BP_Auto56E6AF3E540AB3B4BD61F3499FFFFA4BD.tmp' to '../../../../../../Users/Leszek/Documents/Unreal Projects/ThirdPersonProject/Saved/Autosaves/Game/Character/Character_Anima_BP_Auto5.uasset'
[2017.10.18-14.24.55:439][636]LogSavePackage: Display: Finished SavePackage ../../../../../../Users/Leszek/Documents/Unreal Projects/ThirdPersonProject/Saved/Autosaves/Game/Character/Character_Anima_BP_Auto5.uasset
[2017.10.18-14.24.55:439][636]LogFileHelpers: Auto-saving content packages took 0.078
[2017.10.18-14.32.14:089][179]Cmd: OBJ SAVEPACKAGE PACKAGE="/Game/Character/Character_Anima_BP" FILE="../../../../../../Users/Leszek/Documents/Unreal Projects/ThirdPersonProject/Content/Character/Character_Anima_BP.uasset" SILENT=true
[2017.10.18-14.32.14:163][179]LogSavePackage: Save=72.10ms
[2017.10.18-14.32.14:163][179]LogSavePackage: Moving '../../../../../../Users/Leszek/Documents/Unreal Projects/ThirdPersonProject/Saved/Character_Anima_BP67924D794121532B34A989AEFF60186B.tmp' to '../../../../../../Users/Leszek/Documents/Unreal Projects/ThirdPersonProject/Content/Character/Character_Anima_BP.uasset'
[2017.10.18-14.32.14:167][179]LogSavePackage: Display: Finished SavePackage ../../../../../../Users/Leszek/Documents/Unreal Projects/ThirdPersonProject/Content/Character/Character_Anima_BP.uasset
[2017.10.18-14.38.12:283][400]Cmd: OBJ SAVEPACKAGE PACKAGE="/Game/Character/Character_Anima_BP" FILE="../../../../../../Users/Leszek/Documents/Unreal Projects/ThirdPersonProject/Content/Character/Character_Anima_BP.uasset" SILENT=true
[2017.10.18-14.38.12:376][400]LogSavePackage: Save=84.32ms
[2017.10.18-14.38.12:376][400]LogSavePackage: Moving '../../../../../../Users/Leszek/Documents/Unreal Projects/ThirdPersonProject/Saved/Character_Anima_BP6E0C6495483433B3FF0DE6BC57C35E61.tmp' to '../../../../../../Users/Leszek/Documents/Unreal Projects/ThirdPersonProject/Content/Character/Character_Anima_BP.uasset'
[2017.10.18-14.38.12:382][400]LogSavePackage: Display: Finished SavePackage ../../../../../../Users/Leszek/Documents/Unreal Projects/ThirdPersonProject/Content/Character/Character_Anima_BP.uasset
[2017.10.18-14.44.30:506][326]BlueprintLog: New page: Compile Character_Anima_BP
[2017.10.18-14.45.28:065][758]Cmd: OBJ SAVEPACKAGE PACKAGE="/Game/Character/Character_Anima_BP" FILE="../../../../../../Users/Leszek/Documents/Unreal Projects/ThirdPersonProject/Content/Character/Character_Anima_BP.uasset" SILENT=true
[2017.10.18-14.45.28:159][758]LogSavePackage: Save=85.89ms
[2017.10.18-14.45.28:159][758]LogSavePackage: Moving '../../../../../../Users/Leszek/Documents/Unreal Projects/ThirdPersonProject/Saved/Character_Anima_BP20CDD0064E08BC9746D5F5821503B9E4.tmp' to '../../../../../../Users/Leszek/Documents/Unreal Projects/ThirdPersonProject/Content/Character/Character_Anima_BP.uasset'
[2017.10.18-14.45.28:166][758]LogSavePackage: Display: Finished SavePackage ../../../../../../Users/Leszek/Documents/Unreal Projects/ThirdPersonProject/Content/Character/Character_Anima_BP.uasset
[2017.10.18-14.46.02:080][769]BlueprintLog: New page: Compile Character_Anima_BP
[2017.10.18-14.46.22:828][981]BlueprintLog: New page: Compile Character_Anima_BP
[2017.10.18-14.46.39:697][972]Cmd: OBJ SAVEPACKAGE PACKAGE="/Game/Character/Character_Anima_BP" FILE="../../../../../../Users/Leszek/Documents/Unreal Projects/ThirdPersonProject/Content/Character/Character_Anima_BP.uasset" SILENT=true
[2017.10.18-14.46.39:785][972]LogSavePackage: Save=81.29ms
[2017.10.18-14.46.39:785][972]LogSavePackage: Moving '../../../../../../Users/Leszek/Documents/Unreal Projects/ThirdPersonProject/Saved/Character_Anima_BP511FC52C41795E4F1D05E2A5CD82BACA.tmp' to '../../../../../../Users/Leszek/Documents/Unreal Projects/ThirdPersonProject/Content/Character/Character_Anima_BP.uasset'
[2017.10.18-14.46.39:789][972]LogSavePackage: Display: Finished SavePackage ../../../../../../Users/Leszek/Documents/Unreal Projects/ThirdPersonProject/Content/Character/Character_Anima_BP.uasset
[2017.10.18-14.46.46:146][339]LogSavePackage: Save=56.99ms
[2017.10.18-14.46.46:146][339]LogSavePackage: Moving '../../../../../../Users/Leszek/Documents/Unreal Projects/ThirdPersonProject/Saved/Minimal_Default09C9574B4F03D6565B002A95295BDB37.tmp' to '../../../../../../Users/Leszek/Documents/Unreal Projects/ThirdPersonProject/Content/StarterContent/Maps/Minimal_Default.umap'
[2017.10.18-14.46.46:149][339]LogSavePackage: Display: Finished SavePackage ../../../../../../Users/Leszek/Documents/Unreal Projects/ThirdPersonProject/Content/StarterContent/Maps/Minimal_Default.umap
[2017.10.18-14.46.46:232][339]LogSavePackage: Save=36.42ms
[2017.10.18-14.46.46:232][339]LogSavePackage: Moving '../../../../../../Users/Leszek/Documents/Unreal Projects/ThirdPersonProject/Saved/Minimal_Default_BuiltDataD98E7FA742FF6B923FB65E98A8DAFEA9.tmp' to '../../../../../../Users/Leszek/Documents/Unreal Projects/ThirdPersonProject/Content/StarterContent/Maps/Minimal_Default_BuiltData.uasset'
[2017.10.18-14.46.46:235][339]LogSavePackage: Display: Finished SavePackage ../../../../../../Users/Leszek/Documents/Unreal Projects/ThirdPersonProject/Content/StarterContent/Maps/Minimal_Default_BuiltData.uasset
[2017.10.18-14.46.48:172][444]LogSavePackage: Save=49.73ms
[2017.10.18-14.46.48:172][444]LogSavePackage: Moving '../../../../../../Users/Leszek/Documents/Unreal Projects/ThirdPersonProject/Saved/Minimal_DefaultB38641D54FD4082CD4ABAAA91A349730.tmp' to '../../../../../../Users/Leszek/Documents/Unreal Projects/ThirdPersonProject/Content/StarterContent/Maps/Minimal_Default.umap'
[2017.10.18-14.46.48:174][444]LogSavePackage: Display: Finished SavePackage ../../../../../../Users/Leszek/Documents/Unreal Projects/ThirdPersonProject/Content/StarterContent/Maps/Minimal_Default.umap
[2017.10.18-14.46.48:236][444]LogSavePackage: Save=34.66ms
[2017.10.18-14.46.48:236][444]LogSavePackage: Moving '../../../../../../Users/Leszek/Documents/Unreal Projects/ThirdPersonProject/Saved/Minimal_Default_BuiltData62BD1D8F4FA4AFE40CAEF89A32DA9856.tmp' to '../../../../../../Users/Leszek/Documents/Unreal Projects/ThirdPersonProject/Content/StarterContent/Maps/Minimal_Default_BuiltData.uasset'
[2017.10.18-14.46.48:239][444]LogSavePackage: Display: Finished SavePackage ../../../../../../Users/Leszek/Documents/Unreal Projects/ThirdPersonProject/Content/StarterContent/Maps/Minimal_Default_BuiltData.uasset
[2017.10.18-15.23.09:639][298]BlueprintLog: New page: Compile Character_Anima_BP
[2017.10.18-15.23.16:202][675]Cmd: OBJ SAVEPACKAGE PACKAGE="/Game/Character/Character_Anima_BP" FILE="../../../../../../Users/Leszek/Documents/Unreal Projects/ThirdPersonProject/Content/Character/Character_Anima_BP.uasset" SILENT=true
[2017.10.18-15.23.16:304][675]LogSavePackage: Save=94.65ms
[2017.10.18-15.23.16:305][675]LogSavePackage: Moving '../../../../../../Users/Leszek/Documents/Unreal Projects/ThirdPersonProject/Saved/Character_Anima_BP93595D1C48C7EBFD987CB78B91480482.tmp' to '../../../../../../Users/Leszek/Documents/Unreal Projects/ThirdPersonProject/Content/Character/Character_Anima_BP.uasset'
[2017.10.18-15.23.16:309][675]LogSavePackage: Display: Finished SavePackage ../../../../../../Users/Leszek/Documents/Unreal Projects/ThirdPersonProject/Content/Character/Character_Anima_BP.uasset
[2017.10.18-15.23.18:915][822]LogSavePackage: Save=47.70ms
[2017.10.18-15.23.18:915][822]LogSavePackage: Moving '../../../../../../Users/Leszek/Documents/Unreal Projects/ThirdPersonProject/Saved/Minimal_DefaultC9EBA3F64601E6ACCFD770902187C4E1.tmp' to '../../../../../../Users/Leszek/Documents/Unreal Projects/ThirdPersonProject/Content/StarterContent/Maps/Minimal_Default.umap'
[2017.10.18-15.23.18:918][822]LogSavePackage: Display: Finished SavePackage ../../../../../../Users/Leszek/Documents/Unreal Projects/ThirdPersonProject/Content/StarterContent/Maps/Minimal_Default.umap
[2017.10.18-15.23.18:994][822]LogSavePackage: Save=34.67ms
[2017.10.18-15.23.18:994][822]LogSavePackage: Moving '../../../../../../Users/Leszek/Documents/Unreal Projects/ThirdPersonProject/Saved/Minimal_Default_BuiltData39AF3E004E48079810A4B59C4802CB8C.tmp' to '../../../../../../Users/Leszek/Documents/Unreal Projects/ThirdPersonProject/Content/StarterContent/Maps/Minimal_Default_BuiltData.uasset'
[2017.10.18-15.23.18:996][822]LogSavePackage: Display: Finished SavePackage ../../../../../../Users/Leszek/Documents/Unreal Projects/ThirdPersonProject/Content/StarterContent/Maps/Minimal_Default_BuiltData.uasset
[2017.10.18-15.56.37:635][ 58]LogRenderer: Reallocating scene render targets to support 1132x724 Format 10 NumSamples 1 (Frame:1).
[2017.10.18-15.57.40:501][799]LogEditorTransaction: Undo Modify Component(s)
[2017.10.18-15.57.59:746][943]LogSlate: Warning: Prevented a slow task dialog from being summoned while a context menu was open
[2017.10.18-16.01.42:545][234]LogFileHelpers: Editor autosave (incl. sublevels) for '/Game/StarterContent/Maps/Minimal_Default' took 0.029
[2017.10.18-16.01.42:547][234]OBJ SavePackage: Generating thumbnails for [1] asset(s) in package [/Game/Character/Character_BP] ([1] browsable assets)...
[2017.10.18-16.01.42:561][234]OBJ SavePackage:     Rendered thumbnail for [Blueprint /Game/Character/Character_BP.Character_BP]
[2017.10.18-16.01.42:561][234]OBJ SavePackage: Finished generating thumbnails for package [/Game/Character/Character_BP]
[2017.10.18-16.01.42:600][234]LogSavePackage: Save=37.10ms
[2017.10.18-16.01.42:600][234]LogSavePackage: Moving '../../../../../../Users/Leszek/Documents/Unreal Projects/ThirdPersonProject/Saved/Character_BP_Auto60FAB003745F6E79B5426E8B606F69EF7.tmp' to '../../../../../../Users/Leszek/Documents/Unreal Projects/ThirdPersonProject/Saved/Autosaves/Game/Character/Character_BP_Auto6.uasset'
[2017.10.18-16.01.42:602][234]LogSavePackage: Display: Finished SavePackage ../../../../../../Users/Leszek/Documents/Unreal Projects/ThirdPersonProject/Saved/Autosaves/Game/Character/Character_BP_Auto6.uasset
[2017.10.18-16.01.42:602][234]LogFileHelpers: Auto-saving content packages took 0.056
[2017.10.18-16.03.02:720][975]BlueprintLog: New page: Compile Character_BP
[2017.10.18-16.03.05:429][105]Cmd: OBJ SAVEPACKAGE PACKAGE="/Game/Character/Character_BP" FILE="../../../../../../Users/Leszek/Documents/Unreal Projects/ThirdPersonProject/Content/Character/Character_BP.uasset" SILENT=true
[2017.10.18-16.03.05:473][105]LogSavePackage: Save=41.29ms
[2017.10.18-16.03.05:473][105]LogSavePackage: Moving '../../../../../../Users/Leszek/Documents/Unreal Projects/ThirdPersonProject/Saved/Character_BP9BF810E64D83107620126B826E5D5D48.tmp' to '../../../../../../Users/Leszek/Documents/Unreal Projects/ThirdPersonProject/Content/Character/Character_BP.uasset'
[2017.10.18-16.03.05:479][105]LogSavePackage: Display: Finished SavePackage ../../../../../../Users/Leszek/Documents/Unreal Projects/ThirdPersonProject/Content/Character/Character_BP.uasset
[2017.10.18-16.11.43:100][112]LogFileHelpers: Editor autosave (incl. sublevels) for '/Game/StarterContent/Maps/Minimal_Default' took 0.023
[2017.10.18-16.11.43:102][112]OBJ SavePackage: Generating thumbnails for [1] asset(s) in package [/Game/Character/Character_BP] ([1] browsable assets)...
[2017.10.18-16.11.43:138][112]OBJ SavePackage:     Rendered thumbnail for [Blueprint /Game/Character/Character_BP.Character_BP]
[2017.10.18-16.11.43:138][112]OBJ SavePackage: Finished generating thumbnails for package [/Game/Character/Character_BP]
[2017.10.18-16.11.43:173][112]LogSavePackage: Save=27.58ms
[2017.10.18-16.11.43:173][112]LogSavePackage: Moving '../../../../../../Users/Leszek/Documents/Unreal Projects/ThirdPersonProject/Saved/Character_BP_Auto74C7275C443B8AA5071F7AD80BFF97741.tmp' to '../../../../../../Users/Leszek/Documents/Unreal Projects/ThirdPersonProject/Saved/Autosaves/Game/Character/Character_BP_Auto7.uasset'
[2017.10.18-16.11.43:176][112]LogSavePackage: Display: Finished SavePackage ../../../../../../Users/Leszek/Documents/Unreal Projects/ThirdPersonProject/Saved/Autosaves/Game/Character/Character_BP_Auto7.uasset
[2017.10.18-16.11.43:176][112]LogFileHelpers: Auto-saving content packages took 0.074
[2017.10.18-16.25.22:216][276]Cmd: OBJ SAVEPACKAGE PACKAGE="/Game/Character/Character_BP" FILE="../../../../../../Users/Leszek/Documents/Unreal Projects/ThirdPersonProject/Content/Character/Character_BP.uasset" SILENT=true
[2017.10.18-16.25.22:275][276]LogSavePackage: Save=50.43ms
[2017.10.18-16.25.22:275][276]LogSavePackage: Moving '../../../../../../Users/Leszek/Documents/Unreal Projects/ThirdPersonProject/Saved/Character_BPACEBAFEC4D3AD378AA6946B813A42DD4.tmp' to '../../../../../../Users/Leszek/Documents/Unreal Projects/ThirdPersonProject/Content/Character/Character_BP.uasset'
[2017.10.18-16.25.22:281][276]LogSavePackage: Display: Finished SavePackage ../../../../../../Users/Leszek/Documents/Unreal Projects/ThirdPersonProject/Content/Character/Character_BP.uasset
[2017.10.18-16.26.21:785][824]Cmd: OBJ SAVEPACKAGE PACKAGE="/Game/Character/Character_BP" FILE="../../../../../../Users/Leszek/Documents/Unreal Projects/ThirdPersonProject/Content/Character/Character_BP.uasset" SILENT=true
[2017.10.18-16.26.21:829][824]LogSavePackage: Save=38.04ms
[2017.10.18-16.26.21:830][824]LogSavePackage: Moving '../../../../../../Users/Leszek/Documents/Unreal Projects/ThirdPersonProject/Saved/Character_BPFF0CD82246D8F8D8B400D6AE3CECED8B.tmp' to '../../../../../../Users/Leszek/Documents/Unreal Projects/ThirdPersonProject/Content/Character/Character_BP.uasset'
[2017.10.18-16.26.21:834][824]LogSavePackage: Display: Finished SavePackage ../../../../../../Users/Leszek/Documents/Unreal Projects/ThirdPersonProject/Content/Character/Character_BP.uasset
[2017.10.18-16.32.47:086][ 60]Cmd: OBJ SAVEPACKAGE PACKAGE="/Game/Character/Character_BP" FILE="../../../../../../Users/Leszek/Documents/Unreal Projects/ThirdPersonProject/Content/Character/Character_BP.uasset" SILENT=true
[2017.10.18-16.32.47:142][ 60]LogSavePackage: Save=47.66ms
[2017.10.18-16.32.47:142][ 60]LogSavePackage: Moving '../../../../../../Users/Leszek/Documents/Unreal Projects/ThirdPersonProject/Saved/Character_BPD87E8ADA4E7C6DEFAA8186AC7B25E250.tmp' to '../../../../../../Users/Leszek/Documents/Unreal Projects/ThirdPersonProject/Content/Character/Character_BP.uasset'
[2017.10.18-16.32.47:148][ 60]LogSavePackage: Display: Finished SavePackage ../../../../../../Users/Leszek/Documents/Unreal Projects/ThirdPersonProject/Content/Character/Character_BP.uasset
[2017.10.18-16.35.19:616][267]Cmd: OBJ SAVEPACKAGE PACKAGE="/Game/Character/Character_BP" FILE="../../../../../../Users/Leszek/Documents/Unreal Projects/ThirdPersonProject/Content/Character/Character_BP.uasset" SILENT=true
[2017.10.18-16.35.19:669][267]LogSavePackage: Save=44.91ms
[2017.10.18-16.35.19:669][267]LogSavePackage: Moving '../../../../../../Users/Leszek/Documents/Unreal Projects/ThirdPersonProject/Saved/Character_BP8CAF51DF41CB111F413F4688D4574E35.tmp' to '../../../../../../Users/Leszek/Documents/Unreal Projects/ThirdPersonProject/Content/Character/Character_BP.uasset'
[2017.10.18-16.35.19:673][267]LogSavePackage: Display: Finished SavePackage ../../../../../../Users/Leszek/Documents/Unreal Projects/ThirdPersonProject/Content/Character/Character_BP.uasset
[2017.10.18-16.35.35:769][432]Cmd: OBJ SAVEPACKAGE PACKAGE="/Game/Character/Character_BP" FILE="../../../../../../Users/Leszek/Documents/Unreal Projects/ThirdPersonProject/Content/Character/Character_BP.uasset" SILENT=true
[2017.10.18-16.35.35:817][432]LogSavePackage: Save=38.98ms
[2017.10.18-16.35.35:817][432]LogSavePackage: Moving '../../../../../../Users/Leszek/Documents/Unreal Projects/ThirdPersonProject/Saved/Character_BPCB2068C540FD679C04F13096E767548B.tmp' to '../../../../../../Users/Leszek/Documents/Unreal Projects/ThirdPersonProject/Content/Character/Character_BP.uasset'
[2017.10.18-16.35.35:821][432]LogSavePackage: Display: Finished SavePackage ../../../../../../Users/Leszek/Documents/Unreal Projects/ThirdPersonProject/Content/Character/Character_BP.uasset
[2017.10.18-16.35.44:521][943]BlueprintLog: New page: Compile Character_BP
[2017.10.18-16.35.46:217][ 17]Cmd: OBJ SAVEPACKAGE PACKAGE="/Game/Character/Character_BP" FILE="../../../../../../Users/Leszek/Documents/Unreal Projects/ThirdPersonProject/Content/Character/Character_BP.uasset" SILENT=true
[2017.10.18-16.35.46:277][ 17]LogSavePackage: Save=53.81ms
[2017.10.18-16.35.46:277][ 17]LogSavePackage: Moving '../../../../../../Users/Leszek/Documents/Unreal Projects/ThirdPersonProject/Saved/Character_BP6DA7A25F4D89116C73C45DBF3A04A18E.tmp' to '../../../../../../Users/Leszek/Documents/Unreal Projects/ThirdPersonProject/Content/Character/Character_BP.uasset'
[2017.10.18-16.35.46:282][ 17]LogSavePackage: Display: Finished SavePackage ../../../../../../Users/Leszek/Documents/Unreal Projects/ThirdPersonProject/Content/Character/Character_BP.uasset
[2017.10.18-16.36.08:613][331]Cmd: SELECT NONE
[2017.10.18-16.37.00:639][440]Cmd: OBJ SAVEPACKAGE PACKAGE="/Game/Character/Character_BP" FILE="../../../../../../Users/Leszek/Documents/Unreal Projects/ThirdPersonProject/Content/Character/Character_BP.uasset" SILENT=true
[2017.10.18-16.37.00:689][440]LogSavePackage: Save=44.65ms
[2017.10.18-16.37.00:689][440]LogSavePackage: Moving '../../../../../../Users/Leszek/Documents/Unreal Projects/ThirdPersonProject/Saved/Character_BPD216E9D44C5A5C51DAD4CF9D065E5D16.tmp' to '../../../../../../Users/Leszek/Documents/Unreal Projects/ThirdPersonProject/Content/Character/Character_BP.uasset'
[2017.10.18-16.37.00:693][440]LogSavePackage: Display: Finished SavePackage ../../../../../../Users/Leszek/Documents/Unreal Projects/ThirdPersonProject/Content/Character/Character_BP.uasset
[2017.10.18-16.56.57:846][348]LogFileHelpers: Editor autosave (incl. sublevels) for '/Game/StarterContent/Maps/Minimal_Default' took 0.020
[2017.10.18-16.56.57:849][348]OBJ SavePackage: Generating thumbnails for [0] asset(s) in package [/Game/Character/MyGame] ([1] browsable assets)...
[2017.10.18-16.56.57:850][348]OBJ SavePackage: Finished generating thumbnails for package [/Game/Character/MyGame]
[2017.10.18-16.56.57:865][348]LogSavePackage: Save=12.25ms
[2017.10.18-16.56.57:865][348]LogSavePackage: Moving '../../../../../../Users/Leszek/Documents/Unreal Projects/ThirdPersonProject/Saved/MyGame_Auto81BE4C39E4F084179EB5530B761A1C543.tmp' to '../../../../../../Users/Leszek/Documents/Unreal Projects/ThirdPersonProject/Saved/Autosaves/Game/Character/MyGame_Auto8.uasset'
[2017.10.18-16.56.57:866][348]LogSavePackage: Display: Finished SavePackage ../../../../../../Users/Leszek/Documents/Unreal Projects/ThirdPersonProject/Saved/Autosaves/Game/Character/MyGame_Auto8.uasset
[2017.10.18-16.56.57:866][348]LogFileHelpers: Auto-saving content packages took 0.019
[2017.10.18-16.59.07:422][825]LogSlate: Warning: Prevented a slow task dialog from being summoned while a context menu was open
[2017.10.18-16.59.13:539][178]BlueprintLog: New page: Compile MyGame
[2017.10.18-16.59.14:693][232]Cmd: OBJ SAVEPACKAGE PACKAGE="/Game/Character/MyGame" FILE="../../../../../../Users/Leszek/Documents/Unreal Projects/ThirdPersonProject/Content/Character/MyGame.uasset" SILENT=true
[2017.10.18-16.59.14:705][232]LogSavePackage: Save=11.20ms
[2017.10.18-16.59.14:706][232]LogSavePackage: Moving '../../../../../../Users/Leszek/Documents/Unreal Projects/ThirdPersonProject/Saved/MyGame4C807A1943DEB9505372509C38506C29.tmp' to '../../../../../../Users/Leszek/Documents/Unreal Projects/ThirdPersonProject/Content/Character/MyGame.uasset'
[2017.10.18-16.59.14:709][232]LogSavePackage: Display: Finished SavePackage ../../../../../../Users/Leszek/Documents/Unreal Projects/ThirdPersonProject/Content/Character/MyGame.uasset
[2017.10.18-16.59.19:496][509]LogActorComponent: UnregisterComponent: (/Engine/Transient.EditorFloorComp) Not registered. Aborting.
[2017.10.18-17.04.56:671][888]LogSlate: Warning: Prevented a slow task dialog from being summoned while a context menu was open
[2017.10.18-17.05.05:713][373]LogTemp: Executing iPhonePackager certificates Engine -bundlename com.YourCompany.ThirdPersonProject
[2017.10.18-17.05.05:713][373]LogTemp: CWD: C:\Program Files\Epic Games\UE_4.17\Engine\Binaries\DotNET\IOS
[2017.10.18-17.05.05:713][373]LogTemp: Initial Dir: C:\Program Files\Epic Games\UE_4.17
[2017.10.18-17.05.05:713][373]LogTemp: Env CWD: C:\Program Files\Epic Games\UE_4.17\Engine\Binaries\DotNET\IOS
[2017.10.18-17.05.05:747][374]LogTemp: BranchPath = DESKTOP-UTLPHC3/C/Program Files/Epic Games/UE_4.17/Engine/Binaries --- GameBranchPath = DESKTOP-UTLPHC3/C/Program Files/Epic Games/UE_4.17/Engine/Binaries
[2017.10.18-17.05.05:747][374]LogTemp: IPP ERROR: Could not find provision directory 'C:\Users\Leszek\AppData\Local/Apple Computer/MobileDevice/Provisioning Profiles/'.
[2017.10.18-17.06.08:531][304]LogEditorViewport: Clicking on Actor (LMB): StaticMeshActor (Floor)
[2017.10.18-17.06.16:506][770]Cmd: TRANSACTION UNDO
[2017.10.18-17.06.16:506][770]LogEditorTransaction: Undo Scale Actors
[2017.10.18-17.06.30:252][331]LogEditorViewport: Clicking on Actor (LMB): StaticMeshActor (Floor)
[2017.10.18-17.06.50:098][496]LogSavePackage: Save=54.10ms
[2017.10.18-17.06.50:098][496]LogSavePackage: Moving '../../../../../../Users/Leszek/Documents/Unreal Projects/ThirdPersonProject/Saved/Minimal_Default73F293574F8CD83787DF1692191B1DC9.tmp' to '../../../../../../Users/Leszek/Documents/Unreal Projects/ThirdPersonProject/Content/StarterContent/Maps/Minimal_Default.umap'
[2017.10.18-17.06.50:104][496]LogSavePackage: Display: Finished SavePackage ../../../../../../Users/Leszek/Documents/Unreal Projects/ThirdPersonProject/Content/StarterContent/Maps/Minimal_Default.umap
[2017.10.18-17.06.50:173][496]LogSavePackage: Save=36.15ms
[2017.10.18-17.06.50:173][496]LogSavePackage: Moving '../../../../../../Users/Leszek/Documents/Unreal Projects/ThirdPersonProject/Saved/Minimal_Default_BuiltData73D771264D4778DDABFBFEAC9DAFA50A.tmp' to '../../../../../../Users/Leszek/Documents/Unreal Projects/ThirdPersonProject/Content/StarterContent/Maps/Minimal_Default_BuiltData.uasset'
[2017.10.18-17.06.50:176][496]LogSavePackage: Display: Finished SavePackage ../../../../../../Users/Leszek/Documents/Unreal Projects/ThirdPersonProject/Content/StarterContent/Maps/Minimal_Default_BuiltData.uasset
[2017.10.18-17.07.12:730][602]LogEditorViewport: Clicking on Actor (LMB): BP_Sky_Sphere_C (BP_Sky_Sphere)
[2017.10.18-17.07.13:668][652]LogEditorViewport: Clicking on Actor (LMB): StaticMeshActor (Floor)
[2017.10.18-17.07.19:961][ 22]LogTemp: Repeating last play command: Selected Viewport
[2017.10.18-17.07.20:003][ 22]LogBlueprintUserMessages: Early PlayInEditor Detection: Level '/Game/StarterContent/Maps/Minimal_Default.Minimal_Default:PersistentLevel' has LevelScriptBlueprint '/Game/StarterContent/Maps/Minimal_Default.Minimal_Default:PersistentLevel.Minimal_Default' with GeneratedClass '/Game/StarterContent/Maps/Minimal_Default.Minimal_Default_C' with ClassGeneratedBy '/Game/StarterContent/Maps/Minimal_Default.Minimal_Default:PersistentLevel.Minimal_Default'
[2017.10.18-17.07.20:003][ 22]LogPlayLevel: PlayLevel: No blueprints needed recompiling
[2017.10.18-17.07.20:006][ 22]PIE: New page: PIE session: Minimal_Default (18 Oct 2017 19:07:20)
[2017.10.18-17.07.20:006][ 22]LogPlayLevel: Creating play world package: /Game/StarterContent/Maps/UEDPIE_0_Minimal_Default
[2017.10.18-17.07.20:016][ 22]LogPlayLevel: PIE: StaticDuplicateObject took: (0.009208s)
[2017.10.18-17.07.20:018][ 22]LogAIModule: Creating AISystem for world Minimal_Default
[2017.10.18-17.07.20:019][ 22]LogPlayLevel: PIE: World Init took: (0.003202s)
[2017.10.18-17.07.20:019][ 22]LogPlayLevel: PIE: Created PIE world by copying editor world from /Game/StarterContent/Maps/Minimal_Default.Minimal_Default to /Game/StarterContent/Maps/UEDPIE_0_Minimal_Default.Minimal_Default (0.012832s)
[2017.10.18-17.07.20:049][ 22]LogInit: XAudio2 using 'BenQ GL2450H (Intel(R) Display Audio)' : 2 channels at 48 kHz using 16 bits per sample (channel mask 0x3)
[2017.10.18-17.07.20:059][ 22]LogInit: FAudioDevice initialized.
[2017.10.18-17.07.20:102][ 22]LogLoad: Game class is 'MyGame_C'
[2017.10.18-17.07.20:106][ 22]LogWorld: Bringing World /Game/StarterContent/Maps/UEDPIE_0_Minimal_Default.Minimal_Default up for play (max tick rate 60) at 2017.10.18-18.07.20
[2017.10.18-17.07.20:106][ 22]LogWorld: Bringing up level for play took: 0.001994
[2017.10.18-17.07.20:187][ 22]LogContentBrowser: Native class hierarchy updated for 'MovieSceneCapture' in 0.0023 seconds. Added 11 classes and 0 folders.
[2017.10.18-17.07.20:190][ 22]PIE: Play in editor start time for /Game/StarterContent/Maps/UEDPIE_0_Minimal_Default -0.356
[2017.10.18-17.07.20:190][ 22]LogBlueprintUserMessages: Late PlayInEditor Detection: Level '/Game/StarterContent/Maps/Minimal_Default.Minimal_Default:PersistentLevel' has LevelScriptBlueprint '/Game/StarterContent/Maps/Minimal_Default.Minimal_Default:PersistentLevel.Minimal_Default' with GeneratedClass '/Game/StarterContent/Maps/Minimal_Default.Minimal_Default_C' with ClassGeneratedBy '/Game/StarterContent/Maps/Minimal_Default.Minimal_Default:PersistentLevel.Minimal_Default'
[2017.10.18-17.07.24:982][300]LogBlueprintUserMessages: Early EndPlayMap Detection: Level '/Game/StarterContent/Maps/Minimal_Default.Minimal_Default:PersistentLevel' has LevelScriptBlueprint '/Game/StarterContent/Maps/Minimal_Default.Minimal_Default:PersistentLevel.Minimal_Default' with GeneratedClass '/Game/StarterContent/Maps/Minimal_Default.Minimal_Default_C' with ClassGeneratedBy '/Game/StarterContent/Maps/Minimal_Default.Minimal_Default:PersistentLevel.Minimal_Default'
[2017.10.18-17.07.25:046][300]LogBlueprintUserMessages: Late EndPlayMap Detection: Level '/Game/StarterContent/Maps/Minimal_Default.Minimal_Default:PersistentLevel' has LevelScriptBlueprint '/Game/StarterContent/Maps/Minimal_Default.Minimal_Default:PersistentLevel.Minimal_Default' with GeneratedClass '/Game/StarterContent/Maps/Minimal_Default.Minimal_Default_C' with ClassGeneratedBy '/Game/StarterContent/Maps/Minimal_Default.Minimal_Default:PersistentLevel.Minimal_Default'
[2017.10.18-17.07.39:355][949]LogTemp: Repeating last play command: Selected Viewport
[2017.10.18-17.07.39:371][949]LogBlueprintUserMessages: Early PlayInEditor Detection: Level '/Game/StarterContent/Maps/Minimal_Default.Minimal_Default:PersistentLevel' has LevelScriptBlueprint '/Game/StarterContent/Maps/Minimal_Default.Minimal_Default:PersistentLevel.Minimal_Default' with GeneratedClass '/Game/StarterContent/Maps/Minimal_Default.Minimal_Default_C' with ClassGeneratedBy '/Game/StarterContent/Maps/Minimal_Default.Minimal_Default:PersistentLevel.Minimal_Default'
[2017.10.18-17.07.39:371][949]LogPlayLevel: PlayLevel: No blueprints needed recompiling
[2017.10.18-17.07.39:372][949]PIE: New page: PIE session: Minimal_Default (18 Oct 2017 19:07:39)
[2017.10.18-17.07.39:372][949]LogPlayLevel: Creating play world package: /Game/StarterContent/Maps/UEDPIE_0_Minimal_Default
[2017.10.18-17.07.39:380][949]LogPlayLevel: PIE: StaticDuplicateObject took: (0.008321s)
[2017.10.18-17.07.39:381][949]LogAIModule: Creating AISystem for world Minimal_Default
[2017.10.18-17.07.39:381][949]LogPlayLevel: PIE: World Init took: (0.000772s)
[2017.10.18-17.07.39:381][949]LogPlayLevel: PIE: Created PIE world by copying editor world from /Game/StarterContent/Maps/Minimal_Default.Minimal_Default to /Game/StarterContent/Maps/UEDPIE_0_Minimal_Default.Minimal_Default (0.009418s)
[2017.10.18-17.07.39:401][949]LogInit: XAudio2 using 'BenQ GL2450H (Intel(R) Display Audio)' : 2 channels at 48 kHz using 16 bits per sample (channel mask 0x3)
[2017.10.18-17.07.39:407][949]LogInit: FAudioDevice initialized.
[2017.10.18-17.07.39:443][949]LogLoad: Game class is 'MyGame_C'
[2017.10.18-17.07.39:445][949]LogWorld: Bringing World /Game/StarterContent/Maps/UEDPIE_0_Minimal_Default.Minimal_Default up for play (max tick rate 60) at 2017.10.18-18.07.39
[2017.10.18-17.07.39:445][949]LogWorld: Bringing up level for play took: 0.001293
[2017.10.18-17.07.39:447][949]PIE: Play in editor start time for /Game/StarterContent/Maps/UEDPIE_0_Minimal_Default 0.901
[2017.10.18-17.07.39:447][949]LogBlueprintUserMessages: Late PlayInEditor Detection: Level '/Game/StarterContent/Maps/Minimal_Default.Minimal_Default:PersistentLevel' has LevelScriptBlueprint '/Game/StarterContent/Maps/Minimal_Default.Minimal_Default:PersistentLevel.Minimal_Default' with GeneratedClass '/Game/StarterContent/Maps/Minimal_Default.Minimal_Default_C' with ClassGeneratedBy '/Game/StarterContent/Maps/Minimal_Default.Minimal_Default:PersistentLevel.Minimal_Default'
[2017.10.18-17.07.41:327][ 60]LogBlueprintUserMessages: Early EndPlayMap Detection: Level '/Game/StarterContent/Maps/Minimal_Default.Minimal_Default:PersistentLevel' has LevelScriptBlueprint '/Game/StarterContent/Maps/Minimal_Default.Minimal_Default:PersistentLevel.Minimal_Default' with GeneratedClass '/Game/StarterContent/Maps/Minimal_Default.Minimal_Default_C' with ClassGeneratedBy '/Game/StarterContent/Maps/Minimal_Default.Minimal_Default:PersistentLevel.Minimal_Default'
[2017.10.18-17.07.41:379][ 60]LogBlueprintUserMessages: Late EndPlayMap Detection: Level '/Game/StarterContent/Maps/Minimal_Default.Minimal_Default:PersistentLevel' has LevelScriptBlueprint '/Game/StarterContent/Maps/Minimal_Default.Minimal_Default:PersistentLevel.Minimal_Default' with GeneratedClass '/Game/StarterContent/Maps/Minimal_Default.Minimal_Default_C' with ClassGeneratedBy '/Game/StarterContent/Maps/Minimal_Default.Minimal_Default:PersistentLevel.Minimal_Default'
[2017.10.18-17.08.04:894][401]LogActorComponent: RegisterComponentWithWorld: (/Engine/Transient.World_18:PersistentLevel.Actor_2.DebugSkelMeshComponent_6) Already registered. Aborting.
[2017.10.18-17.08.05:142][401]LogSkeletalMesh: USkeletalMeshComponent::InitArticulated : Bodies already created (/Engine/Transient.World_18:PersistentLevel.Actor_2.DebugSkelMeshComponent_6) - call TermArticulated first.
[2017.10.18-17.09.30:865][467]BlueprintLog: New page: Compile Character_BP
[2017.10.18-17.09.32:053][510]Cmd: OBJ SAVEPACKAGE PACKAGE="/Game/Character/Character_BP" FILE="../../../../../../Users/Leszek/Documents/Unreal Projects/ThirdPersonProject/Content/Character/Character_BP.uasset" SILENT=true
[2017.10.18-17.09.32:115][510]LogSavePackage: Save=53.53ms
[2017.10.18-17.09.32:115][510]LogSavePackage: Moving '../../../../../../Users/Leszek/Documents/Unreal Projects/ThirdPersonProject/Saved/Character_BP6FEB487F487E1AD7CABDCA8ACB73F424.tmp' to '../../../../../../Users/Leszek/Documents/Unreal Projects/ThirdPersonProject/Content/Character/Character_BP.uasset'
[2017.10.18-17.09.32:120][510]LogSavePackage: Display: Finished SavePackage ../../../../../../Users/Leszek/Documents/Unreal Projects/ThirdPersonProject/Content/Character/Character_BP.uasset
[2017.10.18-17.09.36:981][796]LogTemp: Repeating last play command: Selected Viewport
[2017.10.18-17.09.37:000][796]LogBlueprintUserMessages: Early PlayInEditor Detection: Level '/Game/StarterContent/Maps/Minimal_Default.Minimal_Default:PersistentLevel' has LevelScriptBlueprint '/Game/StarterContent/Maps/Minimal_Default.Minimal_Default:PersistentLevel.Minimal_Default' with GeneratedClass '/Game/StarterContent/Maps/Minimal_Default.Minimal_Default_C' with ClassGeneratedBy '/Game/StarterContent/Maps/Minimal_Default.Minimal_Default:PersistentLevel.Minimal_Default'
[2017.10.18-17.09.37:000][796]LogPlayLevel: PlayLevel: No blueprints needed recompiling
[2017.10.18-17.09.37:001][796]PIE: New page: PIE session: Minimal_Default (18 Oct 2017 19:09:37)
[2017.10.18-17.09.37:001][796]LogPlayLevel: Creating play world package: /Game/StarterContent/Maps/UEDPIE_0_Minimal_Default
[2017.10.18-17.09.37:011][796]LogPlayLevel: PIE: StaticDuplicateObject took: (0.010659s)
[2017.10.18-17.09.37:012][796]LogAIModule: Creating AISystem for world Minimal_Default
[2017.10.18-17.09.37:012][796]LogPlayLevel: PIE: World Init took: (0.000917s)
[2017.10.18-17.09.37:013][796]LogPlayLevel: PIE: Created PIE world by copying editor world from /Game/StarterContent/Maps/Minimal_Default.Minimal_Default to /Game/StarterContent/Maps/UEDPIE_0_Minimal_Default.Minimal_Default (0.011935s)
[2017.10.18-17.09.37:036][796]LogInit: XAudio2 using 'BenQ GL2450H (Intel(R) Display Audio)' : 2 channels at 48 kHz using 16 bits per sample (channel mask 0x3)
[2017.10.18-17.09.37:041][796]LogInit: FAudioDevice initialized.
[2017.10.18-17.09.37:074][796]LogLoad: Game class is 'MyGame_C'
[2017.10.18-17.09.37:077][796]LogWorld: Bringing World /Game/StarterContent/Maps/UEDPIE_0_Minimal_Default.Minimal_Default up for play (max tick rate 60) at 2017.10.18-18.09.37
[2017.10.18-17.09.37:077][796]LogWorld: Bringing up level for play took: 0.001624
[2017.10.18-17.09.37:079][796]PIE: Play in editor start time for /Game/StarterContent/Maps/UEDPIE_0_Minimal_Default 0.533
[2017.10.18-17.09.37:079][796]LogBlueprintUserMessages: Late PlayInEditor Detection: Level '/Game/StarterContent/Maps/Minimal_Default.Minimal_Default:PersistentLevel' has LevelScriptBlueprint '/Game/StarterContent/Maps/Minimal_Default.Minimal_Default:PersistentLevel.Minimal_Default' with GeneratedClass '/Game/StarterContent/Maps/Minimal_Default.Minimal_Default_C' with ClassGeneratedBy '/Game/StarterContent/Maps/Minimal_Default.Minimal_Default:PersistentLevel.Minimal_Default'
[2017.10.18-17.09.51:128][637]LogBlueprintUserMessages: Early EndPlayMap Detection: Level '/Game/StarterContent/Maps/Minimal_Default.Minimal_Default:PersistentLevel' has LevelScriptBlueprint '/Game/StarterContent/Maps/Minimal_Default.Minimal_Default:PersistentLevel.Minimal_Default' with GeneratedClass '/Game/StarterContent/Maps/Minimal_Default.Minimal_Default_C' with ClassGeneratedBy '/Game/StarterContent/Maps/Minimal_Default.Minimal_Default:PersistentLevel.Minimal_Default'
[2017.10.18-17.09.51:181][637]LogBlueprintUserMessages: Late EndPlayMap Detection: Level '/Game/StarterContent/Maps/Minimal_Default.Minimal_Default:PersistentLevel' has LevelScriptBlueprint '/Game/StarterContent/Maps/Minimal_Default.Minimal_Default:PersistentLevel.Minimal_Default' with GeneratedClass '/Game/StarterContent/Maps/Minimal_Default.Minimal_Default_C' with ClassGeneratedBy '/Game/StarterContent/Maps/Minimal_Default.Minimal_Default:PersistentLevel.Minimal_Default'
[2017.10.18-17.09.54:451][810]LogSavePackage: Save=49.32ms
[2017.10.18-17.09.54:451][810]LogSavePackage: Moving '../../../../../../Users/Leszek/Documents/Unreal Projects/ThirdPersonProject/Saved/Minimal_DefaultCE3A3FDF4AA117570EE7C0B6C1968C5C.tmp' to '../../../../../../Users/Leszek/Documents/Unreal Projects/ThirdPersonProject/Content/StarterContent/Maps/Minimal_Default.umap'
[2017.10.18-17.09.54:457][810]LogSavePackage: Display: Finished SavePackage ../../../../../../Users/Leszek/Documents/Unreal Projects/ThirdPersonProject/Content/StarterContent/Maps/Minimal_Default.umap
[2017.10.18-17.09.54:526][810]LogSavePackage: Save=35.36ms
[2017.10.18-17.09.54:526][810]LogSavePackage: Moving '../../../../../../Users/Leszek/Documents/Unreal Projects/ThirdPersonProject/Saved/Minimal_Default_BuiltData610D522647F8244B9EC3A7A092A03117.tmp' to '../../../../../../Users/Leszek/Documents/Unreal Projects/ThirdPersonProject/Content/StarterContent/Maps/Minimal_Default_BuiltData.uasset'
[2017.10.18-17.09.54:528][810]LogSavePackage: Display: Finished SavePackage ../../../../../../Users/Leszek/Documents/Unreal Projects/ThirdPersonProject/Content/StarterContent/Maps/Minimal_Default_BuiltData.uasset
[2017.10.18-17.20.17:968][803]LogTemp: Repeating last play command: Selected Viewport
[2017.10.18-17.20.17:990][803]LogBlueprintUserMessages: Early PlayInEditor Detection: Level '/Game/StarterContent/Maps/Minimal_Default.Minimal_Default:PersistentLevel' has LevelScriptBlueprint '/Game/StarterContent/Maps/Minimal_Default.Minimal_Default:PersistentLevel.Minimal_Default' with GeneratedClass '/Game/StarterContent/Maps/Minimal_Default.Minimal_Default_C' with ClassGeneratedBy '/Game/StarterContent/Maps/Minimal_Default.Minimal_Default:PersistentLevel.Minimal_Default'
[2017.10.18-17.20.17:990][803]LogPlayLevel: PlayLevel: No blueprints needed recompiling
[2017.10.18-17.20.17:990][803]PIE: New page: PIE session: Minimal_Default (18 Oct 2017 19:20:17)
[2017.10.18-17.20.17:990][803]LogPlayLevel: Creating play world package: /Game/StarterContent/Maps/UEDPIE_0_Minimal_Default
[2017.10.18-17.20.18:002][803]LogPlayLevel: PIE: StaticDuplicateObject took: (0.011491s)
[2017.10.18-17.20.18:003][803]LogAIModule: Creating AISystem for world Minimal_Default
[2017.10.18-17.20.18:003][803]LogPlayLevel: PIE: World Init took: (0.001368s)
[2017.10.18-17.20.18:004][803]LogPlayLevel: PIE: Created PIE world by copying editor world from /Game/StarterContent/Maps/Minimal_Default.Minimal_Default to /Game/StarterContent/Maps/UEDPIE_0_Minimal_Default.Minimal_Default (0.013285s)
[2017.10.18-17.20.18:033][803]LogInit: XAudio2 using 'BenQ GL2450H (Intel(R) Display Audio)' : 2 channels at 48 kHz using 16 bits per sample (channel mask 0x3)
[2017.10.18-17.20.18:041][803]LogInit: FAudioDevice initialized.
[2017.10.18-17.20.18:077][803]LogLoad: Game class is 'MyGame_C'
[2017.10.18-17.20.18:080][803]LogWorld: Bringing World /Game/StarterContent/Maps/UEDPIE_0_Minimal_Default.Minimal_Default up for play (max tick rate 60) at 2017.10.18-18.20.18
[2017.10.18-17.20.18:080][803]LogWorld: Bringing up level for play took: 0.001631
[2017.10.18-17.20.18:082][803]PIE: Play in editor start time for /Game/StarterContent/Maps/UEDPIE_0_Minimal_Default -0.463
[2017.10.18-17.20.18:083][803]LogBlueprintUserMessages: Late PlayInEditor Detection: Level '/Game/StarterContent/Maps/Minimal_Default.Minimal_Default:PersistentLevel' has LevelScriptBlueprint '/Game/StarterContent/Maps/Minimal_Default.Minimal_Default:PersistentLevel.Minimal_Default' with GeneratedClass '/Game/StarterContent/Maps/Minimal_Default.Minimal_Default_C' with ClassGeneratedBy '/Game/StarterContent/Maps/Minimal_Default.Minimal_Default:PersistentLevel.Minimal_Default'
[2017.10.18-17.20.24:812][204]LogBlueprintUserMessages: Early EndPlayMap Detection: Level '/Game/StarterContent/Maps/Minimal_Default.Minimal_Default:PersistentLevel' has LevelScriptBlueprint '/Game/StarterContent/Maps/Minimal_Default.Minimal_Default:PersistentLevel.Minimal_Default' with GeneratedClass '/Game/StarterContent/Maps/Minimal_Default.Minimal_Default_C' with ClassGeneratedBy '/Game/StarterContent/Maps/Minimal_Default.Minimal_Default:PersistentLevel.Minimal_Default'
[2017.10.18-17.20.24:866][204]LogBlueprintUserMessages: Late EndPlayMap Detection: Level '/Game/StarterContent/Maps/Minimal_Default.Minimal_Default:PersistentLevel' has LevelScriptBlueprint '/Game/StarterContent/Maps/Minimal_Default.Minimal_Default:PersistentLevel.Minimal_Default' with GeneratedClass '/Game/StarterContent/Maps/Minimal_Default.Minimal_Default_C' with ClassGeneratedBy '/Game/StarterContent/Maps/Minimal_Default.Minimal_Default:PersistentLevel.Minimal_Default'
[2017.10.18-17.23.20:829][808]BlueprintLog: New page: Compile Character_BP
[2017.10.18-17.23.29:260][282]BlueprintLog: New page: Compile Character_BP
[2017.10.18-17.23.30:115][308]Cmd: OBJ SAVEPACKAGE PACKAGE="/Game/Character/Character_BP" FILE="../../../../../../Users/Leszek/Documents/Unreal Projects/ThirdPersonProject/Content/Character/Character_BP.uasset" SILENT=true
[2017.10.18-17.23.30:182][308]LogSavePackage: Save=58.25ms
[2017.10.18-17.23.30:182][308]LogSavePackage: Moving '../../../../../../Users/Leszek/Documents/Unreal Projects/ThirdPersonProject/Saved/Character_BP36B94C4A448B962EE3EFBABAE87D4F95.tmp' to '../../../../../../Users/Leszek/Documents/Unreal Projects/ThirdPersonProject/Content/Character/Character_BP.uasset'
[2017.10.18-17.23.30:189][308]LogSavePackage: Display: Finished SavePackage ../../../../../../Users/Leszek/Documents/Unreal Projects/ThirdPersonProject/Content/Character/Character_BP.uasset
[2017.10.18-17.24.00:425][112]Cmd: OBJ SAVEPACKAGE PACKAGE="/Game/Character/Character_BP" FILE="../../../../../../Users/Leszek/Documents/Unreal Projects/ThirdPersonProject/Content/Character/Character_BP.uasset" SILENT=true
[2017.10.18-17.24.00:475][112]LogSavePackage: Save=42.70ms
[2017.10.18-17.24.00:475][112]LogSavePackage: Moving '../../../../../../Users/Leszek/Documents/Unreal Projects/ThirdPersonProject/Saved/Character_BP11CC0AB64FFAAB563BD518930740FE19.tmp' to '../../../../../../Users/Leszek/Documents/Unreal Projects/ThirdPersonProject/Content/Character/Character_BP.uasset'
[2017.10.18-17.24.00:477][112]LogSavePackage: Display: Finished SavePackage ../../../../../../Users/Leszek/Documents/Unreal Projects/ThirdPersonProject/Content/Character/Character_BP.uasset
[2017.10.18-17.24.04:511][351]LogTemp: Repeating last play command: Selected Viewport
[2017.10.18-17.24.04:529][351]LogBlueprintUserMessages: Early PlayInEditor Detection: Level '/Game/StarterContent/Maps/Minimal_Default.Minimal_Default:PersistentLevel' has LevelScriptBlueprint '/Game/StarterContent/Maps/Minimal_Default.Minimal_Default:PersistentLevel.Minimal_Default' with GeneratedClass '/Game/StarterContent/Maps/Minimal_Default.Minimal_Default_C' with ClassGeneratedBy '/Game/StarterContent/Maps/Minimal_Default.Minimal_Default:PersistentLevel.Minimal_Default'
[2017.10.18-17.24.04:529][351]LogPlayLevel: PlayLevel: No blueprints needed recompiling
[2017.10.18-17.24.04:529][351]PIE: New page: PIE session: Minimal_Default (18 Oct 2017 19:24:04)
[2017.10.18-17.24.04:529][351]LogPlayLevel: Creating play world package: /Game/StarterContent/Maps/UEDPIE_0_Minimal_Default
[2017.10.18-17.24.04:539][351]LogPlayLevel: PIE: StaticDuplicateObject took: (0.009526s)
[2017.10.18-17.24.04:540][351]LogAIModule: Creating AISystem for world Minimal_Default
[2017.10.18-17.24.04:540][351]LogPlayLevel: PIE: World Init took: (0.001171s)
[2017.10.18-17.24.04:540][351]LogPlayLevel: PIE: Created PIE world by copying editor world from /Game/StarterContent/Maps/Minimal_Default.Minimal_Default to /Game/StarterContent/Maps/UEDPIE_0_Minimal_Default.Minimal_Default (0.011024s)
[2017.10.18-17.24.04:564][351]LogInit: XAudio2 using 'BenQ GL2450H (Intel(R) Display Audio)' : 2 channels at 48 kHz using 16 bits per sample (channel mask 0x3)
[2017.10.18-17.24.04:570][351]LogInit: FAudioDevice initialized.
[2017.10.18-17.24.04:603][351]LogLoad: Game class is 'MyGame_C'
[2017.10.18-17.24.04:606][351]LogWorld: Bringing World /Game/StarterContent/Maps/UEDPIE_0_Minimal_Default.Minimal_Default up for play (max tick rate 60) at 2017.10.18-18.24.04
[2017.10.18-17.24.04:606][351]LogWorld: Bringing up level for play took: 0.001594
[2017.10.18-17.24.04:608][351]PIE: Play in editor start time for /Game/StarterContent/Maps/UEDPIE_0_Minimal_Default 0.062
[2017.10.18-17.24.04:609][351]LogBlueprintUserMessages: Late PlayInEditor Detection: Level '/Game/StarterContent/Maps/Minimal_Default.Minimal_Default:PersistentLevel' has LevelScriptBlueprint '/Game/StarterContent/Maps/Minimal_Default.Minimal_Default:PersistentLevel.Minimal_Default' with GeneratedClass '/Game/StarterContent/Maps/Minimal_Default.Minimal_Default_C' with ClassGeneratedBy '/Game/StarterContent/Maps/Minimal_Default.Minimal_Default:PersistentLevel.Minimal_Default'
[2017.10.18-17.24.38:557][386]LogBlueprintUserMessages: Early EndPlayMap Detection: Level '/Game/StarterContent/Maps/Minimal_Default.Minimal_Default:PersistentLevel' has LevelScriptBlueprint '/Game/StarterContent/Maps/Minimal_Default.Minimal_Default:PersistentLevel.Minimal_Default' with GeneratedClass '/Game/StarterContent/Maps/Minimal_Default.Minimal_Default_C' with ClassGeneratedBy '/Game/StarterContent/Maps/Minimal_Default.Minimal_Default:PersistentLevel.Minimal_Default'
[2017.10.18-17.24.38:609][386]LogBlueprintUserMessages: Late EndPlayMap Detection: Level '/Game/StarterContent/Maps/Minimal_Default.Minimal_Default:PersistentLevel' has LevelScriptBlueprint '/Game/StarterContent/Maps/Minimal_Default.Minimal_Default:PersistentLevel.Minimal_Default' with GeneratedClass '/Game/StarterContent/Maps/Minimal_Default.Minimal_Default_C' with ClassGeneratedBy '/Game/StarterContent/Maps/Minimal_Default.Minimal_Default:PersistentLevel.Minimal_Default'
[2017.10.18-17.25.14:945][873]LogTemp: Repeating last play command: Selected Viewport
[2017.10.18-17.25.14:965][873]LogBlueprintUserMessages: Early PlayInEditor Detection: Level '/Game/StarterContent/Maps/Minimal_Default.Minimal_Default:PersistentLevel' has LevelScriptBlueprint '/Game/StarterContent/Maps/Minimal_Default.Minimal_Default:PersistentLevel.Minimal_Default' with GeneratedClass '/Game/StarterContent/Maps/Minimal_Default.Minimal_Default_C' with ClassGeneratedBy '/Game/StarterContent/Maps/Minimal_Default.Minimal_Default:PersistentLevel.Minimal_Default'
[2017.10.18-17.25.14:965][873]LogPlayLevel: PlayLevel: No blueprints needed recompiling
[2017.10.18-17.25.14:965][873]PIE: New page: PIE session: Minimal_Default (18 Oct 2017 19:25:14)
[2017.10.18-17.25.14:966][873]LogPlayLevel: Creating play world package: /Game/StarterContent/Maps/UEDPIE_0_Minimal_Default
[2017.10.18-17.25.14:975][873]LogPlayLevel: PIE: StaticDuplicateObject took: (0.009057s)
[2017.10.18-17.25.14:975][873]LogAIModule: Creating AISystem for world Minimal_Default
[2017.10.18-17.25.14:976][873]LogPlayLevel: PIE: World Init took: (0.000880s)
[2017.10.18-17.25.14:976][873]LogPlayLevel: PIE: Created PIE world by copying editor world from /Game/StarterContent/Maps/Minimal_Default.Minimal_Default to /Game/StarterContent/Maps/UEDPIE_0_Minimal_Default.Minimal_Default (0.010251s)
[2017.10.18-17.25.14:998][873]LogInit: XAudio2 using 'BenQ GL2450H (Intel(R) Display Audio)' : 2 channels at 48 kHz using 16 bits per sample (channel mask 0x3)
[2017.10.18-17.25.15:003][873]LogInit: FAudioDevice initialized.
[2017.10.18-17.25.15:036][873]LogLoad: Game class is 'MyGame_C'
[2017.10.18-17.25.15:038][873]LogWorld: Bringing World /Game/StarterContent/Maps/UEDPIE_0_Minimal_Default.Minimal_Default up for play (max tick rate 60) at 2017.10.18-18.25.15
[2017.10.18-17.25.15:039][873]LogWorld: Bringing up level for play took: 0.001376
[2017.10.18-17.25.15:041][873]PIE: Play in editor start time for /Game/StarterContent/Maps/UEDPIE_0_Minimal_Default 0.495
[2017.10.18-17.25.15:041][873]LogBlueprintUserMessages: Late PlayInEditor Detection: Level '/Game/StarterContent/Maps/Minimal_Default.Minimal_Default:PersistentLevel' has LevelScriptBlueprint '/Game/StarterContent/Maps/Minimal_Default.Minimal_Default:PersistentLevel.Minimal_Default' with GeneratedClass '/Game/StarterContent/Maps/Minimal_Default.Minimal_Default_C' with ClassGeneratedBy '/Game/StarterContent/Maps/Minimal_Default.Minimal_Default:PersistentLevel.Minimal_Default'
[2017.10.18-17.25.32:183][899]LogBlueprintUserMessages: Early EndPlayMap Detection: Level '/Game/StarterContent/Maps/Minimal_Default.Minimal_Default:PersistentLevel' has LevelScriptBlueprint '/Game/StarterContent/Maps/Minimal_Default.Minimal_Default:PersistentLevel.Minimal_Default' with GeneratedClass '/Game/StarterContent/Maps/Minimal_Default.Minimal_Default_C' with ClassGeneratedBy '/Game/StarterContent/Maps/Minimal_Default.Minimal_Default:PersistentLevel.Minimal_Default'
[2017.10.18-17.25.32:241][899]LogBlueprintUserMessages: Late EndPlayMap Detection: Level '/Game/StarterContent/Maps/Minimal_Default.Minimal_Default:PersistentLevel' has LevelScriptBlueprint '/Game/StarterContent/Maps/Minimal_Default.Minimal_Default:PersistentLevel.Minimal_Default' with GeneratedClass '/Game/StarterContent/Maps/Minimal_Default.Minimal_Default_C' with ClassGeneratedBy '/Game/StarterContent/Maps/Minimal_Default.Minimal_Default:PersistentLevel.Minimal_Default'
[2017.10.18-17.26.00:725][541]Cmd: OBJ SAVEPACKAGE PACKAGE="/Game/Character/Character_BP" FILE="../../../../../../Users/Leszek/Documents/Unreal Projects/ThirdPersonProject/Content/Character/Character_BP.uasset" SILENT=true
[2017.10.18-17.26.00:782][541]LogSavePackage: Save=48.98ms
[2017.10.18-17.26.00:782][541]LogSavePackage: Moving '../../../../../../Users/Leszek/Documents/Unreal Projects/ThirdPersonProject/Saved/Character_BP10DBB3B94215C8A5C2E332B5F233A2B7.tmp' to '../../../../../../Users/Leszek/Documents/Unreal Projects/ThirdPersonProject/Content/Character/Character_BP.uasset'
[2017.10.18-17.26.00:784][541]LogSavePackage: Display: Finished SavePackage ../../../../../../Users/Leszek/Documents/Unreal Projects/ThirdPersonProject/Content/Character/Character_BP.uasset
[2017.10.18-17.26.15:531][408]LogSavePackage: Save=50.38ms
[2017.10.18-17.26.15:531][408]LogSavePackage: Moving '../../../../../../Users/Leszek/Documents/Unreal Projects/ThirdPersonProject/Saved/Minimal_Default5B34EE49498EC1F67E77AFA434425001.tmp' to '../../../../../../Users/Leszek/Documents/Unreal Projects/ThirdPersonProject/Content/StarterContent/Maps/Minimal_Default.umap'
[2017.10.18-17.26.15:534][408]LogSavePackage: Display: Finished SavePackage ../../../../../../Users/Leszek/Documents/Unreal Projects/ThirdPersonProject/Content/StarterContent/Maps/Minimal_Default.umap
[2017.10.18-17.26.15:620][408]LogSavePackage: Save=38.40ms
[2017.10.18-17.26.15:620][408]LogSavePackage: Moving '../../../../../../Users/Leszek/Documents/Unreal Projects/ThirdPersonProject/Saved/Minimal_Default_BuiltData7385449F49BAA4C6DBAC71B1DEA7B676.tmp' to '../../../../../../Users/Leszek/Documents/Unreal Projects/ThirdPersonProject/Content/StarterContent/Maps/Minimal_Default_BuiltData.uasset'
[2017.10.18-17.26.15:622][408]LogSavePackage: Display: Finished SavePackage ../../../../../../Users/Leszek/Documents/Unreal Projects/ThirdPersonProject/Content/StarterContent/Maps/Minimal_Default_BuiltData.uasset
