Log file open, 10/23/17 15:05:53
LogWindows: Failed to load 'aqProf.dll' (GetLastError=126)
LogWindows: File 'aqProf.dll' does not exist
LogWindows: Failed to load 'VSPerf140.dll' (GetLastError=126)
LogWindows: File 'VSPerf140.dll' does not exist
LogWindows: Failed to load 'VtuneApi.dll' (GetLastError=126)
LogWindows: File 'VtuneApi.dll' does not exist
LogWindows: Failed to load 'VtuneApi32e.dll' (GetLastError=126)
LogWindows: File 'VtuneApi32e.dll' does not exist
LogInit: Display: Running engine for game: ThirdPersonProject
LogPlatformFile: Not using cached read wrapper
LogInit: Display: RandInit(680494430) SRandInit(680494430).
LogTaskGraph: Started task graph with 5 named threads and 14 total threads with 3 sets of task threads.
LogStats: Stats thread started at 0.192644
LogD3D11RHI: Aftermath initialized
LogPluginManager: Mounting plugin Paper2D
LogPluginManager: Mounting plugin LightPropagationVolume
LogPluginManager: Mounting plugin CodeLiteSourceCodeAccess
LogPluginManager: Mounting plugin GitSourceControl
LogPluginManager: Mounting plugin KDevelopSourceCodeAccess
LogPluginManager: Mounting plugin NullSourceCodeAccess
LogPluginManager: Mounting plugin PerforceSourceControl
LogPluginManager: Mounting plugin SubversionSourceControl
LogPluginManager: Mounting plugin UObjectPlugin
LogPluginManager: Mounting plugin VisualStudioSourceCodeAccess
LogPluginManager: Mounting plugin XCodeSourceCodeAccess
LogPluginManager: Mounting plugin AssetManagerEditor
LogPluginManager: Mounting plugin AudioCapture
LogPluginManager: Mounting plugin FacialAnimation
LogPluginManager: Mounting plugin GameplayTagsEditor
LogPluginManager: Mounting plugin MobileLauncherProfileWizard
LogPluginManager: Mounting plugin PluginBrowser
LogPluginManager: Mounting plugin SpeedTreeImporter
LogPluginManager: Mounting plugin AlembicImporter
LogPluginManager: Mounting plugin CharacterAI
LogPluginManager: Mounting plugin HTML5Networking
LogPluginManager: Mounting plugin AndroidMedia
LogPluginManager: Mounting plugin AvfMedia
LogPluginManager: Mounting plugin MediaPlayerEditor
LogPluginManager: Mounting plugin WmfMedia
LogPluginManager: Mounting plugin TcpMessaging
LogPluginManager: Mounting plugin UdpMessaging
LogPluginManager: Mounting plugin LevelSequenceEditor
LogPluginManager: Mounting plugin MatineeToLevelSequence
LogPluginManager: Mounting plugin OnlineSubsystemGooglePlay
LogPluginManager: Mounting plugin OnlineSubsystemIOS
LogPluginManager: Mounting plugin OnlineSubsystem
LogPluginManager: Mounting plugin OnlineSubsystemNull
LogPluginManager: Mounting plugin OnlineSubsystemUtils
LogPluginManager: Mounting plugin AndroidDeviceProfileSelector
LogPluginManager: Mounting plugin AndroidMoviePlayer
LogPluginManager: Mounting plugin AndroidPermission
LogPluginManager: Mounting plugin AppleMoviePlayer
LogPluginManager: Mounting plugin ArchVisCharacter
LogPluginManager: Mounting plugin CableComponent
LogPluginManager: Mounting plugin CustomMeshComponent
LogPluginManager: Mounting plugin ExampleDeviceProfileSelector
LogPluginManager: Mounting plugin GoogleCloudMessaging
LogPluginManager: Mounting plugin ImmediatePhysics
LogPluginManager: Mounting plugin IOSDeviceProfileSelector
LogPluginManager: Mounting plugin LinuxDeviceProfileSelector
LogPluginManager: Mounting plugin LocationServicesBPLibrary
LogPluginManager: Mounting plugin MobilePatchingUtils
LogPluginManager: Mounting plugin OculusVR
LogPluginManager: Mounting plugin PhysXVehicles
LogPluginManager: Mounting plugin ProceduralMeshComponent
LogPluginManager: Mounting plugin RuntimePhysXCooking
LogPluginManager: Mounting plugin SteamVR
LogPluginManager: Mounting plugin WindowsMoviePlayer
LogInit: Using libcurl 7.47.1
LogInit:  - built for x86_64-pc-win32
LogInit:  - supports SSL with OpenSSL/1.0.2g
LogInit:  - supports HTTP deflate (compression) using libz 1.2.8
LogInit:  - other features:
LogInit:      CURL_VERSION_SSL
LogInit:      CURL_VERSION_LIBZ
LogInit:      CURL_VERSION_IPV6
LogInit:      CURL_VERSION_ASYNCHDNS
LogInit:      CURL_VERSION_LARGEFILE
LogInit:      CURL_VERSION_IDN
LogInit:  CurlRequestOptions (configurable via config and command line):
LogInit:  - bVerifyPeer = false  - Libcurl will NOT verify peer certificate
LogInit:  - bUseHttpProxy = false  - Libcurl will NOT use HTTP proxy
LogInit:  - bDontReuseConnections = false  - Libcurl will reuse connections
LogInit:  - CertBundlePath = nullptr  - Libcurl will use whatever was configured at build time.
LogInit: Build: ++UE4+Release-4.17-CL-3658906
LogInit: Engine Version: 4.17.2-3658906+++UE4+Release-4.17
LogInit: Compatible Engine Version: 4.17.0-3573198+++UE4+Release-4.17
LogInit: Net CL: 3573198
LogDevObjectVersion: Number of dev versions registered: 16
LogDevObjectVersion:   Dev-Blueprints (B0D832E4-1F89-4F0D-ACCF-7EB736FD4AA2): 10
LogDevObjectVersion:   Dev-Build (E1C64328-A22C-4D53-A36C-8E866417BD8C): 0
LogDevObjectVersion:   Dev-Core (375EC13C-06E4-48FB-B500-84F0262A717E): 2
LogDevObjectVersion:   Dev-Editor (E4B068ED-F494-42E9-A231-DA0B2E46BB41): 20
LogDevObjectVersion:   Dev-Framework (CFFC743F-43B0-4480-9391-14DF171D2073): 28
LogDevObjectVersion:   Dev-Mobile (B02B49B5-BB20-44E9-A304-32B752E40360): 0
LogDevObjectVersion:   Dev-Networking (A4E4105C-59A1-49B5-A7C5-40C4547EDFEE): 0
LogDevObjectVersion:   Dev-Online (39C831C9-5AE6-47DC-9A44-9C173E1C8E7C): 0
LogDevObjectVersion:   Dev-Physics (78F01B33-EBEA-4F98-B9B4-84EACCB95AA2): 0
LogDevObjectVersion:   Dev-Platform (6631380F-2D4D-43E0-8009-CF276956A95A): 0
LogDevObjectVersion:   Dev-Rendering (12F88B9F-8875-4AFC-A67C-D90C383ABD29): 19
LogDevObjectVersion:   Dev-Sequencer (7B5AE74C-D270-4C10-A958-57980B212A5A): 4
LogDevObjectVersion:   Dev-VR (D7296918-1DD6-4BDD-9DE2-64A83CC13884): 0
LogDevObjectVersion:   Dev-LoadTimes (C2A15278-BFE7-4AFE-6C17-90FF531DF755): 1
LogDevObjectVersion:   Private-Geometry (6EACA3D4-40EC-4CC1-B786-8BED09428FC5): 1
LogDevObjectVersion:   Dev-AnimPhys (29E575DD-E0A3-4627-9D10-D276232CDCEA): 7
LogInit: Compiled (64-bit): Sep 22 2017 13:47:16
LogInit: Compiled with Visual C++: 19.00.24215.01
LogInit: Build Configuration: Development
LogInit: Branch Name: ++UE4+Release-4.17
LogInit: Command line:  /Temp/Autosaves/Game/StarterContent/Maps/UEDPCMinimal_Default -game -PIEVIACONSOLE -ResX=1280 -ResY=720  -Multiprocess -messaging -SessionName="Play in Standalone Game" -featureleveles2 -faketouches -windowed 
LogInit: Base directory: C:/Program Files/Epic Games/UE_4.17/Engine/Binaries/Win64/
LogInit: Installed Engine Build: 1
LogInit: Presizing for max 8388607 objects, including 0 objects not considered by GC, pre-allocating 0 bytes for permanent pool.
LogInit: Object subsystem initialized
[2017.10.23-14.05.54:318][  0]LogInit: Selected Device Profile: [Windows]
[2017.10.23-14.05.54:318][  0]LogInit: Applying CVar settings loaded from the selected device profile: [Windows]
[2017.10.23-14.05.54:324][  0]LogInit: Computer: DESKTOP-UTLPHC3
[2017.10.23-14.05.54:324][  0]LogInit: User: Leszek
[2017.10.23-14.05.54:324][  0]LogInit: CPU Page size=4096, Cores=4
[2017.10.23-14.05.54:324][  0]LogInit: High frequency timer resolution =2.742191 MHz
[2017.10.23-14.05.54:324][  0]LogMemory: Memory total: Physical=15.9GB (16GB approx)
[2017.10.23-14.05.54:324][  0]LogMemory: Platform Memory Stats for Windows
[2017.10.23-14.05.54:324][  0]LogMemory: Process Physical Memory: 278.51 MB used, 278.51 MB peak
[2017.10.23-14.05.54:324][  0]LogMemory: Process Virtual Memory: 282.30 MB used, 282.30 MB peak
[2017.10.23-14.05.54:324][  0]LogMemory: Physical Memory: 8390.80 MB used,  7845.14 MB free, 16235.95 MB total
[2017.10.23-14.05.54:324][  0]LogMemory: Virtual Memory: 676.78 MB used,  7845.14 MB free, 134217728.00 MB total
[2017.10.23-14.05.57:560][  0]LogInit: Using OS detected language (en-US).
[2017.10.23-14.05.57:560][  0]LogInit: Using OS detected locale (en-GB).
[2017.10.23-14.05.57:564][  0]LogTextLocalizationManager: No specific localization for 'en-US' exists, so the 'en' localization will be used.
[2017.10.23-14.05.58:209][  0]LogD3D11RHI: D3D11 adapters:
[2017.10.23-14.05.58:266][  0]LogD3D11RHI:    0. 'NVIDIA GeForce GTX 1050' (Feature Level 11_0)
[2017.10.23-14.05.58:266][  0]LogD3D11RHI:       4031/0/8117 MB DedicatedVideo/DedicatedSystem/SharedSystem, Outputs:2, VendorId:0x10de
[2017.10.23-14.05.58:275][  0]LogD3D11RHI:    1. 'Intel(R) HD Graphics 630' (Feature Level 11_0)
[2017.10.23-14.05.58:275][  0]LogD3D11RHI:       128/0/8117 MB DedicatedVideo/DedicatedSystem/SharedSystem, Outputs:0, VendorId:0x8086
[2017.10.23-14.05.58:276][  0]LogD3D11RHI:    2. 'Microsoft Basic Render Driver' (Feature Level 11_0)
[2017.10.23-14.05.58:276][  0]LogD3D11RHI:       0/0/8117 MB DedicatedVideo/DedicatedSystem/SharedSystem, Outputs:0, VendorId:0x1414
[2017.10.23-14.05.58:276][  0]LogD3D11RHI: Chosen D3D11 Adapter: 0
[2017.10.23-14.05.58:285][  0]LogD3D11RHI: Creating new Direct3DDevice
[2017.10.23-14.05.58:285][  0]LogD3D11RHI:     GPU DeviceId: 0x1c8d (for the marketing name, search the web for "GPU Device Id")
[2017.10.23-14.05.58:285][  0]LogWindows: EnumDisplayDevices:
[2017.10.23-14.05.58:285][  0]LogWindows:    0. 'Intel(R) HD Graphics 630' (P:1 D:1)
[2017.10.23-14.05.58:285][  0]LogWindows:    1. 'Intel(R) HD Graphics 630' (P:0 D:1)
[2017.10.23-14.05.58:286][  0]LogWindows:    2. 'Intel(R) HD Graphics 630' (P:0 D:0)
[2017.10.23-14.05.58:286][  0]LogWindows: DebugString: PrimaryIsNotTheChoosenAdapter PrimaryIsNotTheChoosenAdapter PrimaryIsNotTheChoosenAdapter FoundDriverCount:0 
[2017.10.23-14.05.58:286][  0]LogD3D11RHI:     Adapter Name: NVIDIA GeForce GTX 1050
[2017.10.23-14.05.58:286][  0]LogD3D11RHI:   Driver Version: Unknown (internal:Unknown, unified:Unknown)
[2017.10.23-14.05.58:286][  0]LogD3D11RHI:      Driver Date: Unknown
[2017.10.23-14.05.58:286][  0]LogRHI: Texture pool is 1361 MB (70% of 1945 MB)
[2017.10.23-14.05.58:315][  0]LogD3D11RHI: Async texture creation enabled
[2017.10.23-14.05.58:359][  0]LogD3D11RHI: GPU Timing Frequency: 1000.000000 (Debug: 2 1)
[2017.10.23-14.05.58:361][  0]LogShaderCompilers: Guid format shader working directory is -28 characters bigger than the processId version (../../../../../../Users/Leszek/Documents/Unreal Projects/ThirdPersonProject/Intermediate/Shaders/WorkingDirectory/4308/).
[2017.10.23-14.05.58:361][  0]LogShaderCompilers: Cleaned the shader compiler working directory 'C:/Users/Leszek/AppData/Local/Temp/UnrealShaderWorkingDir/BD1BDBB248CC739FB68E5F8B5642DACD/'.
[2017.10.23-14.05.58:361][  0]LogShaderCompilers: Display: Using Local Shader Compiler.
[2017.10.23-14.05.59:437][  0]LogTemp: Display: Loaded TP WindowsClientTargetPlatform
[2017.10.23-14.05.59:524][  0]LogTemp: Display: Loaded TP WindowsNoEditorTargetPlatform
[2017.10.23-14.05.59:610][  0]LogTemp: Display: Loaded TP WindowsServerTargetPlatform
[2017.10.23-14.05.59:693][  0]LogTemp: Display: Loaded TP WindowsTargetPlatform
[2017.10.23-14.05.59:693][  0]LogTargetPlatformManager: Display: Building Assets For Windows
[2017.10.23-14.06.00:712][  0]LogDerivedDataCache: Display: Max Cache Size: 512 MB
[2017.10.23-14.06.00:836][  0]LogDerivedDataCache: Loaded boot cache 0.12s 93MB C:/Users/Leszek/AppData/Local/UnrealEngine/4.17/DerivedDataCache/Boot.ddc.
[2017.10.23-14.06.00:836][  0]LogDerivedDataCache: Display: Loaded Boot cache: C:/Users/Leszek/AppData/Local/UnrealEngine/4.17/DerivedDataCache/Boot.ddc
[2017.10.23-14.06.00:836][  0]LogDerivedDataCache: FDerivedDataBackendGraph:  Pak pak cache file ../../../../../../Users/Leszek/Documents/Unreal Projects/ThirdPersonProject/DerivedDataCache/DDC.ddp not found, will not use a pak cache.
[2017.10.23-14.06.00:836][  0]LogDerivedDataCache: Unable to find inner node Pak for hierarchical cache Hierarchy.
[2017.10.23-14.06.00:836][  0]LogDerivedDataCache: FDerivedDataBackendGraph:  CompressedPak pak cache file ../../../../../../Users/Leszek/Documents/Unreal Projects/ThirdPersonProject/DerivedDataCache/Compressed.ddp not found, will not use a pak cache.
[2017.10.23-14.06.00:836][  0]LogDerivedDataCache: Unable to find inner node CompressedPak for hierarchical cache Hierarchy.
[2017.10.23-14.06.00:854][  0]LogDerivedDataCache: Display: Pak cache opened for reading ../../../Engine/DerivedDataCache/Compressed.ddp.
[2017.10.23-14.06.00:866][  0]LogDerivedDataCache: Using Local data cache path C:/Users/Leszek/AppData/Local/UnrealEngine/Common/DerivedDataCache: Writable
[2017.10.23-14.06.00:867][  0]LogMaterial: Verifying Global Shaders for PCD3D_ES2
[2017.10.23-14.06.01:273][  0]LogSlate: Using Freetype 2.6.0
[2017.10.23-14.06.01:275][  0]LogSlate: SlateFontCache - WITH_FREETYPE: 1, WITH_HARFBUZZ: 1
[2017.10.23-14.06.01:275][  0]LogSlate: SlateFontCache - WITH_FREETYPE: 1, WITH_HARFBUZZ: 1
[2017.10.23-14.06.01:590][  0]LogAssetRegistry: FAssetRegistry took 0.0049 seconds to start up
[2017.10.23-14.06.01:669][  0]LogPackageLocalizationCache: Processed 5 localized package path(s) for 2 prioritized culture(s) in 0.019954 seconds
[2017.10.23-14.06.01:797][  0]LogInit: Selected Device Profile: [Windows]
[2017.10.23-14.06.01:959][  0]LogContentStreaming: Texture pool size is 1000.00 MB
[2017.10.23-14.06.01:997][  0]LogMaterial: Missing cached shader map for material WorldGridMaterial, compiling. Is special engine material.
[2017.10.23-14.06.59:538][  0]LogMaterial: Missing cached shader map for material DefaultDeferredDecalMaterial, compiling. 
[2017.10.23-14.07.06:862][  0]LogMaterial: Missing cached shader map for material DefaultLightFunctionMaterial, compiling. 
[2017.10.23-14.07.07:012][  0]LogMaterial: Missing cached shader map for material DefaultPostProcessMaterial, compiling. 
[2017.10.23-14.07.07:405][  0]LogMaterial: Missing cached shader map for material TransformGizmoMaterial, compiling. 
[2017.10.23-14.07.07:410][  0]LogMaterial: Missing cached shader map for material TranslucentTransformGizmoMaterial, compiling. 
[2017.10.23-14.07.07:419][  0]LogMaterial: Missing cached shader map for material SnapGridMaterial, compiling. 
[2017.10.23-14.07.08:074][  0]LogSimplygon: Simplygon DLL not present - disabling.
[2017.10.23-14.07.08:186][  0]LogMeshReduction: Using SimplygonSwarm for distributed automatic mesh merging
[2017.10.23-14.07.08:186][  0]LogMeshReduction: Using QuadricMeshReduction for automatic static mesh reduction
[2017.10.23-14.07.08:186][  0]LogMeshReduction: No automatic skeletal mesh reduction module available
[2017.10.23-14.07.08:186][  0]LogMeshReduction: No automatic mesh merging module available
[2017.10.23-14.07.08:186][  0]LogMeshMerging: No automatic mesh merging module available
[2017.10.23-14.07.08:261][  0]LogMaterial: Missing cached shader map for material Xray, compiling. 
[2017.10.23-14.07.08:299][  0]LogMaterial: Missing cached shader map for material Main, compiling. 
[2017.10.23-14.07.08:325][  0]LogMaterial: Missing cached shader map for material CineMat, compiling. 
[2017.10.23-14.07.08:443][  0]LogMaterial: Missing cached shader map for material MatineeCam_mat, compiling. 
[2017.10.23-14.07.08:514][  0]LogMaterial: Missing cached shader map for material M_SimpleOpaque, compiling. 
[2017.10.23-14.07.08:574][  0]LogMaterial: Missing cached shader map for material M_SimpleTranslucent, compiling. 
[2017.10.23-14.07.08:700][  0]LogMaterial: Missing cached shader map for material Widget3DPassThrough, compiling. 
[2017.10.23-14.07.08:711][  0]LogMaterial: Missing cached shader map for material Widget3DPassThrough, compiling. 
[2017.10.23-14.07.08:736][  0]LogMaterial: Missing cached shader map for material Widget3DPassThrough, compiling. 
[2017.10.23-14.07.08:751][  0]LogMaterial: Missing cached shader map for material Widget3DPassThrough, compiling. 
[2017.10.23-14.07.08:761][  0]LogMaterial: Missing cached shader map for material Widget3DPassThrough, compiling. 
[2017.10.23-14.07.08:782][  0]LogMaterial: Missing cached shader map for material Widget3DPassThrough, compiling. 
[2017.10.23-14.07.08:970][  0]LogMaterial: Missing cached shader map for material SkySphereMaterial, compiling. 
[2017.10.23-14.07.08:995][  0]LogMaterial: Missing cached shader map for material FloorPlaneMaterial, compiling. 
[2017.10.23-14.07.09:191][  0]LogMaterial: Missing cached shader map for material LandscapeGizmo_Mat, compiling. 
[2017.10.23-14.07.09:223][  0]LogMaterial: Missing cached shader map for material LandscapeGizmoHeight_Mat, compiling. 
[2017.10.23-14.07.09:309][  0]LogMaterial: Missing cached shader map for material SplineEditorMeshMat, compiling. 
[2017.10.23-14.07.09:353][  0]LogNetVersion: ThirdPersonProject , NetCL: 3573198, EngineNetVer: 2, GameNetVer: 0 (Checksum: 1977349515)
[2017.10.23-14.07.09:413][  0]LogMaterial: Missing cached shader map for material HelpActorMaterial, compiling. 
[2017.10.23-14.07.09:584][  0]LogMaterial: Missing cached shader map for material DefaultTextMaterialOpaque, compiling. 
[2017.10.23-14.07.09:785][  0]LogMaterial: Missing cached shader map for material GearVRControllerMaterial, compiling. 
[2017.10.23-14.07.10:006][  0]LogInit: WinSock: version 1.1 (2.2), MaxSocks=32767, MaxUdp=65467
[2017.10.23-14.07.12:302][  0]LogMaterial: Missing cached shader map for material VivePreControllerMaterial, compiling. 
[2017.10.23-14.07.12:346][  0]LogMaterial: Missing cached shader map for material OculusControllerMaterial, compiling. 
[2017.10.23-14.07.12:392][  0]LogMaterial: Missing cached shader map for material TeleportDirectionMaterial, compiling. 
[2017.10.23-14.07.12:463][  0]LogMaterial: Missing cached shader map for material ArrowMaterial, compiling. 
[2017.10.23-14.07.12:508][  0]LogMaterial: Missing cached shader map for material LaserPointerMaterial, compiling. 
[2017.10.23-14.07.12:520][  0]LogMaterial: Missing cached shader map for material VRTextMaterial, compiling. 
[2017.10.23-14.07.12:535][  0]LogMaterial: Missing cached shader map for material GridPostProcess, compiling. 
[2017.10.23-14.07.12:544][  0]LogMaterial: Missing cached shader map for material LaserPointerMaterial, compiling. 
[2017.10.23-14.07.12:567][  0]LogMaterial: Missing cached shader map for material GridMaterial, compiling. 
[2017.10.23-14.07.12:585][  0]LogMaterial: Missing cached shader map for material FlattenHeightMat, compiling. 
[2017.10.23-14.07.12:601][  0]LogMaterial: Missing cached shader map for material M_ContentWindow, compiling. 
[2017.10.23-14.07.12:652][  0]LogMaterial: Missing cached shader map for material KeyDiskMaterial, compiling. 
[2017.10.23-14.07.12:683][  0]LogMaterial: Missing cached shader map for material GenericHMDMaterial, compiling. 
[2017.10.23-14.07.12:741][  0]LogMaterial: Missing cached shader map for material LineMaterial, compiling. 
[2017.10.23-14.07.12:761][  0]LogMaterial: Missing cached shader map for material VRTextMaterial, compiling. 
[2017.10.23-14.07.13:654][  0]LogMoviePlayer: Initializing movie player
[2017.10.23-14.07.14:018][  0]LogMaterial: Missing cached shader map for material DefaultSpriteMaterial, compiling. 
[2017.10.23-14.07.14:035][  0]LogMaterial: Missing cached shader map for material DefaultSpriteMaterial, compiling. 
[2017.10.23-14.07.14:470][  0]LogCollectionManager: Loaded 0 collections in 0.002381 seconds
[2017.10.23-14.07.14:564][  0]LogFileCache: Scanning file cache for directory 'C:/Users/Leszek/Documents/Unreal Projects/ThirdPersonProject/Saved/Collections/' took 0.01s
[2017.10.23-14.07.14:564][  0]LogFileCache: Scanning file cache for directory 'C:/Users/Leszek/Documents/Unreal Projects/ThirdPersonProject/Content/Developers/Leszek/Collections/' took 0.01s
[2017.10.23-14.07.14:564][  0]LogFileCache: Scanning file cache for directory 'C:/Users/Leszek/Documents/Unreal Projects/ThirdPersonProject/Content/Collections/' took 0.01s
[2017.10.23-14.07.14:564][  0]LogCollectionManager: Rebuilt the object cache for 0 collections in 0.000001 seconds (found 0 objects)
[2017.10.23-14.07.14:564][  0]LogCollectionManager: Fixed up redirectors for 0 collections in 0.000145 seconds (updated 0 objects)
[2017.10.23-14.07.14:998][  0]LogTcpMessaging: Initializing TcpMessaging bridge
[2017.10.23-14.07.15:085][  0]LogUdpMessaging: Initializing bridge on interface 0.0.0.0:0 to multicast group 230.0.0.1:6666.
[2017.10.23-14.07.15:653][  0]LogMaterial: Missing cached shader map for material DefaultMaterial, compiling. 
[2017.10.23-14.07.16:361][  0]SourceControl: Source control is disabled
[2017.10.23-14.07.16:361][  0]SourceControl: Source control is disabled
[2017.10.23-14.07.16:487][  0]SourceControl: Source control is disabled
[2017.10.23-14.07.17:199][  0]LogAndroidPermission: UAndroidPermissionCallbackProxy::GetInstance
[2017.10.23-14.07.17:828][  0]LogOcInput: OculusInput pre-init called
[2017.10.23-14.07.18:098][  0]LogUObjectArray: 38661 objects as part of root set at end of initial load.
[2017.10.23-14.07.18:098][  0]LogUObjectAllocator: 8461328 out of 0 bytes used by permanent object pool.
[2017.10.23-14.07.18:098][  0]LogUObjectArray: CloseDisregardForGC: 0/0 objects in disregard for GC pool
[2017.10.23-14.07.18:295][  0]LogMaterial: Missing cached shader map for material HighResScreenshot, compiling. 
[2017.10.23-14.07.18:316][  0]LogMaterial: Missing cached shader map for material HighResScreenshotMask, compiling. 
[2017.10.23-14.07.18:337][  0]LogMaterial: Missing cached shader map for material HighResScreenshotCaptureRegion, compiling. 
[2017.10.23-14.07.18:367][  0]LogEngine: Initializing Engine...
[2017.10.23-14.07.18:370][  0]LogHMD: Failed to initialize OpenVR with code 110
[2017.10.23-14.07.18:391][  0]LogMaterial: Missing cached shader map for material WireframeMaterial, compiling. Is special engine material.
[2017.10.23-14.07.18:516][  0]LogMaterial: Missing cached shader map for material LevelColorationLitMaterial, compiling. Is special engine material.
[2017.10.23-14.07.19:183][  0]LogMaterial: Missing cached shader map for material LevelColorationUnlitMaterial, compiling. Is special engine material.
[2017.10.23-14.07.19:284][  0]LogMaterial: Missing cached shader map for material MAT_LevelColorationLitLightmapUV, compiling. Is special engine material.
[2017.10.23-14.07.19:954][  0]LogMaterial: Missing cached shader map for material ShadedLevelColorationLitMaterial, compiling. Is special engine material.
[2017.10.23-14.07.20:620][  0]LogMaterial: Missing cached shader map for material ShadedLevelColorationUnlitMateri, compiling. Is special engine material.
[2017.10.23-14.07.20:713][  0]LogMaterial: Missing cached shader map for material VertexColorMaterial, compiling. 
[2017.10.23-14.07.20:837][  0]LogMaterial: Missing cached shader map for material VertexColorViewMode_ColorOnly, compiling. 
[2017.10.23-14.07.20:853][  0]LogMaterial: Missing cached shader map for material VertexColorViewMode_AlphaAsColor, compiling. 
[2017.10.23-14.07.20:869][  0]LogMaterial: Missing cached shader map for material VertexColorViewMode_RedOnly, compiling. 
[2017.10.23-14.07.20:887][  0]LogMaterial: Missing cached shader map for material VertexColorViewMode_GreenOnly, compiling. 
[2017.10.23-14.07.20:904][  0]LogMaterial: Missing cached shader map for material VertexColorViewMode_BlueOnly, compiling. 
[2017.10.23-14.07.20:919][  0]LogMaterial: Missing cached shader map for material RemoveSurfaceMaterial, compiling. 
[2017.10.23-14.07.20:928][  0]LogMaterial: Missing cached shader map for material DebugMeshMaterial, compiling. 
[2017.10.23-14.07.20:946][  0]LogMaterial: Missing cached shader map for material M_InvalidLightmapSettings, compiling. 
[2017.10.23-14.07.21:029][  0]LogMaterial: Missing cached shader map for material GizmoMaterial, compiling. 
[2017.10.23-14.07.21:041][  0]LogMaterial: Missing cached shader map for material PhAT_JointLimitMaterial, compiling. 
[2017.10.23-14.07.21:197][  0]LogStats: UGameplayTagsManager::ConstructGameplayTagTree: Construct from data asset -  0.000 s
[2017.10.23-14.07.21:198][  0]LogStats: UGameplayTagsManager::ConstructGameplayTagTree: GameplayTagTreeChangedEvent.Broadcast -  0.000 s
[2017.10.23-14.07.21:213][  0]LogInit: XAudio2 using 'BenQ GL2450H (Intel(R) Display Audio)' : 2 channels at 48 kHz using 16 bits per sample (channel mask 0x3)
[2017.10.23-14.07.21:249][  0]LogInit: FAudioDevice initialized.
[2017.10.23-14.07.21:278][  0]LogInit: Texture streaming: Enabled
[2017.10.23-14.07.21:283][  0]LogMaterial: Missing cached shader map for material BaseColor, compiling. 
[2017.10.23-14.07.21:283][  0]LogMaterial: Warning: Failed to compile Material /Engine/BufferVisualization/BaseColor.BaseColor for platform PCD3D_ES2, Default Material will be used in game.
[2017.10.23-14.07.21:283][  0]LogMaterial: Warning: 	(Node FeatureLevelSwitch) Feature Level switch missing default input
[2017.10.23-14.07.21:288][  0]LogMaterial: Missing cached shader map for material CustomDepth, compiling. 
[2017.10.23-14.07.21:315][  0]LogMaterial: Uniform references updated for custom material expression Custom.
[2017.10.23-14.07.21:320][  0]LogMaterial: Missing cached shader map for material CustomStencil, compiling. 
[2017.10.23-14.07.21:330][  0]LogMaterial: Missing cached shader map for material FinalImage, compiling. 
[2017.10.23-14.07.21:341][  0]LogMaterial: Missing cached shader map for material LightingModel, compiling. 
[2017.10.23-14.07.21:352][  0]LogMaterial: Missing cached shader map for material MaterialAO, compiling. 
[2017.10.23-14.07.21:364][  0]LogMaterial: Missing cached shader map for material Metallic, compiling. 
[2017.10.23-14.07.21:374][  0]LogMaterial: Missing cached shader map for material Opacity, compiling. 
[2017.10.23-14.07.21:386][  0]LogMaterial: Missing cached shader map for material Roughness, compiling. 
[2017.10.23-14.07.21:397][  0]LogMaterial: Missing cached shader map for material SceneColor, compiling. 
[2017.10.23-14.07.21:416][  0]LogMaterial: Missing cached shader map for material SceneDepth, compiling. 
[2017.10.23-14.07.21:427][  0]LogMaterial: Missing cached shader map for material SeparateTranslucencyRGB, compiling. 
[2017.10.23-14.07.21:440][  0]LogMaterial: Missing cached shader map for material SeparateTranslucencyA, compiling. 
[2017.10.23-14.07.21:452][  0]LogMaterial: Missing cached shader map for material Specular, compiling. 
[2017.10.23-14.07.21:452][  0]LogMaterial: Warning: Failed to compile Material /Engine/BufferVisualization/Specular.Specular for platform PCD3D_ES2, Default Material will be used in game.
[2017.10.23-14.07.21:452][  0]LogMaterial: Warning: 	(Node FeatureLevelSwitch) Feature Level switch missing default input
[2017.10.23-14.07.21:457][  0]LogMaterial: Missing cached shader map for material SubsurfaceColor, compiling. 
[2017.10.23-14.07.21:467][  0]LogMaterial: Missing cached shader map for material WorldNormal, compiling. 
[2017.10.23-14.07.21:477][  0]LogMaterial: Missing cached shader map for material AmbientOcclusion, compiling. 
[2017.10.23-14.07.21:496][  0]LogMaterial: Missing cached shader map for material CustomDepthWorldUnits, compiling. 
[2017.10.23-14.07.21:506][  0]LogMaterial: Missing cached shader map for material SceneDepthWorldUnits, compiling. 
[2017.10.23-14.07.21:518][  0]LogMaterial: Missing cached shader map for material PreTonemapHDRColor, compiling. 
[2017.10.23-14.07.21:529][  0]LogMaterial: Missing cached shader map for material PostTonemapHDRColor, compiling. 
[2017.10.23-14.07.22:046][  0]LogSlateStyle: Warning: Unable to find Slate Widget Style 'NormalText'. Using FTextBlockStyle defaults instead.
[2017.10.23-14.07.22:046][  0]LogSlateStyle: Warning: Unable to find Slate Widget Style 'SpinBox'. Using FSpinBoxStyle defaults instead.
[2017.10.23-14.07.22:615][  0]LogInit: Display: Game Engine Initialized.
[2017.10.23-14.07.22:615][  0]LogGameplayTags: Display: UGameplayTagsManager::DoneAddingNativeTags. DelegateIsBound: 0
[2017.10.23-14.07.23:030][  0]LogInit: Display: Starting Game.
[2017.10.23-14.07.23:030][  0]LogNet: Browse: /Temp/Autosaves/Game/StarterContent/Maps/UEDPCMinimal_Default?Name=Player
[2017.10.23-14.07.23:030][  0]LogLoad: LoadMap: /Temp/Autosaves/Game/StarterContent/Maps/UEDPCMinimal_Default?Name=Player
[2017.10.23-14.07.23:056][  0]LogMemory: Platform Memory Stats for Windows
[2017.10.23-14.07.23:056][  0]LogMemory: Process Physical Memory: 1372.50 MB used, 1494.20 MB peak
[2017.10.23-14.07.23:057][  0]LogMemory: Process Virtual Memory: 1506.09 MB used, 1554.62 MB peak
[2017.10.23-14.07.23:057][  0]LogMemory: Physical Memory: 9626.73 MB used,  6609.21 MB free, 16235.95 MB total
[2017.10.23-14.07.23:057][  0]LogMemory: Virtual Memory: 2187.92 MB used,  6609.21 MB free, 134217728.00 MB total
[2017.10.23-14.07.23:057][  0]LogMemory: 
[2017.10.23-14.07.23:057][  0]Allocator Stats for TBB: (not implemented)
[2017.10.23-14.07.23:456][  0]LogMaterial: Missing cached shader map for material M_Sky_Panning_Clouds2, compiling. 
[2017.10.23-14.07.23:495][  0]LogMaterial: Missing cached shader map for material Character_Material, compiling. 
[2017.10.23-14.07.23:601][  0]LogMaterial: Missing cached shader map for material M_Basic_Floor, compiling. 
[2017.10.23-14.07.23:670][  0]LogMaterial: Missing cached shader map for material M_Statue, compiling. 
[2017.10.23-14.07.23:741][  0]LogMaterial: Missing cached shader map for material M_TableRound, compiling. 
[2017.10.23-14.07.23:833][  0]LogMaterial: Missing cached shader map for material M_StatueGlass, compiling. 
[2017.10.23-14.07.23:910][  0]LogMaterial: Missing cached shader map for material M_Chair, compiling. 
[2017.10.23-14.07.23:982][  0]LogMaterial: Missing cached shader map for material M_Tech_Hex_Tile, compiling. 
[2017.10.23-14.07.24:054][  0]LogMaterial: Missing cached shader map for material M_Metal_Burnished_Steel, compiling. 
[2017.10.23-14.07.24:468][  0]LogAIModule: Creating AISystem for world Minimal_Default
[2017.10.23-14.07.24:469][  0]LogLoad: Game class is 'MyGame_C'
[2017.10.23-14.07.24:625][  0]LogWorld: Bringing World /Temp/Autosaves/Game/StarterContent/Maps/UEDPCMinimal_Default.Minimal_Default up for play (max tick rate 0) at 2017.10.23-15.07.24
[2017.10.23-14.07.24:626][  0]LogWorld: Bringing up level for play took: 0.005879
[2017.10.23-14.07.24:630][  0]LogGameMode: FindPlayerStart: PATHS NOT DEFINED or NO PLAYERSTART with positive rating
[2017.10.23-14.07.24:645][  0]LogLoad: Took 1.614656 seconds to LoadMap(/Temp/Autosaves/Game/StarterContent/Maps/UEDPCMinimal_Default)
[2017.10.23-14.07.25:125][  0]LogRenderer: Reallocating scene render targets to support 1280x720 Format 10 NumSamples 1 (Frame:1).
[2017.10.23-14.07.25:125][  0]LogLoad: (Engine Initialization) Total time: 93.07 seconds
[2017.10.23-14.07.25:125][  0]LogLoad: (Engine Initialization) Total Blueprint compile time: 0.00 seconds
[2017.10.23-14.07.25:126][  0]LogExternalProfiler: No external profilers were discovered.  External profiling features will not be available.
[2017.10.23-14.07.25:144][  0]LogWindowsTextInputMethodSystem: Display: IME system now deactivated.
[2017.10.23-14.18.00:213][332]LogEngine: All Windows Closed
[2017.10.23-14.18.00:214][332]LogWindows: FPlatformMisc::RequestExit(0)
[2017.10.23-14.18.00:568][333]LogExit: Preparing to exit.
[2017.10.23-14.18.00:568][333]LogMoviePlayer: Shutting down movie player
[2017.10.23-14.18.01:620][333]LogExit: Game engine shut down
[2017.10.23-14.18.01:671][333]LogExit: Object subsystem successfully closed.
[2017.10.23-14.18.01:702][333]LogD3D11RHI: Shutdown
[2017.10.23-14.18.01:702][333]LogD3D11RHI: CleanupD3DDevice
[2017.10.23-14.18.01:743][333]LogD3D11RHI: ~FD3D11DynamicRHI
[2017.10.23-14.18.01:755][333]LogModuleManager: Shutting down and abandoning module SequenceRecorderSections (304)
[2017.10.23-14.18.01:755][333]LogModuleManager: Shutting down and abandoning module SequenceRecorder (302)
[2017.10.23-14.18.01:755][333]LogModuleManager: Shutting down and abandoning module AutomationController (300)
[2017.10.23-14.18.01:755][333]LogModuleManager: Shutting down and abandoning module AutomationWorker (298)
[2017.10.23-14.18.01:755][333]LogModuleManager: Shutting down and abandoning module AIModule (296)
[2017.10.23-14.18.01:755][333]LogModuleManager: Shutting down and abandoning module GameplayDebugger (295)
[2017.10.23-14.18.01:755][333]LogModuleManager: Shutting down and abandoning module AITestSuite (293)
[2017.10.23-14.18.01:755][333]LogModuleManager: Shutting down and abandoning module WmfMediaFactory (290)
[2017.10.23-14.18.01:755][333]LogModuleManager: Shutting down and abandoning module AvfMediaFactory (288)
[2017.10.23-14.18.01:755][333]LogModuleManager: Shutting down and abandoning module AndroidMediaFactory (286)
[2017.10.23-14.18.01:755][333]LogModuleManager: Shutting down and abandoning module Media (285)
[2017.10.23-14.18.01:755][333]LogModuleManager: Shutting down and abandoning module CharacterAI (282)
[2017.10.23-14.18.01:755][333]LogModuleManager: Shutting down and abandoning module SessionServices (280)
[2017.10.23-14.18.01:756][333]LogModuleManager: Shutting down and abandoning module MovieSceneCapture (278)
[2017.10.23-14.18.01:756][333]LogModuleManager: Shutting down and abandoning module MovieSceneTracks (276)
[2017.10.23-14.18.01:756][333]LogModuleManager: Shutting down and abandoning module MovieScene (274)
[2017.10.23-14.18.01:756][333]LogModuleManager: Shutting down and abandoning module GeometryCache (272)
[2017.10.23-14.18.01:756][333]LogModuleManager: Shutting down and abandoning module GeometryCacheEd (271)
[2017.10.23-14.18.01:756][333]LogModuleManager: Shutting down and abandoning module Niagara (268)
[2017.10.23-14.18.01:756][333]LogModuleManager: Shutting down and abandoning module NiagaraEditor (267)
[2017.10.23-14.18.01:756][333]LogModuleManager: Shutting down and abandoning module StreamingPauseRendering (264)
[2017.10.23-14.18.01:756][333]LogModuleManager: Shutting down and abandoning module PortalServices (262)
[2017.10.23-14.18.01:756][333]LogModuleManager: Shutting down and abandoning module PortalRpc (260)
[2017.10.23-14.18.01:756][333]LogModuleManager: Shutting down and abandoning module MessagingRpc (258)
[2017.10.23-14.18.01:756][333]LogModuleManager: Shutting down and abandoning module ProfilerService (256)
[2017.10.23-14.18.01:771][333]LogModuleManager: Shutting down and abandoning module TaskGraph (254)
[2017.10.23-14.18.01:771][333]LogModuleManager: Shutting down and abandoning module SteamVRController (252)
[2017.10.23-14.18.01:771][333]LogModuleManager: Shutting down and abandoning module ProceduralMeshComponent (250)
[2017.10.23-14.18.01:771][333]LogModuleManager: Shutting down and abandoning module OculusInput (248)
[2017.10.23-14.18.01:771][333]LogModuleManager: Shutting down and abandoning module MobilePatchingUtils (246)
[2017.10.23-14.18.01:771][333]LogModuleManager: Shutting down and abandoning module CustomMeshComponent (244)
[2017.10.23-14.18.01:771][333]LogModuleManager: Shutting down and abandoning module CableComponent (242)
[2017.10.23-14.18.01:771][333]LogModuleManager: Shutting down and abandoning module ArchVisCharacter (240)
[2017.10.23-14.18.01:771][333]LogModuleManager: Shutting down and abandoning module AndroidPermission (238)
[2017.10.23-14.18.01:771][333]LogModuleManager: Shutting down and abandoning module HTML5Networking (234)
[2017.10.23-14.18.01:771][333]LogModuleManager: Shutting down and abandoning module VisualStudioSourceCodeAccess (232)
[2017.10.23-14.18.01:771][333]LogModuleManager: Shutting down and abandoning module DesktopPlatform (231)
[2017.10.23-14.18.01:771][333]LogModuleManager: Shutting down and abandoning module HotReload (229)
[2017.10.23-14.18.01:771][333]LogModuleManager: Shutting down and abandoning module UObjectPlugin (226)
[2017.10.23-14.18.01:771][333]LogModuleManager: Shutting down and abandoning module SubversionSourceControl (224)
[2017.10.23-14.18.01:771][333]LogModuleManager: Shutting down and abandoning module PerforceSourceControl (222)
[2017.10.23-14.18.01:771][333]LogModuleManager: Shutting down and abandoning module SourceControl (221)
[2017.10.23-14.18.01:772][333]LogModuleManager: Shutting down and abandoning module RuntimePhysXCooking (218)
[2017.10.23-14.18.01:772][333]LogModuleManager: Shutting down and abandoning module PhysXVehiclesEditor (216)
[2017.10.23-14.18.01:772][333]LogModuleManager: Shutting down and abandoning module PhysXVehicles (214)
[2017.10.23-14.18.01:772][333]LogModuleManager: Shutting down and abandoning module LocationServicesBPLibrary (212)
[2017.10.23-14.18.01:772][333]LogModuleManager: Shutting down and abandoning module ImmediatePhysicsEditor (210)
[2017.10.23-14.18.01:772][333]LogModuleManager: Shutting down and abandoning module ImmediatePhysics (208)
[2017.10.23-14.18.01:772][333]LogModuleManager: Shutting down and abandoning module UdpMessaging (206)
[2017.10.23-14.18.01:873][333]LogModuleManager: Shutting down and abandoning module TcpMessaging (204)
[2017.10.23-14.18.02:195][333]LogModuleManager: Shutting down and abandoning module GameplayTagsEditor (202)
[2017.10.23-14.18.02:195][333]LogModuleManager: Shutting down and abandoning module FacialAnimation (200)
[2017.10.23-14.18.02:195][333]LogModuleManager: Shutting down and abandoning module AssetManagerEditor (198)
[2017.10.23-14.18.02:195][333]LogModuleManager: Shutting down and abandoning module GraphEditor (197)
[2017.10.23-14.18.02:195][333]LogModuleManager: Shutting down and abandoning module ContentBrowser (195)
[2017.10.23-14.18.02:195][333]LogModuleManager: Shutting down and abandoning module CollectionManager (194)
[2017.10.23-14.18.02:195][333]LogDirectoryWatcher: A directory notification for 'C:/Users/Leszek/Documents/Unreal Projects/ThirdPersonProject/Content/Collections/' was aborted.
[2017.10.23-14.18.02:195][333]LogDirectoryWatcher: A directory notification for 'C:/Users/Leszek/Documents/Unreal Projects/ThirdPersonProject/Content/Developers/Leszek/Collections/' was aborted.
[2017.10.23-14.18.02:196][333]LogDirectoryWatcher: A directory notification for 'C:/Users/Leszek/Documents/Unreal Projects/ThirdPersonProject/Saved/Collections/' was aborted.
[2017.10.23-14.18.02:196][333]LogModuleManager: Shutting down and abandoning module DirectoryWatcher (193)
[2017.10.23-14.18.02:197][333]LogModuleManager: Shutting down and abandoning module LightPropagationVolumeRuntime (188)
[2017.10.23-14.18.02:197][333]LogModuleManager: Shutting down and abandoning module Paper2D (186)
[2017.10.23-14.18.02:197][333]LogModuleManager: Shutting down and abandoning module WindowsMoviePlayer (184)
[2017.10.23-14.18.02:197][333]LogModuleManager: Shutting down and abandoning module WmfMedia (182)
[2017.10.23-14.18.02:197][333]LogModuleManager: Shutting down and abandoning module PacketHandler (180)
[2017.10.23-14.18.02:197][333]LogModuleManager: Shutting down and abandoning module ClothingSystemEditor (178)
[2017.10.23-14.18.02:197][333]LogModuleManager: Shutting down and abandoning module ClothingSystemRuntime (176)
[2017.10.23-14.18.02:197][333]LogModuleManager: Shutting down and abandoning module Overlay (174)
[2017.10.23-14.18.02:197][333]LogModuleManager: Shutting down and abandoning module OverlayEditor (173)
[2017.10.23-14.18.02:197][333]LogModuleManager: Shutting down and abandoning module MediaAssets (170)
[2017.10.23-14.18.02:197][333]LogModuleManager: Shutting down and abandoning module VREditor (168)
[2017.10.23-14.18.02:197][333]LogModuleManager: Shutting down and abandoning module StringTableEditor (166)
[2017.10.23-14.18.02:197][333]LogModuleManager: Shutting down and abandoning module GameplayTasksEditor (164)
[2017.10.23-14.18.02:197][333]LogModuleManager: Shutting down and abandoning module BehaviorTreeEditor (162)
[2017.10.23-14.18.02:197][333]LogModuleManager: Shutting down and abandoning module FunctionalTesting (160)
[2017.10.23-14.18.02:197][333]LogModuleManager: Shutting down and abandoning module CollisionAnalyzer (158)
[2017.10.23-14.18.02:197][333]LogModuleManager: Shutting down and abandoning module WorkspaceMenuStructure (157)
[2017.10.23-14.18.02:198][333]LogModuleManager: Shutting down and abandoning module UMG (154)
[2017.10.23-14.18.02:198][333]LogModuleManager: Shutting down and abandoning module UMGEditor (153)
[2017.10.23-14.18.02:198][333]LogModuleManager: Shutting down and abandoning module Sequencer (152)
[2017.10.23-14.18.02:198][333]LogModuleManager: Shutting down and abandoning module MessageLog (149)
[2017.10.23-14.18.02:198][333]LogModuleManager: Shutting down and abandoning module SlateReflector (144)
[2017.10.23-14.18.02:198][333]LogModuleManager: Shutting down and abandoning module Slate (142)
[2017.10.23-14.18.02:198][333]LogModuleManager: Shutting down and abandoning module EditorStyle (140)
[2017.10.23-14.18.02:205][333]LogModuleManager: Shutting down and abandoning module MRMesh (138)
[2017.10.23-14.18.02:205][333]LogModuleManager: Shutting down and abandoning module Messaging (136)
[2017.10.23-14.18.02:205][333]LogModuleManager: Shutting down and abandoning module SourceCodeAccess (134)
[2017.10.23-14.18.02:205][333]LogModuleManager: Shutting down and abandoning module HeadMountedDisplay (132)
[2017.10.23-14.18.02:205][333]LogModuleManager: Shutting down and abandoning module XAudio2 (130)
[2017.10.23-14.18.02:205][333]LogModuleManager: Shutting down and abandoning module Networking (128)
[2017.10.23-14.18.02:205][333]LogModuleManager: Shutting down and abandoning module Core (124)
[2017.10.23-14.18.02:205][333]LogModuleManager: Shutting down and abandoning module KismetCompiler (122)
[2017.10.23-14.18.02:205][333]LogModuleManager: Shutting down and abandoning module LevelSequence (120)
[2017.10.23-14.18.02:205][333]LogModuleManager: Shutting down and abandoning module MeshUtilities (118)
[2017.10.23-14.18.02:205][333]LogModuleManager: Shutting down and abandoning module MeshMergeUtilities (117)
[2017.10.23-14.18.02:205][333]LogModuleManager: Shutting down and abandoning module MeshReductionInterface (116)
[2017.10.23-14.18.02:205][333]LogModuleManager: Shutting down and abandoning module SimplygonSwarm (115)
[2017.10.23-14.18.02:205][333]LogModuleManager: Shutting down and abandoning module SimplygonMeshReduction (113)
[2017.10.23-14.18.02:205][333]LogModuleManager: Shutting down and abandoning module QuadricMeshReduction (111)
[2017.10.23-14.18.02:205][333]LogModuleManager: Shutting down and abandoning module MaterialBaking (107)
[2017.10.23-14.18.02:206][333]LogModuleManager: Shutting down and abandoning module DerivedDataCache (102)
[2017.10.23-14.18.02:231][333]LogDerivedDataCache: Shutdown
[2017.10.23-14.18.02:231][333]LogModuleManager: Shutting down and abandoning module TargetPlatform (100)
[2017.10.23-14.18.02:231][333]LogModuleManager: Shutting down and abandoning module VulkanShaderFormat (99)
[2017.10.23-14.18.02:231][333]LogModuleManager: Shutting down and abandoning module ShaderFormatVectorVM (97)
[2017.10.23-14.18.02:231][333]LogModuleManager: Shutting down and abandoning module ShaderFormatOpenGL (95)
[2017.10.23-14.18.02:231][333]LogModuleManager: Shutting down and abandoning module ShaderFormatD3D (93)
[2017.10.23-14.18.02:231][333]LogModuleManager: Shutting down and abandoning module MetalShaderFormat (91)
[2017.10.23-14.18.02:231][333]LogModuleManager: Shutting down and abandoning module TextureFormatUncompressed (89)
[2017.10.23-14.18.02:231][333]LogModuleManager: Shutting down and abandoning module TextureFormatPVR (87)
[2017.10.23-14.18.02:231][333]LogModuleManager: Shutting down and abandoning module TextureFormatDXT (85)
[2017.10.23-14.18.02:231][333]LogModuleManager: Shutting down and abandoning module TextureFormatIntelISPCTexComp (83)
[2017.10.23-14.18.02:231][333]LogModuleManager: Shutting down and abandoning module TextureFormatASTC (81)
[2017.10.23-14.18.02:231][333]LogModuleManager: Shutting down and abandoning module ImageWrapper (80)
[2017.10.23-14.18.02:231][333]LogModuleManager: Shutting down and abandoning module TextureFormatAndroid (77)
[2017.10.23-14.18.02:232][333]LogModuleManager: Shutting down and abandoning module AudioFormatOpus (75)
[2017.10.23-14.18.02:232][333]LogModuleManager: Shutting down and abandoning module AudioFormatOgg (73)
[2017.10.23-14.18.02:232][333]LogModuleManager: Shutting down and abandoning module AudioFormatADPCM (71)
[2017.10.23-14.18.02:232][333]LogModuleManager: Shutting down and abandoning module WindowsTargetPlatform (69)
[2017.10.23-14.18.02:232][333]LogModuleManager: Shutting down and abandoning module WindowsServerTargetPlatform (67)
[2017.10.23-14.18.02:232][333]LogModuleManager: Shutting down and abandoning module WindowsNoEditorTargetPlatform (65)
[2017.10.23-14.18.02:232][333]LogModuleManager: Shutting down and abandoning module WindowsClientTargetPlatform (63)
[2017.10.23-14.18.02:232][333]LogModuleManager: Shutting down and abandoning module InputCore (60)
[2017.10.23-14.18.02:232][333]LogModuleManager: Shutting down and abandoning module Settings (58)
[2017.10.23-14.18.02:232][333]LogModuleManager: Shutting down and abandoning module PhysXCooking (56)
[2017.10.23-14.18.02:232][333]LogModuleManager: Shutting down and abandoning module SteamVR (54)
[2017.10.23-14.18.02:232][333]LogModuleManager: Shutting down and abandoning module OculusHMD (52)
[2017.10.23-14.18.02:232][333]LogModuleManager: Shutting down and abandoning module ExampleDeviceProfileSelector (50)
[2017.10.23-14.18.02:232][333]LogModuleManager: Shutting down and abandoning module OnlineBlueprintSupport (48)
[2017.10.23-14.18.02:232][333]LogModuleManager: Shutting down and abandoning module OnlineSubsystem (44)
[2017.10.23-14.18.02:232][333]LogOnline: Display: Unloading online subsystem: NULL
[2017.10.23-14.18.02:232][333]LogModuleManager: Shutting down and abandoning module XMPP (43)
[2017.10.23-14.18.02:232][333]LogModuleManager: Shutting down and abandoning module HTTP (41)
[2017.10.23-14.18.02:234][333]LogModuleManager: Shutting down and abandoning module SSL (40)
[2017.10.23-14.18.02:236][333]LogModuleManager: Shutting down and abandoning module AnimationModifiers (36)
[2017.10.23-14.18.02:236][333]LogModuleManager: Shutting down and abandoning module PropertyEditor (35)
[2017.10.23-14.18.02:236][333]LogModuleManager: Shutting down and abandoning module AudioEditor (32)
[2017.10.23-14.18.02:236][333]LogModuleManager: Shutting down and abandoning module TextureCompressor (30)
[2017.10.23-14.18.02:236][333]LogModuleManager: Shutting down and abandoning module ShaderCore (28)
[2017.10.23-14.18.02:236][333]LogModuleManager: Shutting down and abandoning module Landscape (26)
[2017.10.23-14.18.02:236][333]LogModuleManager: Shutting down and abandoning module SlateRHIRenderer (24)
[2017.10.23-14.18.02:237][333]LogModuleManager: Shutting down and abandoning module OpenGLDrv (22)
[2017.10.23-14.18.02:237][333]LogModuleManager: Shutting down and abandoning module D3D11RHI (20)
[2017.10.23-14.18.02:237][333]LogModuleManager: Shutting down and abandoning module AnimGraphRuntime (18)
[2017.10.23-14.18.02:237][333]LogModuleManager: Shutting down and abandoning module Renderer (16)
[2017.10.23-14.18.02:237][333]LogModuleManager: Shutting down and abandoning module Engine (14)
[2017.10.23-14.18.02:237][333]LogModuleManager: Shutting down and abandoning module CoreUObject (12)
[2017.10.23-14.18.02:237][333]LogModuleManager: Shutting down and abandoning module NetworkFile (10)
[2017.10.23-14.18.02:237][333]LogModuleManager: Shutting down and abandoning module CookedIterativeFile (8)
[2017.10.23-14.18.02:237][333]LogModuleManager: Shutting down and abandoning module StreamingFile (6)
[2017.10.23-14.18.02:237][333]LogModuleManager: Shutting down and abandoning module SandboxFile (4)
[2017.10.23-14.18.02:237][333]LogModuleManager: Shutting down and abandoning module PakFile (2)
[2017.10.23-14.18.02:240][333]LogExit: Exiting.
[2017.10.23-14.18.02:242][333]Log file closed, 10/23/17 15:18:02
